<?xml version="1.0" encoding="utf-8"?>
<TestRun id="b08fbbf3-299a-4181-9bfb-d52ac3578bea" name="@super 2025-10-23 04:25:20" xmlns="http://microsoft.com/schemas/VisualStudio/TeamTest/2010">
  <Times creation="2025-10-23T04:25:20.7651731-04:00" queuing="2025-10-23T04:25:20.7651739-04:00" start="2025-10-23T04:25:16.6927636-04:00" finish="2025-10-23T04:25:21.7944944-04:00" />
  <TestSettings name="default" id="866a2572-1b23-43bd-acce-aec40ff6982d">
    <Deployment runDeploymentRoot="_super_2025-10-23_04_25_20" />
  </TestSettings>
  <Results>
    <UnitTestResult executionId="4f3a4313-7bbb-4382-9b41-dd599599dfa3" testId="1180e869-16b3-a540-d962-9757492cc042" testName="SuperPanel.WebAPI.Tests.BackupsControllerIntegrationTests.GetBackup_WithValidId_ShouldReturnBackup" computerName="super" duration="00:00:00.0174663" startTime="2025-10-23T04:25:20.8518641-04:00" endTime="2025-10-23T04:25:20.8518642-04:00" testType="13cdc9d9-ddb5-4fa4-a97d-d965ccfc6d4b" outcome="Failed" testListId="8c84fa94-04c1-424b-9868-57a2d4851a1d" relativeResultsDirectory="4f3a4313-7bbb-4382-9b41-dd599599dfa3">
      <Output>
        <ErrorInfo>
          <Message>Microsoft.EntityFrameworkCore.DbUpdateException : An error occurred while saving the entity changes. See the inner exception for details.
---- Microsoft.Data.Sqlite.SqliteException : SQLite Error 19: 'FOREIGN KEY constraint failed'.</Message>
          <StackTrace>   at Microsoft.EntityFrameworkCore.Update.ReaderModificationCommandBatch.ExecuteAsync(IRelationalConnection connection, CancellationToken cancellationToken)
   at Microsoft.EntityFrameworkCore.Update.Internal.BatchExecutor.ExecuteAsync(IEnumerable`1 commandBatches, IRelationalConnection connection, CancellationToken cancellationToken)
   at Microsoft.EntityFrameworkCore.Update.Internal.BatchExecutor.ExecuteAsync(IEnumerable`1 commandBatches, IRelationalConnection connection, CancellationToken cancellationToken)
   at Microsoft.EntityFrameworkCore.Update.Internal.BatchExecutor.ExecuteAsync(IEnumerable`1 commandBatches, IRelationalConnection connection, CancellationToken cancellationToken)
   at Microsoft.EntityFrameworkCore.ChangeTracking.Internal.StateManager.SaveChangesAsync(IList`1 entriesToSave, CancellationToken cancellationToken)
   at Microsoft.EntityFrameworkCore.ChangeTracking.Internal.StateManager.SaveChangesAsync(StateManager stateManager, Boolean acceptAllChangesOnSuccess, CancellationToken cancellationToken)
   at Microsoft.EntityFrameworkCore.DbContext.SaveChangesAsync(Boolean acceptAllChangesOnSuccess, CancellationToken cancellationToken)
   at Microsoft.EntityFrameworkCore.DbContext.SaveChangesAsync(Boolean acceptAllChangesOnSuccess, CancellationToken cancellationToken)
   at SuperPanel.WebAPI.Services.ServerService.CreateServerAsync(Server server) in /home/james/superpanel/superpanel/src/WebAPI/Services/ServerService.cs:line 48
   at SuperPanel.WebAPI.Controllers.ServersController.CreateServer(Server server) in /home/james/superpanel/superpanel/src/WebAPI/Controllers/ServersController.cs:line 86
   at lambda_method71(Closure, Object)
   at Microsoft.AspNetCore.Mvc.Infrastructure.ActionMethodExecutor.AwaitableObjectResultExecutor.Execute(ActionContext actionContext, IActionResultTypeMapper mapper, ObjectMethodExecutor executor, Object controller, Object[] arguments)
   at Microsoft.AspNetCore.Mvc.Infrastructure.ControllerActionInvoker.&lt;InvokeActionMethodAsync&gt;g__Awaited|12_0(ControllerActionInvoker invoker, ValueTask`1 actionResultValueTask)
   at Microsoft.AspNetCore.Mvc.Infrastructure.ControllerActionInvoker.&lt;InvokeNextActionFilterAsync&gt;g__Awaited|10_0(ControllerActionInvoker invoker, Task lastTask, State next, Scope scope, Object state, Boolean isCompleted)
   at Microsoft.AspNetCore.Mvc.Infrastructure.ControllerActionInvoker.Rethrow(ActionExecutedContextSealed context)
   at Microsoft.AspNetCore.Mvc.Infrastructure.ControllerActionInvoker.Next(State&amp; next, Scope&amp; scope, Object&amp; state, Boolean&amp; isCompleted)
   at Microsoft.AspNetCore.Mvc.Infrastructure.ControllerActionInvoker.InvokeInnerFilterAsync()
--- End of stack trace from previous location ---
   at Microsoft.AspNetCore.Mvc.Infrastructure.ResourceInvoker.&lt;InvokeFilterPipelineAsync&gt;g__Awaited|20_0(ResourceInvoker invoker, Task lastTask, State next, Scope scope, Object state, Boolean isCompleted)
   at Microsoft.AspNetCore.Mvc.Infrastructure.ResourceInvoker.&lt;InvokeAsync&gt;g__Awaited|17_0(ResourceInvoker invoker, Task task, IDisposable scope)
   at Microsoft.AspNetCore.Mvc.Infrastructure.ResourceInvoker.&lt;InvokeAsync&gt;g__Awaited|17_0(ResourceInvoker invoker, Task task, IDisposable scope)
   at Microsoft.AspNetCore.Authorization.AuthorizationMiddleware.Invoke(HttpContext context)
   at Microsoft.AspNetCore.Authentication.AuthenticationMiddleware.Invoke(HttpContext context)
   at Microsoft.AspNetCore.TestHost.HttpContextBuilder.&lt;&gt;c__DisplayClass23_0.&lt;&lt;SendAsync&gt;g__RunRequestAsync|0&gt;d.MoveNext()
--- End of stack trace from previous location ---
   at Microsoft.AspNetCore.TestHost.ClientHandler.SendAsync(HttpRequestMessage request, CancellationToken cancellationToken)
   at Microsoft.AspNetCore.Mvc.Testing.Handlers.CookieContainerHandler.SendAsync(HttpRequestMessage request, CancellationToken cancellationToken)
   at Microsoft.AspNetCore.Mvc.Testing.Handlers.RedirectHandler.SendAsync(HttpRequestMessage request, CancellationToken cancellationToken)
   at System.Net.Http.HttpClient.&lt;SendAsync&gt;g__Core|83_0(HttpRequestMessage request, HttpCompletionOption completionOption, CancellationTokenSource cts, Boolean disposeCts, CancellationTokenSource pendingRequestsCts, CancellationToken originalCancellationToken)
   at SuperPanel.WebAPI.Tests.BackupsControllerIntegrationTests.CreateTestServerAsync() in /home/james/superpanel/superpanel/src/SuperPanel.WebAPI.Tests/BackupsControllerIntegrationTests.cs:line 75
   at SuperPanel.WebAPI.Tests.BackupsControllerIntegrationTests.GetBackup_WithValidId_ShouldReturnBackup() in /home/james/superpanel/superpanel/src/SuperPanel.WebAPI.Tests/BackupsControllerIntegrationTests.cs:line 175
--- End of stack trace from previous location ---
----- Inner Stack Trace -----
   at Microsoft.Data.Sqlite.SqliteException.ThrowExceptionForRC(Int32 rc, sqlite3 db)
   at Microsoft.Data.Sqlite.SqliteDataReader.NextResult()
   at Microsoft.Data.Sqlite.SqliteCommand.ExecuteReader(CommandBehavior behavior)
   at Microsoft.Data.Sqlite.SqliteCommand.ExecuteReaderAsync(CommandBehavior behavior, CancellationToken cancellationToken)
   at Microsoft.Data.Sqlite.SqliteCommand.ExecuteDbDataReaderAsync(CommandBehavior behavior, CancellationToken cancellationToken)
   at Microsoft.EntityFrameworkCore.Storage.RelationalCommand.ExecuteReaderAsync(RelationalCommandParameterObject parameterObject, CancellationToken cancellationToken)
   at Microsoft.EntityFrameworkCore.Storage.RelationalCommand.ExecuteReaderAsync(RelationalCommandParameterObject parameterObject, CancellationToken cancellationToken)
   at Microsoft.EntityFrameworkCore.Update.ReaderModificationCommandBatch.ExecuteAsync(IRelationalConnection connection, CancellationToken cancellationToken)</StackTrace>
        </ErrorInfo>
      </Output>
    </UnitTestResult>
    <UnitTestResult executionId="30702128-c225-4151-96f1-a982bf51afed" testId="c6b3aef4-126b-1477-b501-7b1890516b06" testName="SuperPanel.WebAPI.Tests.BackupsControllerIntegrationTests.RestoreBackup_WithValidData_ShouldRestoreSuccessfully" computerName="super" duration="00:00:00.0266707" startTime="2025-10-23T04:25:20.8294348-04:00" endTime="2025-10-23T04:25:20.8294349-04:00" testType="13cdc9d9-ddb5-4fa4-a97d-d965ccfc6d4b" outcome="Failed" testListId="8c84fa94-04c1-424b-9868-57a2d4851a1d" relativeResultsDirectory="30702128-c225-4151-96f1-a982bf51afed">
      <Output>
        <ErrorInfo>
          <Message>Microsoft.EntityFrameworkCore.DbUpdateException : An error occurred while saving the entity changes. See the inner exception for details.
---- Microsoft.Data.Sqlite.SqliteException : SQLite Error 19: 'FOREIGN KEY constraint failed'.</Message>
          <StackTrace>   at Microsoft.EntityFrameworkCore.Update.ReaderModificationCommandBatch.ExecuteAsync(IRelationalConnection connection, CancellationToken cancellationToken)
   at Microsoft.EntityFrameworkCore.Update.Internal.BatchExecutor.ExecuteAsync(IEnumerable`1 commandBatches, IRelationalConnection connection, CancellationToken cancellationToken)
   at Microsoft.EntityFrameworkCore.Update.Internal.BatchExecutor.ExecuteAsync(IEnumerable`1 commandBatches, IRelationalConnection connection, CancellationToken cancellationToken)
   at Microsoft.EntityFrameworkCore.Update.Internal.BatchExecutor.ExecuteAsync(IEnumerable`1 commandBatches, IRelationalConnection connection, CancellationToken cancellationToken)
   at Microsoft.EntityFrameworkCore.ChangeTracking.Internal.StateManager.SaveChangesAsync(IList`1 entriesToSave, CancellationToken cancellationToken)
   at Microsoft.EntityFrameworkCore.ChangeTracking.Internal.StateManager.SaveChangesAsync(StateManager stateManager, Boolean acceptAllChangesOnSuccess, CancellationToken cancellationToken)
   at Microsoft.EntityFrameworkCore.DbContext.SaveChangesAsync(Boolean acceptAllChangesOnSuccess, CancellationToken cancellationToken)
   at Microsoft.EntityFrameworkCore.DbContext.SaveChangesAsync(Boolean acceptAllChangesOnSuccess, CancellationToken cancellationToken)
   at SuperPanel.WebAPI.Services.ServerService.CreateServerAsync(Server server) in /home/james/superpanel/superpanel/src/WebAPI/Services/ServerService.cs:line 48
   at SuperPanel.WebAPI.Controllers.ServersController.CreateServer(Server server) in /home/james/superpanel/superpanel/src/WebAPI/Controllers/ServersController.cs:line 86
   at lambda_method71(Closure, Object)
   at Microsoft.AspNetCore.Mvc.Infrastructure.ActionMethodExecutor.AwaitableObjectResultExecutor.Execute(ActionContext actionContext, IActionResultTypeMapper mapper, ObjectMethodExecutor executor, Object controller, Object[] arguments)
   at Microsoft.AspNetCore.Mvc.Infrastructure.ControllerActionInvoker.&lt;InvokeActionMethodAsync&gt;g__Awaited|12_0(ControllerActionInvoker invoker, ValueTask`1 actionResultValueTask)
   at Microsoft.AspNetCore.Mvc.Infrastructure.ControllerActionInvoker.&lt;InvokeNextActionFilterAsync&gt;g__Awaited|10_0(ControllerActionInvoker invoker, Task lastTask, State next, Scope scope, Object state, Boolean isCompleted)
   at Microsoft.AspNetCore.Mvc.Infrastructure.ControllerActionInvoker.Rethrow(ActionExecutedContextSealed context)
   at Microsoft.AspNetCore.Mvc.Infrastructure.ControllerActionInvoker.Next(State&amp; next, Scope&amp; scope, Object&amp; state, Boolean&amp; isCompleted)
   at Microsoft.AspNetCore.Mvc.Infrastructure.ControllerActionInvoker.InvokeInnerFilterAsync()
--- End of stack trace from previous location ---
   at Microsoft.AspNetCore.Mvc.Infrastructure.ResourceInvoker.&lt;InvokeFilterPipelineAsync&gt;g__Awaited|20_0(ResourceInvoker invoker, Task lastTask, State next, Scope scope, Object state, Boolean isCompleted)
   at Microsoft.AspNetCore.Mvc.Infrastructure.ResourceInvoker.&lt;InvokeAsync&gt;g__Awaited|17_0(ResourceInvoker invoker, Task task, IDisposable scope)
   at Microsoft.AspNetCore.Mvc.Infrastructure.ResourceInvoker.&lt;InvokeAsync&gt;g__Awaited|17_0(ResourceInvoker invoker, Task task, IDisposable scope)
   at Microsoft.AspNetCore.Authorization.AuthorizationMiddleware.Invoke(HttpContext context)
   at Microsoft.AspNetCore.Authentication.AuthenticationMiddleware.Invoke(HttpContext context)
   at Microsoft.AspNetCore.TestHost.HttpContextBuilder.&lt;&gt;c__DisplayClass23_0.&lt;&lt;SendAsync&gt;g__RunRequestAsync|0&gt;d.MoveNext()
--- End of stack trace from previous location ---
   at Microsoft.AspNetCore.TestHost.ClientHandler.SendAsync(HttpRequestMessage request, CancellationToken cancellationToken)
   at Microsoft.AspNetCore.Mvc.Testing.Handlers.CookieContainerHandler.SendAsync(HttpRequestMessage request, CancellationToken cancellationToken)
   at Microsoft.AspNetCore.Mvc.Testing.Handlers.RedirectHandler.SendAsync(HttpRequestMessage request, CancellationToken cancellationToken)
   at System.Net.Http.HttpClient.&lt;SendAsync&gt;g__Core|83_0(HttpRequestMessage request, HttpCompletionOption completionOption, CancellationTokenSource cts, Boolean disposeCts, CancellationTokenSource pendingRequestsCts, CancellationToken originalCancellationToken)
   at SuperPanel.WebAPI.Tests.BackupsControllerIntegrationTests.CreateTestServerAsync() in /home/james/superpanel/superpanel/src/SuperPanel.WebAPI.Tests/BackupsControllerIntegrationTests.cs:line 75
   at SuperPanel.WebAPI.Tests.BackupsControllerIntegrationTests.RestoreBackup_WithValidData_ShouldRestoreSuccessfully() in /home/james/superpanel/superpanel/src/SuperPanel.WebAPI.Tests/BackupsControllerIntegrationTests.cs:line 307
--- End of stack trace from previous location ---
----- Inner Stack Trace -----
   at Microsoft.Data.Sqlite.SqliteException.ThrowExceptionForRC(Int32 rc, sqlite3 db)
   at Microsoft.Data.Sqlite.SqliteDataReader.NextResult()
   at Microsoft.Data.Sqlite.SqliteCommand.ExecuteReader(CommandBehavior behavior)
   at Microsoft.Data.Sqlite.SqliteCommand.ExecuteReaderAsync(CommandBehavior behavior, CancellationToken cancellationToken)
   at Microsoft.Data.Sqlite.SqliteCommand.ExecuteDbDataReaderAsync(CommandBehavior behavior, CancellationToken cancellationToken)
   at Microsoft.EntityFrameworkCore.Storage.RelationalCommand.ExecuteReaderAsync(RelationalCommandParameterObject parameterObject, CancellationToken cancellationToken)
   at Microsoft.EntityFrameworkCore.Storage.RelationalCommand.ExecuteReaderAsync(RelationalCommandParameterObject parameterObject, CancellationToken cancellationToken)
   at Microsoft.EntityFrameworkCore.Update.ReaderModificationCommandBatch.ExecuteAsync(IRelationalConnection connection, CancellationToken cancellationToken)</StackTrace>
        </ErrorInfo>
      </Output>
    </UnitTestResult>
    <UnitTestResult executionId="3851c605-f28d-4f5b-83ff-9b80f416538d" testId="f497950e-24a6-ce66-72e9-49e1d3b026d8" testName="SuperPanel.WebAPI.Tests.BackupsControllerIntegrationTests.DeleteBackup_WithValidId_ShouldDeleteBackup" computerName="super" duration="00:00:00.0998313" startTime="2025-10-23T04:25:20.7987417-04:00" endTime="2025-10-23T04:25:20.7987419-04:00" testType="13cdc9d9-ddb5-4fa4-a97d-d965ccfc6d4b" outcome="Failed" testListId="8c84fa94-04c1-424b-9868-57a2d4851a1d" relativeResultsDirectory="3851c605-f28d-4f5b-83ff-9b80f416538d">
      <Output>
        <ErrorInfo>
          <Message>Microsoft.EntityFrameworkCore.DbUpdateException : An error occurred while saving the entity changes. See the inner exception for details.
---- Microsoft.Data.Sqlite.SqliteException : SQLite Error 19: 'FOREIGN KEY constraint failed'.</Message>
          <StackTrace>   at Microsoft.EntityFrameworkCore.Update.ReaderModificationCommandBatch.ExecuteAsync(IRelationalConnection connection, CancellationToken cancellationToken)
   at Microsoft.EntityFrameworkCore.Update.Internal.BatchExecutor.ExecuteAsync(IEnumerable`1 commandBatches, IRelationalConnection connection, CancellationToken cancellationToken)
   at Microsoft.EntityFrameworkCore.Update.Internal.BatchExecutor.ExecuteAsync(IEnumerable`1 commandBatches, IRelationalConnection connection, CancellationToken cancellationToken)
   at Microsoft.EntityFrameworkCore.Update.Internal.BatchExecutor.ExecuteAsync(IEnumerable`1 commandBatches, IRelationalConnection connection, CancellationToken cancellationToken)
   at Microsoft.EntityFrameworkCore.ChangeTracking.Internal.StateManager.SaveChangesAsync(IList`1 entriesToSave, CancellationToken cancellationToken)
   at Microsoft.EntityFrameworkCore.ChangeTracking.Internal.StateManager.SaveChangesAsync(StateManager stateManager, Boolean acceptAllChangesOnSuccess, CancellationToken cancellationToken)
   at Microsoft.EntityFrameworkCore.DbContext.SaveChangesAsync(Boolean acceptAllChangesOnSuccess, CancellationToken cancellationToken)
   at Microsoft.EntityFrameworkCore.DbContext.SaveChangesAsync(Boolean acceptAllChangesOnSuccess, CancellationToken cancellationToken)
   at SuperPanel.WebAPI.Services.ServerService.CreateServerAsync(Server server) in /home/james/superpanel/superpanel/src/WebAPI/Services/ServerService.cs:line 48
   at SuperPanel.WebAPI.Controllers.ServersController.CreateServer(Server server) in /home/james/superpanel/superpanel/src/WebAPI/Controllers/ServersController.cs:line 86
   at lambda_method71(Closure, Object)
   at Microsoft.AspNetCore.Mvc.Infrastructure.ActionMethodExecutor.AwaitableObjectResultExecutor.Execute(ActionContext actionContext, IActionResultTypeMapper mapper, ObjectMethodExecutor executor, Object controller, Object[] arguments)
   at Microsoft.AspNetCore.Mvc.Infrastructure.ControllerActionInvoker.&lt;InvokeActionMethodAsync&gt;g__Awaited|12_0(ControllerActionInvoker invoker, ValueTask`1 actionResultValueTask)
   at Microsoft.AspNetCore.Mvc.Infrastructure.ControllerActionInvoker.&lt;InvokeNextActionFilterAsync&gt;g__Awaited|10_0(ControllerActionInvoker invoker, Task lastTask, State next, Scope scope, Object state, Boolean isCompleted)
   at Microsoft.AspNetCore.Mvc.Infrastructure.ControllerActionInvoker.Rethrow(ActionExecutedContextSealed context)
   at Microsoft.AspNetCore.Mvc.Infrastructure.ControllerActionInvoker.Next(State&amp; next, Scope&amp; scope, Object&amp; state, Boolean&amp; isCompleted)
   at Microsoft.AspNetCore.Mvc.Infrastructure.ControllerActionInvoker.InvokeInnerFilterAsync()
--- End of stack trace from previous location ---
   at Microsoft.AspNetCore.Mvc.Infrastructure.ResourceInvoker.&lt;InvokeFilterPipelineAsync&gt;g__Awaited|20_0(ResourceInvoker invoker, Task lastTask, State next, Scope scope, Object state, Boolean isCompleted)
   at Microsoft.AspNetCore.Mvc.Infrastructure.ResourceInvoker.&lt;InvokeAsync&gt;g__Awaited|17_0(ResourceInvoker invoker, Task task, IDisposable scope)
   at Microsoft.AspNetCore.Mvc.Infrastructure.ResourceInvoker.&lt;InvokeAsync&gt;g__Awaited|17_0(ResourceInvoker invoker, Task task, IDisposable scope)
   at Microsoft.AspNetCore.Authorization.AuthorizationMiddleware.Invoke(HttpContext context)
   at Microsoft.AspNetCore.Authentication.AuthenticationMiddleware.Invoke(HttpContext context)
   at Microsoft.AspNetCore.TestHost.HttpContextBuilder.&lt;&gt;c__DisplayClass23_0.&lt;&lt;SendAsync&gt;g__RunRequestAsync|0&gt;d.MoveNext()
--- End of stack trace from previous location ---
   at Microsoft.AspNetCore.TestHost.ClientHandler.SendAsync(HttpRequestMessage request, CancellationToken cancellationToken)
   at Microsoft.AspNetCore.Mvc.Testing.Handlers.CookieContainerHandler.SendAsync(HttpRequestMessage request, CancellationToken cancellationToken)
   at Microsoft.AspNetCore.Mvc.Testing.Handlers.RedirectHandler.SendAsync(HttpRequestMessage request, CancellationToken cancellationToken)
   at System.Net.Http.HttpClient.&lt;SendAsync&gt;g__Core|83_0(HttpRequestMessage request, HttpCompletionOption completionOption, CancellationTokenSource cts, Boolean disposeCts, CancellationTokenSource pendingRequestsCts, CancellationToken originalCancellationToken)
   at SuperPanel.WebAPI.Tests.BackupsControllerIntegrationTests.CreateTestServerAsync() in /home/james/superpanel/superpanel/src/SuperPanel.WebAPI.Tests/BackupsControllerIntegrationTests.cs:line 75
   at SuperPanel.WebAPI.Tests.BackupsControllerIntegrationTests.DeleteBackup_WithValidId_ShouldDeleteBackup() in /home/james/superpanel/superpanel/src/SuperPanel.WebAPI.Tests/BackupsControllerIntegrationTests.cs:line 272
--- End of stack trace from previous location ---
----- Inner Stack Trace -----
   at Microsoft.Data.Sqlite.SqliteException.ThrowExceptionForRC(Int32 rc, sqlite3 db)
   at Microsoft.Data.Sqlite.SqliteDataReader.NextResult()
   at Microsoft.Data.Sqlite.SqliteCommand.ExecuteReader(CommandBehavior behavior)
   at Microsoft.Data.Sqlite.SqliteCommand.ExecuteReaderAsync(CommandBehavior behavior, CancellationToken cancellationToken)
   at Microsoft.Data.Sqlite.SqliteCommand.ExecuteDbDataReaderAsync(CommandBehavior behavior, CancellationToken cancellationToken)
   at Microsoft.EntityFrameworkCore.Storage.RelationalCommand.ExecuteReaderAsync(RelationalCommandParameterObject parameterObject, CancellationToken cancellationToken)
   at Microsoft.EntityFrameworkCore.Storage.RelationalCommand.ExecuteReaderAsync(RelationalCommandParameterObject parameterObject, CancellationToken cancellationToken)
   at Microsoft.EntityFrameworkCore.Update.ReaderModificationCommandBatch.ExecuteAsync(IRelationalConnection connection, CancellationToken cancellationToken)</StackTrace>
        </ErrorInfo>
      </Output>
    </UnitTestResult>
    <UnitTestResult executionId="dbadc1a7-b8a8-4935-b8c3-82e2504fce0b" testId="68211924-0b37-1b8d-6e16-2be2bdfed497" testName="SuperPanel.WebAPI.Tests.BackupsControllerIntegrationTests.DeleteBackup_WithInvalidId_ShouldReturnNotFound" computerName="super" duration="00:00:00.4011078" startTime="2025-10-23T04:25:21.2764823-04:00" endTime="2025-10-23T04:25:21.2764824-04:00" testType="13cdc9d9-ddb5-4fa4-a97d-d965ccfc6d4b" outcome="Passed" testListId="8c84fa94-04c1-424b-9868-57a2d4851a1d" relativeResultsDirectory="dbadc1a7-b8a8-4935-b8c3-82e2504fce0b" />
    <UnitTestResult executionId="88e65e0e-f637-4484-9a72-854bebbe3710" testId="73804bd1-7a60-06dc-963d-35a5da97f858" testName="SuperPanel.WebAPI.Tests.BackupsControllerIntegrationTests.CreateBackup_WithInvalidData_ShouldReturnBadRequest" computerName="super" duration="00:00:00.0515730" startTime="2025-10-23T04:25:21.3281188-04:00" endTime="2025-10-23T04:25:21.3281189-04:00" testType="13cdc9d9-ddb5-4fa4-a97d-d965ccfc6d4b" outcome="Passed" testListId="8c84fa94-04c1-424b-9868-57a2d4851a1d" relativeResultsDirectory="88e65e0e-f637-4484-9a72-854bebbe3710" />
    <UnitTestResult executionId="92e74741-1a6c-4b9b-b164-a4d0cb285b29" testId="fd6e1219-f5b6-013b-61cf-b9692fea8669" testName="SuperPanel.WebAPI.Tests.BackupsControllerIntegrationTests.DownloadBackup_WithPendingBackup_ShouldReturnBadRequest" computerName="super" duration="00:00:00.0153813" startTime="2025-10-23T04:25:21.6576616-04:00" endTime="2025-10-23T04:25:21.6576618-04:00" testType="13cdc9d9-ddb5-4fa4-a97d-d965ccfc6d4b" outcome="Failed" testListId="8c84fa94-04c1-424b-9868-57a2d4851a1d" relativeResultsDirectory="92e74741-1a6c-4b9b-b164-a4d0cb285b29">
      <Output>
        <ErrorInfo>
          <Message>Microsoft.EntityFrameworkCore.DbUpdateException : An error occurred while saving the entity changes. See the inner exception for details.
---- Microsoft.Data.Sqlite.SqliteException : SQLite Error 19: 'FOREIGN KEY constraint failed'.</Message>
          <StackTrace>   at Microsoft.EntityFrameworkCore.Update.ReaderModificationCommandBatch.ExecuteAsync(IRelationalConnection connection, CancellationToken cancellationToken)
   at Microsoft.EntityFrameworkCore.Update.Internal.BatchExecutor.ExecuteAsync(IEnumerable`1 commandBatches, IRelationalConnection connection, CancellationToken cancellationToken)
   at Microsoft.EntityFrameworkCore.Update.Internal.BatchExecutor.ExecuteAsync(IEnumerable`1 commandBatches, IRelationalConnection connection, CancellationToken cancellationToken)
   at Microsoft.EntityFrameworkCore.Update.Internal.BatchExecutor.ExecuteAsync(IEnumerable`1 commandBatches, IRelationalConnection connection, CancellationToken cancellationToken)
   at Microsoft.EntityFrameworkCore.ChangeTracking.Internal.StateManager.SaveChangesAsync(IList`1 entriesToSave, CancellationToken cancellationToken)
   at Microsoft.EntityFrameworkCore.ChangeTracking.Internal.StateManager.SaveChangesAsync(StateManager stateManager, Boolean acceptAllChangesOnSuccess, CancellationToken cancellationToken)
   at Microsoft.EntityFrameworkCore.DbContext.SaveChangesAsync(Boolean acceptAllChangesOnSuccess, CancellationToken cancellationToken)
   at Microsoft.EntityFrameworkCore.DbContext.SaveChangesAsync(Boolean acceptAllChangesOnSuccess, CancellationToken cancellationToken)
   at SuperPanel.WebAPI.Services.ServerService.CreateServerAsync(Server server) in /home/james/superpanel/superpanel/src/WebAPI/Services/ServerService.cs:line 48
   at SuperPanel.WebAPI.Controllers.ServersController.CreateServer(Server server) in /home/james/superpanel/superpanel/src/WebAPI/Controllers/ServersController.cs:line 86
   at lambda_method71(Closure, Object)
   at Microsoft.AspNetCore.Mvc.Infrastructure.ActionMethodExecutor.AwaitableObjectResultExecutor.Execute(ActionContext actionContext, IActionResultTypeMapper mapper, ObjectMethodExecutor executor, Object controller, Object[] arguments)
   at Microsoft.AspNetCore.Mvc.Infrastructure.ControllerActionInvoker.&lt;InvokeActionMethodAsync&gt;g__Awaited|12_0(ControllerActionInvoker invoker, ValueTask`1 actionResultValueTask)
   at Microsoft.AspNetCore.Mvc.Infrastructure.ControllerActionInvoker.&lt;InvokeNextActionFilterAsync&gt;g__Awaited|10_0(ControllerActionInvoker invoker, Task lastTask, State next, Scope scope, Object state, Boolean isCompleted)
   at Microsoft.AspNetCore.Mvc.Infrastructure.ControllerActionInvoker.Rethrow(ActionExecutedContextSealed context)
   at Microsoft.AspNetCore.Mvc.Infrastructure.ControllerActionInvoker.Next(State&amp; next, Scope&amp; scope, Object&amp; state, Boolean&amp; isCompleted)
   at Microsoft.AspNetCore.Mvc.Infrastructure.ControllerActionInvoker.InvokeInnerFilterAsync()
--- End of stack trace from previous location ---
   at Microsoft.AspNetCore.Mvc.Infrastructure.ResourceInvoker.&lt;InvokeFilterPipelineAsync&gt;g__Awaited|20_0(ResourceInvoker invoker, Task lastTask, State next, Scope scope, Object state, Boolean isCompleted)
   at Microsoft.AspNetCore.Mvc.Infrastructure.ResourceInvoker.&lt;InvokeAsync&gt;g__Awaited|17_0(ResourceInvoker invoker, Task task, IDisposable scope)
   at Microsoft.AspNetCore.Mvc.Infrastructure.ResourceInvoker.&lt;InvokeAsync&gt;g__Awaited|17_0(ResourceInvoker invoker, Task task, IDisposable scope)
   at Microsoft.AspNetCore.Authorization.AuthorizationMiddleware.Invoke(HttpContext context)
   at Microsoft.AspNetCore.Authentication.AuthenticationMiddleware.Invoke(HttpContext context)
   at Microsoft.AspNetCore.TestHost.HttpContextBuilder.&lt;&gt;c__DisplayClass23_0.&lt;&lt;SendAsync&gt;g__RunRequestAsync|0&gt;d.MoveNext()
--- End of stack trace from previous location ---
   at Microsoft.AspNetCore.TestHost.ClientHandler.SendAsync(HttpRequestMessage request, CancellationToken cancellationToken)
   at Microsoft.AspNetCore.Mvc.Testing.Handlers.CookieContainerHandler.SendAsync(HttpRequestMessage request, CancellationToken cancellationToken)
   at Microsoft.AspNetCore.Mvc.Testing.Handlers.RedirectHandler.SendAsync(HttpRequestMessage request, CancellationToken cancellationToken)
   at System.Net.Http.HttpClient.&lt;SendAsync&gt;g__Core|83_0(HttpRequestMessage request, HttpCompletionOption completionOption, CancellationTokenSource cts, Boolean disposeCts, CancellationTokenSource pendingRequestsCts, CancellationToken originalCancellationToken)
   at SuperPanel.WebAPI.Tests.BackupsControllerIntegrationTests.CreateTestServerAsync() in /home/james/superpanel/superpanel/src/SuperPanel.WebAPI.Tests/BackupsControllerIntegrationTests.cs:line 75
   at SuperPanel.WebAPI.Tests.BackupsControllerIntegrationTests.DownloadBackup_WithPendingBackup_ShouldReturnBadRequest() in /home/james/superpanel/superpanel/src/SuperPanel.WebAPI.Tests/BackupsControllerIntegrationTests.cs:line 361
--- End of stack trace from previous location ---
----- Inner Stack Trace -----
   at Microsoft.Data.Sqlite.SqliteException.ThrowExceptionForRC(Int32 rc, sqlite3 db)
   at Microsoft.Data.Sqlite.SqliteDataReader.NextResult()
   at Microsoft.Data.Sqlite.SqliteCommand.ExecuteReader(CommandBehavior behavior)
   at Microsoft.Data.Sqlite.SqliteCommand.ExecuteReaderAsync(CommandBehavior behavior, CancellationToken cancellationToken)
   at Microsoft.Data.Sqlite.SqliteCommand.ExecuteDbDataReaderAsync(CommandBehavior behavior, CancellationToken cancellationToken)
   at Microsoft.EntityFrameworkCore.Storage.RelationalCommand.ExecuteReaderAsync(RelationalCommandParameterObject parameterObject, CancellationToken cancellationToken)
   at Microsoft.EntityFrameworkCore.Storage.RelationalCommand.ExecuteReaderAsync(RelationalCommandParameterObject parameterObject, CancellationToken cancellationToken)
   at Microsoft.EntityFrameworkCore.Update.ReaderModificationCommandBatch.ExecuteAsync(IRelationalConnection connection, CancellationToken cancellationToken)</StackTrace>
        </ErrorInfo>
      </Output>
    </UnitTestResult>
    <UnitTestResult executionId="f48849c2-c267-4a38-8eb7-3c153962dc0b" testId="237847a5-2ff3-7773-ad3e-0bdc4aaf062e" testName="SuperPanel.WebAPI.Tests.BackupsControllerIntegrationTests.CreateBackup_WithValidData_ShouldCreateBackup" computerName="super" duration="00:00:00.0164279" startTime="2025-10-23T04:25:21.3775082-04:00" endTime="2025-10-23T04:25:21.3775083-04:00" testType="13cdc9d9-ddb5-4fa4-a97d-d965ccfc6d4b" outcome="Failed" testListId="8c84fa94-04c1-424b-9868-57a2d4851a1d" relativeResultsDirectory="f48849c2-c267-4a38-8eb7-3c153962dc0b">
      <Output>
        <ErrorInfo>
          <Message>Microsoft.EntityFrameworkCore.DbUpdateException : An error occurred while saving the entity changes. See the inner exception for details.
---- Microsoft.Data.Sqlite.SqliteException : SQLite Error 19: 'FOREIGN KEY constraint failed'.</Message>
          <StackTrace>   at Microsoft.EntityFrameworkCore.Update.ReaderModificationCommandBatch.ExecuteAsync(IRelationalConnection connection, CancellationToken cancellationToken)
   at Microsoft.EntityFrameworkCore.Update.Internal.BatchExecutor.ExecuteAsync(IEnumerable`1 commandBatches, IRelationalConnection connection, CancellationToken cancellationToken)
   at Microsoft.EntityFrameworkCore.Update.Internal.BatchExecutor.ExecuteAsync(IEnumerable`1 commandBatches, IRelationalConnection connection, CancellationToken cancellationToken)
   at Microsoft.EntityFrameworkCore.Update.Internal.BatchExecutor.ExecuteAsync(IEnumerable`1 commandBatches, IRelationalConnection connection, CancellationToken cancellationToken)
   at Microsoft.EntityFrameworkCore.ChangeTracking.Internal.StateManager.SaveChangesAsync(IList`1 entriesToSave, CancellationToken cancellationToken)
   at Microsoft.EntityFrameworkCore.ChangeTracking.Internal.StateManager.SaveChangesAsync(StateManager stateManager, Boolean acceptAllChangesOnSuccess, CancellationToken cancellationToken)
   at Microsoft.EntityFrameworkCore.DbContext.SaveChangesAsync(Boolean acceptAllChangesOnSuccess, CancellationToken cancellationToken)
   at Microsoft.EntityFrameworkCore.DbContext.SaveChangesAsync(Boolean acceptAllChangesOnSuccess, CancellationToken cancellationToken)
   at SuperPanel.WebAPI.Services.ServerService.CreateServerAsync(Server server) in /home/james/superpanel/superpanel/src/WebAPI/Services/ServerService.cs:line 48
   at SuperPanel.WebAPI.Controllers.ServersController.CreateServer(Server server) in /home/james/superpanel/superpanel/src/WebAPI/Controllers/ServersController.cs:line 86
   at lambda_method71(Closure, Object)
   at Microsoft.AspNetCore.Mvc.Infrastructure.ActionMethodExecutor.AwaitableObjectResultExecutor.Execute(ActionContext actionContext, IActionResultTypeMapper mapper, ObjectMethodExecutor executor, Object controller, Object[] arguments)
   at Microsoft.AspNetCore.Mvc.Infrastructure.ControllerActionInvoker.&lt;InvokeActionMethodAsync&gt;g__Awaited|12_0(ControllerActionInvoker invoker, ValueTask`1 actionResultValueTask)
   at Microsoft.AspNetCore.Mvc.Infrastructure.ControllerActionInvoker.&lt;InvokeNextActionFilterAsync&gt;g__Awaited|10_0(ControllerActionInvoker invoker, Task lastTask, State next, Scope scope, Object state, Boolean isCompleted)
   at Microsoft.AspNetCore.Mvc.Infrastructure.ControllerActionInvoker.Rethrow(ActionExecutedContextSealed context)
   at Microsoft.AspNetCore.Mvc.Infrastructure.ControllerActionInvoker.Next(State&amp; next, Scope&amp; scope, Object&amp; state, Boolean&amp; isCompleted)
   at Microsoft.AspNetCore.Mvc.Infrastructure.ControllerActionInvoker.InvokeInnerFilterAsync()
--- End of stack trace from previous location ---
   at Microsoft.AspNetCore.Mvc.Infrastructure.ResourceInvoker.&lt;InvokeFilterPipelineAsync&gt;g__Awaited|20_0(ResourceInvoker invoker, Task lastTask, State next, Scope scope, Object state, Boolean isCompleted)
   at Microsoft.AspNetCore.Mvc.Infrastructure.ResourceInvoker.&lt;InvokeAsync&gt;g__Awaited|17_0(ResourceInvoker invoker, Task task, IDisposable scope)
   at Microsoft.AspNetCore.Mvc.Infrastructure.ResourceInvoker.&lt;InvokeAsync&gt;g__Awaited|17_0(ResourceInvoker invoker, Task task, IDisposable scope)
   at Microsoft.AspNetCore.Authorization.AuthorizationMiddleware.Invoke(HttpContext context)
   at Microsoft.AspNetCore.Authentication.AuthenticationMiddleware.Invoke(HttpContext context)
   at Microsoft.AspNetCore.TestHost.HttpContextBuilder.&lt;&gt;c__DisplayClass23_0.&lt;&lt;SendAsync&gt;g__RunRequestAsync|0&gt;d.MoveNext()
--- End of stack trace from previous location ---
   at Microsoft.AspNetCore.TestHost.ClientHandler.SendAsync(HttpRequestMessage request, CancellationToken cancellationToken)
   at Microsoft.AspNetCore.Mvc.Testing.Handlers.CookieContainerHandler.SendAsync(HttpRequestMessage request, CancellationToken cancellationToken)
   at Microsoft.AspNetCore.Mvc.Testing.Handlers.RedirectHandler.SendAsync(HttpRequestMessage request, CancellationToken cancellationToken)
   at System.Net.Http.HttpClient.&lt;SendAsync&gt;g__Core|83_0(HttpRequestMessage request, HttpCompletionOption completionOption, CancellationTokenSource cts, Boolean disposeCts, CancellationTokenSource pendingRequestsCts, CancellationToken originalCancellationToken)
   at SuperPanel.WebAPI.Tests.BackupsControllerIntegrationTests.CreateTestServerAsync() in /home/james/superpanel/superpanel/src/SuperPanel.WebAPI.Tests/BackupsControllerIntegrationTests.cs:line 75
   at SuperPanel.WebAPI.Tests.BackupsControllerIntegrationTests.CreateBackup_WithValidData_ShouldCreateBackup() in /home/james/superpanel/superpanel/src/SuperPanel.WebAPI.Tests/BackupsControllerIntegrationTests.cs:line 217
--- End of stack trace from previous location ---
----- Inner Stack Trace -----
   at Microsoft.Data.Sqlite.SqliteException.ThrowExceptionForRC(Int32 rc, sqlite3 db)
   at Microsoft.Data.Sqlite.SqliteDataReader.NextResult()
   at Microsoft.Data.Sqlite.SqliteCommand.ExecuteReader(CommandBehavior behavior)
   at Microsoft.Data.Sqlite.SqliteCommand.ExecuteReaderAsync(CommandBehavior behavior, CancellationToken cancellationToken)
   at Microsoft.Data.Sqlite.SqliteCommand.ExecuteDbDataReaderAsync(CommandBehavior behavior, CancellationToken cancellationToken)
   at Microsoft.EntityFrameworkCore.Storage.RelationalCommand.ExecuteReaderAsync(RelationalCommandParameterObject parameterObject, CancellationToken cancellationToken)
   at Microsoft.EntityFrameworkCore.Storage.RelationalCommand.ExecuteReaderAsync(RelationalCommandParameterObject parameterObject, CancellationToken cancellationToken)
   at Microsoft.EntityFrameworkCore.Update.ReaderModificationCommandBatch.ExecuteAsync(IRelationalConnection connection, CancellationToken cancellationToken)</StackTrace>
        </ErrorInfo>
      </Output>
    </UnitTestResult>
    <UnitTestResult executionId="74d8d738-c79f-409f-ad8d-6d29b716c3d5" testId="4f6e3a0a-198b-3ba1-3c2c-6c4f287bfa98" testName="SuperPanel.WebAPI.Tests.BackupsControllerIntegrationTests.DownloadBackup_WithCompletedBackup_ShouldReturnFile" computerName="super" duration="00:00:02.8528709" startTime="2025-10-23T04:25:20.7025012-04:00" endTime="2025-10-23T04:25:20.7026041-04:00" testType="13cdc9d9-ddb5-4fa4-a97d-d965ccfc6d4b" outcome="Failed" testListId="8c84fa94-04c1-424b-9868-57a2d4851a1d" relativeResultsDirectory="74d8d738-c79f-409f-ad8d-6d29b716c3d5">
      <Output>
        <ErrorInfo>
          <Message>Microsoft.EntityFrameworkCore.DbUpdateException : An error occurred while saving the entity changes. See the inner exception for details.
---- Microsoft.Data.Sqlite.SqliteException : SQLite Error 19: 'FOREIGN KEY constraint failed'.</Message>
          <StackTrace>   at Microsoft.EntityFrameworkCore.Update.ReaderModificationCommandBatch.ExecuteAsync(IRelationalConnection connection, CancellationToken cancellationToken)
   at Microsoft.EntityFrameworkCore.Update.Internal.BatchExecutor.ExecuteAsync(IEnumerable`1 commandBatches, IRelationalConnection connection, CancellationToken cancellationToken)
   at Microsoft.EntityFrameworkCore.Update.Internal.BatchExecutor.ExecuteAsync(IEnumerable`1 commandBatches, IRelationalConnection connection, CancellationToken cancellationToken)
   at Microsoft.EntityFrameworkCore.Update.Internal.BatchExecutor.ExecuteAsync(IEnumerable`1 commandBatches, IRelationalConnection connection, CancellationToken cancellationToken)
   at Microsoft.EntityFrameworkCore.ChangeTracking.Internal.StateManager.SaveChangesAsync(IList`1 entriesToSave, CancellationToken cancellationToken)
   at Microsoft.EntityFrameworkCore.ChangeTracking.Internal.StateManager.SaveChangesAsync(StateManager stateManager, Boolean acceptAllChangesOnSuccess, CancellationToken cancellationToken)
   at Microsoft.EntityFrameworkCore.DbContext.SaveChangesAsync(Boolean acceptAllChangesOnSuccess, CancellationToken cancellationToken)
   at Microsoft.EntityFrameworkCore.DbContext.SaveChangesAsync(Boolean acceptAllChangesOnSuccess, CancellationToken cancellationToken)
   at SuperPanel.WebAPI.Services.ServerService.CreateServerAsync(Server server) in /home/james/superpanel/superpanel/src/WebAPI/Services/ServerService.cs:line 48
   at SuperPanel.WebAPI.Controllers.ServersController.CreateServer(Server server) in /home/james/superpanel/superpanel/src/WebAPI/Controllers/ServersController.cs:line 86
   at lambda_method71(Closure, Object)
   at Microsoft.AspNetCore.Mvc.Infrastructure.ActionMethodExecutor.AwaitableObjectResultExecutor.Execute(ActionContext actionContext, IActionResultTypeMapper mapper, ObjectMethodExecutor executor, Object controller, Object[] arguments)
   at Microsoft.AspNetCore.Mvc.Infrastructure.ControllerActionInvoker.&lt;InvokeActionMethodAsync&gt;g__Awaited|12_0(ControllerActionInvoker invoker, ValueTask`1 actionResultValueTask)
   at Microsoft.AspNetCore.Mvc.Infrastructure.ControllerActionInvoker.&lt;InvokeNextActionFilterAsync&gt;g__Awaited|10_0(ControllerActionInvoker invoker, Task lastTask, State next, Scope scope, Object state, Boolean isCompleted)
   at Microsoft.AspNetCore.Mvc.Infrastructure.ControllerActionInvoker.Rethrow(ActionExecutedContextSealed context)
   at Microsoft.AspNetCore.Mvc.Infrastructure.ControllerActionInvoker.Next(State&amp; next, Scope&amp; scope, Object&amp; state, Boolean&amp; isCompleted)
   at Microsoft.AspNetCore.Mvc.Infrastructure.ControllerActionInvoker.InvokeInnerFilterAsync()
--- End of stack trace from previous location ---
   at Microsoft.AspNetCore.Mvc.Infrastructure.ResourceInvoker.&lt;InvokeFilterPipelineAsync&gt;g__Awaited|20_0(ResourceInvoker invoker, Task lastTask, State next, Scope scope, Object state, Boolean isCompleted)
   at Microsoft.AspNetCore.Mvc.Infrastructure.ResourceInvoker.&lt;InvokeAsync&gt;g__Awaited|17_0(ResourceInvoker invoker, Task task, IDisposable scope)
   at Microsoft.AspNetCore.Mvc.Infrastructure.ResourceInvoker.&lt;InvokeAsync&gt;g__Awaited|17_0(ResourceInvoker invoker, Task task, IDisposable scope)
   at Microsoft.AspNetCore.Authorization.AuthorizationMiddleware.Invoke(HttpContext context)
   at Microsoft.AspNetCore.Authentication.AuthenticationMiddleware.Invoke(HttpContext context)
   at Microsoft.AspNetCore.TestHost.HttpContextBuilder.&lt;&gt;c__DisplayClass23_0.&lt;&lt;SendAsync&gt;g__RunRequestAsync|0&gt;d.MoveNext()
--- End of stack trace from previous location ---
   at Microsoft.AspNetCore.TestHost.ClientHandler.SendAsync(HttpRequestMessage request, CancellationToken cancellationToken)
   at Microsoft.AspNetCore.Mvc.Testing.Handlers.CookieContainerHandler.SendAsync(HttpRequestMessage request, CancellationToken cancellationToken)
   at Microsoft.AspNetCore.Mvc.Testing.Handlers.RedirectHandler.SendAsync(HttpRequestMessage request, CancellationToken cancellationToken)
   at System.Net.Http.HttpClient.&lt;SendAsync&gt;g__Core|83_0(HttpRequestMessage request, HttpCompletionOption completionOption, CancellationTokenSource cts, Boolean disposeCts, CancellationTokenSource pendingRequestsCts, CancellationToken originalCancellationToken)
   at SuperPanel.WebAPI.Tests.BackupsControllerIntegrationTests.CreateTestServerAsync() in /home/james/superpanel/superpanel/src/SuperPanel.WebAPI.Tests/BackupsControllerIntegrationTests.cs:line 75
   at SuperPanel.WebAPI.Tests.BackupsControllerIntegrationTests.DownloadBackup_WithCompletedBackup_ShouldReturnFile() in /home/james/superpanel/superpanel/src/SuperPanel.WebAPI.Tests/BackupsControllerIntegrationTests.cs:line 337
--- End of stack trace from previous location ---
----- Inner Stack Trace -----
   at Microsoft.Data.Sqlite.SqliteException.ThrowExceptionForRC(Int32 rc, sqlite3 db)
   at Microsoft.Data.Sqlite.SqliteDataReader.NextResult()
   at Microsoft.Data.Sqlite.SqliteCommand.ExecuteReader(CommandBehavior behavior)
   at Microsoft.Data.Sqlite.SqliteCommand.ExecuteReaderAsync(CommandBehavior behavior, CancellationToken cancellationToken)
   at Microsoft.Data.Sqlite.SqliteCommand.ExecuteDbDataReaderAsync(CommandBehavior behavior, CancellationToken cancellationToken)
   at Microsoft.EntityFrameworkCore.Storage.RelationalCommand.ExecuteReaderAsync(RelationalCommandParameterObject parameterObject, CancellationToken cancellationToken)
   at Microsoft.EntityFrameworkCore.Storage.RelationalCommand.ExecuteReaderAsync(RelationalCommandParameterObject parameterObject, CancellationToken cancellationToken)
   at Microsoft.EntityFrameworkCore.Update.ReaderModificationCommandBatch.ExecuteAsync(IRelationalConnection connection, CancellationToken cancellationToken)</StackTrace>
        </ErrorInfo>
      </Output>
    </UnitTestResult>
    <UnitTestResult executionId="baa5cb8f-9e63-49df-a1f6-0cdc374ed114" testId="4eb09836-dfc4-9fd9-2e91-74c542419352" testName="SuperPanel.WebAPI.Tests.BackupsControllerIntegrationTests.RestoreBackup_WithInvalidId_ShouldReturnNotFound" computerName="super" duration="00:00:00.2548273" startTime="2025-10-23T04:25:21.6304102-04:00" endTime="2025-10-23T04:25:21.6304103-04:00" testType="13cdc9d9-ddb5-4fa4-a97d-d965ccfc6d4b" outcome="Failed" testListId="8c84fa94-04c1-424b-9868-57a2d4851a1d" relativeResultsDirectory="baa5cb8f-9e63-49df-a1f6-0cdc374ed114">
      <Output>
        <ErrorInfo>
          <Message>Expected response.StatusCode to be HttpStatusCode.NotFound {value: 404}, but found HttpStatusCode.InternalServerError {value: 500}.</Message>
          <StackTrace>   at FluentAssertions.Execution.XUnit2TestFramework.Throw(String message)
   at FluentAssertions.Execution.TestFrameworkProvider.Throw(String message)
   at FluentAssertions.Execution.DefaultAssertionStrategy.HandleFailure(String message)
   at FluentAssertions.Execution.AssertionScope.FailWith(Func`1 failReasonFunc)
   at FluentAssertions.Execution.AssertionScope.FailWith(Func`1 failReasonFunc)
   at FluentAssertions.Execution.AssertionScope.FailWith(String message, Object[] args)
   at FluentAssertions.Primitives.EnumAssertions`2.Be(TEnum expected, String because, Object[] becauseArgs)
   at SuperPanel.WebAPI.Tests.BackupsControllerIntegrationTests.RestoreBackup_WithInvalidId_ShouldReturnNotFound() in /home/james/superpanel/superpanel/src/SuperPanel.WebAPI.Tests/BackupsControllerIntegrationTests.cs:line 209
--- End of stack trace from previous location ---</StackTrace>
        </ErrorInfo>
      </Output>
    </UnitTestResult>
    <UnitTestResult executionId="0f0377b5-02e7-45cc-9980-a96e4b253e4a" testId="3343c60b-78e4-60a4-1591-889fcc581440" testName="SuperPanel.WebAPI.Tests.BackupsControllerIntegrationTests.GetBackups_WithoutFilters_ShouldReturnAllBackups" computerName="super" duration="00:00:00.0227556" startTime="2025-10-23T04:25:20.8778166-04:00" endTime="2025-10-23T04:25:20.8778170-04:00" testType="13cdc9d9-ddb5-4fa4-a97d-d965ccfc6d4b" outcome="Failed" testListId="8c84fa94-04c1-424b-9868-57a2d4851a1d" relativeResultsDirectory="0f0377b5-02e7-45cc-9980-a96e4b253e4a">
      <Output>
        <ErrorInfo>
          <Message>Microsoft.EntityFrameworkCore.DbUpdateException : An error occurred while saving the entity changes. See the inner exception for details.
---- Microsoft.Data.Sqlite.SqliteException : SQLite Error 19: 'FOREIGN KEY constraint failed'.</Message>
          <StackTrace>   at Microsoft.EntityFrameworkCore.Update.ReaderModificationCommandBatch.ExecuteAsync(IRelationalConnection connection, CancellationToken cancellationToken)
   at Microsoft.EntityFrameworkCore.Update.Internal.BatchExecutor.ExecuteAsync(IEnumerable`1 commandBatches, IRelationalConnection connection, CancellationToken cancellationToken)
   at Microsoft.EntityFrameworkCore.Update.Internal.BatchExecutor.ExecuteAsync(IEnumerable`1 commandBatches, IRelationalConnection connection, CancellationToken cancellationToken)
   at Microsoft.EntityFrameworkCore.Update.Internal.BatchExecutor.ExecuteAsync(IEnumerable`1 commandBatches, IRelationalConnection connection, CancellationToken cancellationToken)
   at Microsoft.EntityFrameworkCore.ChangeTracking.Internal.StateManager.SaveChangesAsync(IList`1 entriesToSave, CancellationToken cancellationToken)
   at Microsoft.EntityFrameworkCore.ChangeTracking.Internal.StateManager.SaveChangesAsync(StateManager stateManager, Boolean acceptAllChangesOnSuccess, CancellationToken cancellationToken)
   at Microsoft.EntityFrameworkCore.DbContext.SaveChangesAsync(Boolean acceptAllChangesOnSuccess, CancellationToken cancellationToken)
   at Microsoft.EntityFrameworkCore.DbContext.SaveChangesAsync(Boolean acceptAllChangesOnSuccess, CancellationToken cancellationToken)
   at SuperPanel.WebAPI.Services.ServerService.CreateServerAsync(Server server) in /home/james/superpanel/superpanel/src/WebAPI/Services/ServerService.cs:line 48
   at SuperPanel.WebAPI.Controllers.ServersController.CreateServer(Server server) in /home/james/superpanel/superpanel/src/WebAPI/Controllers/ServersController.cs:line 86
   at lambda_method71(Closure, Object)
   at Microsoft.AspNetCore.Mvc.Infrastructure.ActionMethodExecutor.AwaitableObjectResultExecutor.Execute(ActionContext actionContext, IActionResultTypeMapper mapper, ObjectMethodExecutor executor, Object controller, Object[] arguments)
   at Microsoft.AspNetCore.Mvc.Infrastructure.ControllerActionInvoker.&lt;InvokeActionMethodAsync&gt;g__Awaited|12_0(ControllerActionInvoker invoker, ValueTask`1 actionResultValueTask)
   at Microsoft.AspNetCore.Mvc.Infrastructure.ControllerActionInvoker.&lt;InvokeNextActionFilterAsync&gt;g__Awaited|10_0(ControllerActionInvoker invoker, Task lastTask, State next, Scope scope, Object state, Boolean isCompleted)
   at Microsoft.AspNetCore.Mvc.Infrastructure.ControllerActionInvoker.Rethrow(ActionExecutedContextSealed context)
   at Microsoft.AspNetCore.Mvc.Infrastructure.ControllerActionInvoker.Next(State&amp; next, Scope&amp; scope, Object&amp; state, Boolean&amp; isCompleted)
   at Microsoft.AspNetCore.Mvc.Infrastructure.ControllerActionInvoker.InvokeInnerFilterAsync()
--- End of stack trace from previous location ---
   at Microsoft.AspNetCore.Mvc.Infrastructure.ResourceInvoker.&lt;InvokeFilterPipelineAsync&gt;g__Awaited|20_0(ResourceInvoker invoker, Task lastTask, State next, Scope scope, Object state, Boolean isCompleted)
   at Microsoft.AspNetCore.Mvc.Infrastructure.ResourceInvoker.&lt;InvokeAsync&gt;g__Awaited|17_0(ResourceInvoker invoker, Task task, IDisposable scope)
   at Microsoft.AspNetCore.Mvc.Infrastructure.ResourceInvoker.&lt;InvokeAsync&gt;g__Awaited|17_0(ResourceInvoker invoker, Task task, IDisposable scope)
   at Microsoft.AspNetCore.Authorization.AuthorizationMiddleware.Invoke(HttpContext context)
   at Microsoft.AspNetCore.Authentication.AuthenticationMiddleware.Invoke(HttpContext context)
   at Microsoft.AspNetCore.TestHost.HttpContextBuilder.&lt;&gt;c__DisplayClass23_0.&lt;&lt;SendAsync&gt;g__RunRequestAsync|0&gt;d.MoveNext()
--- End of stack trace from previous location ---
   at Microsoft.AspNetCore.TestHost.ClientHandler.SendAsync(HttpRequestMessage request, CancellationToken cancellationToken)
   at Microsoft.AspNetCore.Mvc.Testing.Handlers.CookieContainerHandler.SendAsync(HttpRequestMessage request, CancellationToken cancellationToken)
   at Microsoft.AspNetCore.Mvc.Testing.Handlers.RedirectHandler.SendAsync(HttpRequestMessage request, CancellationToken cancellationToken)
   at System.Net.Http.HttpClient.&lt;SendAsync&gt;g__Core|83_0(HttpRequestMessage request, HttpCompletionOption completionOption, CancellationTokenSource cts, Boolean disposeCts, CancellationTokenSource pendingRequestsCts, CancellationToken originalCancellationToken)
   at SuperPanel.WebAPI.Tests.BackupsControllerIntegrationTests.CreateTestServerAsync() in /home/james/superpanel/superpanel/src/SuperPanel.WebAPI.Tests/BackupsControllerIntegrationTests.cs:line 75
   at SuperPanel.WebAPI.Tests.BackupsControllerIntegrationTests.GetBackups_WithoutFilters_ShouldReturnAllBackups() in /home/james/superpanel/superpanel/src/SuperPanel.WebAPI.Tests/BackupsControllerIntegrationTests.cs:line 129
--- End of stack trace from previous location ---
----- Inner Stack Trace -----
   at Microsoft.Data.Sqlite.SqliteException.ThrowExceptionForRC(Int32 rc, sqlite3 db)
   at Microsoft.Data.Sqlite.SqliteDataReader.NextResult()
   at Microsoft.Data.Sqlite.SqliteCommand.ExecuteReader(CommandBehavior behavior)
   at Microsoft.Data.Sqlite.SqliteCommand.ExecuteReaderAsync(CommandBehavior behavior, CancellationToken cancellationToken)
   at Microsoft.Data.Sqlite.SqliteCommand.ExecuteDbDataReaderAsync(CommandBehavior behavior, CancellationToken cancellationToken)
   at Microsoft.EntityFrameworkCore.Storage.RelationalCommand.ExecuteReaderAsync(RelationalCommandParameterObject parameterObject, CancellationToken cancellationToken)
   at Microsoft.EntityFrameworkCore.Storage.RelationalCommand.ExecuteReaderAsync(RelationalCommandParameterObject parameterObject, CancellationToken cancellationToken)
   at Microsoft.EntityFrameworkCore.Update.ReaderModificationCommandBatch.ExecuteAsync(IRelationalConnection connection, CancellationToken cancellationToken)</StackTrace>
        </ErrorInfo>
      </Output>
    </UnitTestResult>
    <UnitTestResult executionId="246938e5-b50d-4187-9077-4ab4ebd1be4d" testId="46fae2ab-7be4-53df-2708-34a63f5851e9" testName="SuperPanel.WebAPI.Tests.BackupsControllerIntegrationTests.GetBackups_WithServerFilter_ShouldReturnFilteredBackups" computerName="super" duration="00:00:00.0126934" startTime="2025-10-23T04:25:21.3480213-04:00" endTime="2025-10-23T04:25:21.3480214-04:00" testType="13cdc9d9-ddb5-4fa4-a97d-d965ccfc6d4b" outcome="Failed" testListId="8c84fa94-04c1-424b-9868-57a2d4851a1d" relativeResultsDirectory="246938e5-b50d-4187-9077-4ab4ebd1be4d">
      <Output>
        <ErrorInfo>
          <Message>Microsoft.EntityFrameworkCore.DbUpdateException : An error occurred while saving the entity changes. See the inner exception for details.
---- Microsoft.Data.Sqlite.SqliteException : SQLite Error 19: 'FOREIGN KEY constraint failed'.</Message>
          <StackTrace>   at Microsoft.EntityFrameworkCore.Update.ReaderModificationCommandBatch.ExecuteAsync(IRelationalConnection connection, CancellationToken cancellationToken)
   at Microsoft.EntityFrameworkCore.Update.Internal.BatchExecutor.ExecuteAsync(IEnumerable`1 commandBatches, IRelationalConnection connection, CancellationToken cancellationToken)
   at Microsoft.EntityFrameworkCore.Update.Internal.BatchExecutor.ExecuteAsync(IEnumerable`1 commandBatches, IRelationalConnection connection, CancellationToken cancellationToken)
   at Microsoft.EntityFrameworkCore.Update.Internal.BatchExecutor.ExecuteAsync(IEnumerable`1 commandBatches, IRelationalConnection connection, CancellationToken cancellationToken)
   at Microsoft.EntityFrameworkCore.ChangeTracking.Internal.StateManager.SaveChangesAsync(IList`1 entriesToSave, CancellationToken cancellationToken)
   at Microsoft.EntityFrameworkCore.ChangeTracking.Internal.StateManager.SaveChangesAsync(StateManager stateManager, Boolean acceptAllChangesOnSuccess, CancellationToken cancellationToken)
   at Microsoft.EntityFrameworkCore.DbContext.SaveChangesAsync(Boolean acceptAllChangesOnSuccess, CancellationToken cancellationToken)
   at Microsoft.EntityFrameworkCore.DbContext.SaveChangesAsync(Boolean acceptAllChangesOnSuccess, CancellationToken cancellationToken)
   at SuperPanel.WebAPI.Services.ServerService.CreateServerAsync(Server server) in /home/james/superpanel/superpanel/src/WebAPI/Services/ServerService.cs:line 48
   at SuperPanel.WebAPI.Controllers.ServersController.CreateServer(Server server) in /home/james/superpanel/superpanel/src/WebAPI/Controllers/ServersController.cs:line 86
   at lambda_method71(Closure, Object)
   at Microsoft.AspNetCore.Mvc.Infrastructure.ActionMethodExecutor.AwaitableObjectResultExecutor.Execute(ActionContext actionContext, IActionResultTypeMapper mapper, ObjectMethodExecutor executor, Object controller, Object[] arguments)
   at Microsoft.AspNetCore.Mvc.Infrastructure.ControllerActionInvoker.&lt;InvokeActionMethodAsync&gt;g__Awaited|12_0(ControllerActionInvoker invoker, ValueTask`1 actionResultValueTask)
   at Microsoft.AspNetCore.Mvc.Infrastructure.ControllerActionInvoker.&lt;InvokeNextActionFilterAsync&gt;g__Awaited|10_0(ControllerActionInvoker invoker, Task lastTask, State next, Scope scope, Object state, Boolean isCompleted)
   at Microsoft.AspNetCore.Mvc.Infrastructure.ControllerActionInvoker.Rethrow(ActionExecutedContextSealed context)
   at Microsoft.AspNetCore.Mvc.Infrastructure.ControllerActionInvoker.Next(State&amp; next, Scope&amp; scope, Object&amp; state, Boolean&amp; isCompleted)
   at Microsoft.AspNetCore.Mvc.Infrastructure.ControllerActionInvoker.InvokeInnerFilterAsync()
--- End of stack trace from previous location ---
   at Microsoft.AspNetCore.Mvc.Infrastructure.ResourceInvoker.&lt;InvokeFilterPipelineAsync&gt;g__Awaited|20_0(ResourceInvoker invoker, Task lastTask, State next, Scope scope, Object state, Boolean isCompleted)
   at Microsoft.AspNetCore.Mvc.Infrastructure.ResourceInvoker.&lt;InvokeAsync&gt;g__Awaited|17_0(ResourceInvoker invoker, Task task, IDisposable scope)
   at Microsoft.AspNetCore.Mvc.Infrastructure.ResourceInvoker.&lt;InvokeAsync&gt;g__Awaited|17_0(ResourceInvoker invoker, Task task, IDisposable scope)
   at Microsoft.AspNetCore.Authorization.AuthorizationMiddleware.Invoke(HttpContext context)
   at Microsoft.AspNetCore.Authentication.AuthenticationMiddleware.Invoke(HttpContext context)
   at Microsoft.AspNetCore.TestHost.HttpContextBuilder.&lt;&gt;c__DisplayClass23_0.&lt;&lt;SendAsync&gt;g__RunRequestAsync|0&gt;d.MoveNext()
--- End of stack trace from previous location ---
   at Microsoft.AspNetCore.TestHost.ClientHandler.SendAsync(HttpRequestMessage request, CancellationToken cancellationToken)
   at Microsoft.AspNetCore.Mvc.Testing.Handlers.CookieContainerHandler.SendAsync(HttpRequestMessage request, CancellationToken cancellationToken)
   at Microsoft.AspNetCore.Mvc.Testing.Handlers.RedirectHandler.SendAsync(HttpRequestMessage request, CancellationToken cancellationToken)
   at System.Net.Http.HttpClient.&lt;SendAsync&gt;g__Core|83_0(HttpRequestMessage request, HttpCompletionOption completionOption, CancellationTokenSource cts, Boolean disposeCts, CancellationTokenSource pendingRequestsCts, CancellationToken originalCancellationToken)
   at SuperPanel.WebAPI.Tests.BackupsControllerIntegrationTests.CreateTestServerAsync() in /home/james/superpanel/superpanel/src/SuperPanel.WebAPI.Tests/BackupsControllerIntegrationTests.cs:line 75
   at SuperPanel.WebAPI.Tests.BackupsControllerIntegrationTests.GetBackups_WithServerFilter_ShouldReturnFilteredBackups() in /home/james/superpanel/superpanel/src/SuperPanel.WebAPI.Tests/BackupsControllerIntegrationTests.cs:line 154
--- End of stack trace from previous location ---
----- Inner Stack Trace -----
   at Microsoft.Data.Sqlite.SqliteException.ThrowExceptionForRC(Int32 rc, sqlite3 db)
   at Microsoft.Data.Sqlite.SqliteDataReader.NextResult()
   at Microsoft.Data.Sqlite.SqliteCommand.ExecuteReader(CommandBehavior behavior)
   at Microsoft.Data.Sqlite.SqliteCommand.ExecuteReaderAsync(CommandBehavior behavior, CancellationToken cancellationToken)
   at Microsoft.Data.Sqlite.SqliteCommand.ExecuteDbDataReaderAsync(CommandBehavior behavior, CancellationToken cancellationToken)
   at Microsoft.EntityFrameworkCore.Storage.RelationalCommand.ExecuteReaderAsync(RelationalCommandParameterObject parameterObject, CancellationToken cancellationToken)
   at Microsoft.EntityFrameworkCore.Storage.RelationalCommand.ExecuteReaderAsync(RelationalCommandParameterObject parameterObject, CancellationToken cancellationToken)
   at Microsoft.EntityFrameworkCore.Update.ReaderModificationCommandBatch.ExecuteAsync(IRelationalConnection connection, CancellationToken cancellationToken)</StackTrace>
        </ErrorInfo>
      </Output>
    </UnitTestResult>
  </Results>
  <TestDefinitions>
    <UnitTest name="SuperPanel.WebAPI.Tests.BackupsControllerIntegrationTests.DownloadBackup_WithPendingBackup_ShouldReturnBadRequest" storage="/home/james/superpanel/superpanel/src/superpanel.webapi.tests/bin/debug/net8.0/superpanel.webapi.tests.dll" id="fd6e1219-f5b6-013b-61cf-b9692fea8669">
      <Execution id="92e74741-1a6c-4b9b-b164-a4d0cb285b29" />
      <TestMethod codeBase="/home/james/superpanel/superpanel/src/SuperPanel.WebAPI.Tests/bin/Debug/net8.0/SuperPanel.WebAPI.Tests.dll" adapterTypeName="executor://xunit/VsTestRunner2/netcoreapp" className="SuperPanel.WebAPI.Tests.BackupsControllerIntegrationTests" name="DownloadBackup_WithPendingBackup_ShouldReturnBadRequest" />
    </UnitTest>
    <UnitTest name="SuperPanel.WebAPI.Tests.BackupsControllerIntegrationTests.CreateBackup_WithInvalidData_ShouldReturnBadRequest" storage="/home/james/superpanel/superpanel/src/superpanel.webapi.tests/bin/debug/net8.0/superpanel.webapi.tests.dll" id="73804bd1-7a60-06dc-963d-35a5da97f858">
      <Execution id="88e65e0e-f637-4484-9a72-854bebbe3710" />
      <TestMethod codeBase="/home/james/superpanel/superpanel/src/SuperPanel.WebAPI.Tests/bin/Debug/net8.0/SuperPanel.WebAPI.Tests.dll" adapterTypeName="executor://xunit/VsTestRunner2/netcoreapp" className="SuperPanel.WebAPI.Tests.BackupsControllerIntegrationTests" name="CreateBackup_WithInvalidData_ShouldReturnBadRequest" />
    </UnitTest>
    <UnitTest name="SuperPanel.WebAPI.Tests.BackupsControllerIntegrationTests.DownloadBackup_WithCompletedBackup_ShouldReturnFile" storage="/home/james/superpanel/superpanel/src/superpanel.webapi.tests/bin/debug/net8.0/superpanel.webapi.tests.dll" id="4f6e3a0a-198b-3ba1-3c2c-6c4f287bfa98">
      <Execution id="74d8d738-c79f-409f-ad8d-6d29b716c3d5" />
      <TestMethod codeBase="/home/james/superpanel/superpanel/src/SuperPanel.WebAPI.Tests/bin/Debug/net8.0/SuperPanel.WebAPI.Tests.dll" adapterTypeName="executor://xunit/VsTestRunner2/netcoreapp" className="SuperPanel.WebAPI.Tests.BackupsControllerIntegrationTests" name="DownloadBackup_WithCompletedBackup_ShouldReturnFile" />
    </UnitTest>
    <UnitTest name="SuperPanel.WebAPI.Tests.BackupsControllerIntegrationTests.RestoreBackup_WithInvalidId_ShouldReturnNotFound" storage="/home/james/superpanel/superpanel/src/superpanel.webapi.tests/bin/debug/net8.0/superpanel.webapi.tests.dll" id="4eb09836-dfc4-9fd9-2e91-74c542419352">
      <Execution id="baa5cb8f-9e63-49df-a1f6-0cdc374ed114" />
      <TestMethod codeBase="/home/james/superpanel/superpanel/src/SuperPanel.WebAPI.Tests/bin/Debug/net8.0/SuperPanel.WebAPI.Tests.dll" adapterTypeName="executor://xunit/VsTestRunner2/netcoreapp" className="SuperPanel.WebAPI.Tests.BackupsControllerIntegrationTests" name="RestoreBackup_WithInvalidId_ShouldReturnNotFound" />
    </UnitTest>
    <UnitTest name="SuperPanel.WebAPI.Tests.BackupsControllerIntegrationTests.GetBackups_WithoutFilters_ShouldReturnAllBackups" storage="/home/james/superpanel/superpanel/src/superpanel.webapi.tests/bin/debug/net8.0/superpanel.webapi.tests.dll" id="3343c60b-78e4-60a4-1591-889fcc581440">
      <Execution id="0f0377b5-02e7-45cc-9980-a96e4b253e4a" />
      <TestMethod codeBase="/home/james/superpanel/superpanel/src/SuperPanel.WebAPI.Tests/bin/Debug/net8.0/SuperPanel.WebAPI.Tests.dll" adapterTypeName="executor://xunit/VsTestRunner2/netcoreapp" className="SuperPanel.WebAPI.Tests.BackupsControllerIntegrationTests" name="GetBackups_WithoutFilters_ShouldReturnAllBackups" />
    </UnitTest>
    <UnitTest name="SuperPanel.WebAPI.Tests.BackupsControllerIntegrationTests.RestoreBackup_WithValidData_ShouldRestoreSuccessfully" storage="/home/james/superpanel/superpanel/src/superpanel.webapi.tests/bin/debug/net8.0/superpanel.webapi.tests.dll" id="c6b3aef4-126b-1477-b501-7b1890516b06">
      <Execution id="30702128-c225-4151-96f1-a982bf51afed" />
      <TestMethod codeBase="/home/james/superpanel/superpanel/src/SuperPanel.WebAPI.Tests/bin/Debug/net8.0/SuperPanel.WebAPI.Tests.dll" adapterTypeName="executor://xunit/VsTestRunner2/netcoreapp" className="SuperPanel.WebAPI.Tests.BackupsControllerIntegrationTests" name="RestoreBackup_WithValidData_ShouldRestoreSuccessfully" />
    </UnitTest>
    <UnitTest name="SuperPanel.WebAPI.Tests.BackupsControllerIntegrationTests.DeleteBackup_WithValidId_ShouldDeleteBackup" storage="/home/james/superpanel/superpanel/src/superpanel.webapi.tests/bin/debug/net8.0/superpanel.webapi.tests.dll" id="f497950e-24a6-ce66-72e9-49e1d3b026d8">
      <Execution id="3851c605-f28d-4f5b-83ff-9b80f416538d" />
      <TestMethod codeBase="/home/james/superpanel/superpanel/src/SuperPanel.WebAPI.Tests/bin/Debug/net8.0/SuperPanel.WebAPI.Tests.dll" adapterTypeName="executor://xunit/VsTestRunner2/netcoreapp" className="SuperPanel.WebAPI.Tests.BackupsControllerIntegrationTests" name="DeleteBackup_WithValidId_ShouldDeleteBackup" />
    </UnitTest>
    <UnitTest name="SuperPanel.WebAPI.Tests.BackupsControllerIntegrationTests.DeleteBackup_WithInvalidId_ShouldReturnNotFound" storage="/home/james/superpanel/superpanel/src/superpanel.webapi.tests/bin/debug/net8.0/superpanel.webapi.tests.dll" id="68211924-0b37-1b8d-6e16-2be2bdfed497">
      <Execution id="dbadc1a7-b8a8-4935-b8c3-82e2504fce0b" />
      <TestMethod codeBase="/home/james/superpanel/superpanel/src/SuperPanel.WebAPI.Tests/bin/Debug/net8.0/SuperPanel.WebAPI.Tests.dll" adapterTypeName="executor://xunit/VsTestRunner2/netcoreapp" className="SuperPanel.WebAPI.Tests.BackupsControllerIntegrationTests" name="DeleteBackup_WithInvalidId_ShouldReturnNotFound" />
    </UnitTest>
    <UnitTest name="SuperPanel.WebAPI.Tests.BackupsControllerIntegrationTests.CreateBackup_WithValidData_ShouldCreateBackup" storage="/home/james/superpanel/superpanel/src/superpanel.webapi.tests/bin/debug/net8.0/superpanel.webapi.tests.dll" id="237847a5-2ff3-7773-ad3e-0bdc4aaf062e">
      <Execution id="f48849c2-c267-4a38-8eb7-3c153962dc0b" />
      <TestMethod codeBase="/home/james/superpanel/superpanel/src/SuperPanel.WebAPI.Tests/bin/Debug/net8.0/SuperPanel.WebAPI.Tests.dll" adapterTypeName="executor://xunit/VsTestRunner2/netcoreapp" className="SuperPanel.WebAPI.Tests.BackupsControllerIntegrationTests" name="CreateBackup_WithValidData_ShouldCreateBackup" />
    </UnitTest>
    <UnitTest name="SuperPanel.WebAPI.Tests.BackupsControllerIntegrationTests.GetBackups_WithServerFilter_ShouldReturnFilteredBackups" storage="/home/james/superpanel/superpanel/src/superpanel.webapi.tests/bin/debug/net8.0/superpanel.webapi.tests.dll" id="46fae2ab-7be4-53df-2708-34a63f5851e9">
      <Execution id="246938e5-b50d-4187-9077-4ab4ebd1be4d" />
      <TestMethod codeBase="/home/james/superpanel/superpanel/src/SuperPanel.WebAPI.Tests/bin/Debug/net8.0/SuperPanel.WebAPI.Tests.dll" adapterTypeName="executor://xunit/VsTestRunner2/netcoreapp" className="SuperPanel.WebAPI.Tests.BackupsControllerIntegrationTests" name="GetBackups_WithServerFilter_ShouldReturnFilteredBackups" />
    </UnitTest>
    <UnitTest name="SuperPanel.WebAPI.Tests.BackupsControllerIntegrationTests.GetBackup_WithValidId_ShouldReturnBackup" storage="/home/james/superpanel/superpanel/src/superpanel.webapi.tests/bin/debug/net8.0/superpanel.webapi.tests.dll" id="1180e869-16b3-a540-d962-9757492cc042">
      <Execution id="4f3a4313-7bbb-4382-9b41-dd599599dfa3" />
      <TestMethod codeBase="/home/james/superpanel/superpanel/src/SuperPanel.WebAPI.Tests/bin/Debug/net8.0/SuperPanel.WebAPI.Tests.dll" adapterTypeName="executor://xunit/VsTestRunner2/netcoreapp" className="SuperPanel.WebAPI.Tests.BackupsControllerIntegrationTests" name="GetBackup_WithValidId_ShouldReturnBackup" />
    </UnitTest>
  </TestDefinitions>
  <TestEntries>
    <TestEntry testId="1180e869-16b3-a540-d962-9757492cc042" executionId="4f3a4313-7bbb-4382-9b41-dd599599dfa3" testListId="8c84fa94-04c1-424b-9868-57a2d4851a1d" />
    <TestEntry testId="c6b3aef4-126b-1477-b501-7b1890516b06" executionId="30702128-c225-4151-96f1-a982bf51afed" testListId="8c84fa94-04c1-424b-9868-57a2d4851a1d" />
    <TestEntry testId="f497950e-24a6-ce66-72e9-49e1d3b026d8" executionId="3851c605-f28d-4f5b-83ff-9b80f416538d" testListId="8c84fa94-04c1-424b-9868-57a2d4851a1d" />
    <TestEntry testId="68211924-0b37-1b8d-6e16-2be2bdfed497" executionId="dbadc1a7-b8a8-4935-b8c3-82e2504fce0b" testListId="8c84fa94-04c1-424b-9868-57a2d4851a1d" />
    <TestEntry testId="73804bd1-7a60-06dc-963d-35a5da97f858" executionId="88e65e0e-f637-4484-9a72-854bebbe3710" testListId="8c84fa94-04c1-424b-9868-57a2d4851a1d" />
    <TestEntry testId="fd6e1219-f5b6-013b-61cf-b9692fea8669" executionId="92e74741-1a6c-4b9b-b164-a4d0cb285b29" testListId="8c84fa94-04c1-424b-9868-57a2d4851a1d" />
    <TestEntry testId="237847a5-2ff3-7773-ad3e-0bdc4aaf062e" executionId="f48849c2-c267-4a38-8eb7-3c153962dc0b" testListId="8c84fa94-04c1-424b-9868-57a2d4851a1d" />
    <TestEntry testId="4f6e3a0a-198b-3ba1-3c2c-6c4f287bfa98" executionId="74d8d738-c79f-409f-ad8d-6d29b716c3d5" testListId="8c84fa94-04c1-424b-9868-57a2d4851a1d" />
    <TestEntry testId="4eb09836-dfc4-9fd9-2e91-74c542419352" executionId="baa5cb8f-9e63-49df-a1f6-0cdc374ed114" testListId="8c84fa94-04c1-424b-9868-57a2d4851a1d" />
    <TestEntry testId="3343c60b-78e4-60a4-1591-889fcc581440" executionId="0f0377b5-02e7-45cc-9980-a96e4b253e4a" testListId="8c84fa94-04c1-424b-9868-57a2d4851a1d" />
    <TestEntry testId="46fae2ab-7be4-53df-2708-34a63f5851e9" executionId="246938e5-b50d-4187-9077-4ab4ebd1be4d" testListId="8c84fa94-04c1-424b-9868-57a2d4851a1d" />
  </TestEntries>
  <TestLists>
    <TestList name="Results Not in a List" id="8c84fa94-04c1-424b-9868-57a2d4851a1d" />
    <TestList name="All Loaded Results" id="19431567-8539-422a-85d7-44ee4e166bda" />
  </TestLists>
  <ResultSummary outcome="Failed">
    <Counters total="11" executed="11" passed="2" failed="9" error="0" timeout="0" aborted="0" inconclusive="0" passedButRunAborted="0" notRunnable="0" notExecuted="0" disconnected="0" warning="0" completed="0" inProgress="0" pending="0" />
    <Output>
      <StdOut>[xUnit.net 00:00:00.00] xUnit.net VSTest Adapter v2.8.2+699d445a1a (64-bit .NET 8.0.21)
[xUnit.net 00:00:00.16]   Discovering: SuperPanel.WebAPI.Tests
[xUnit.net 00:00:00.27]   Discovered:  SuperPanel.WebAPI.Tests
[xUnit.net 00:00:00.28]   Starting:    SuperPanel.WebAPI.Tests
Configuring for Testing environment
Adding JWT authentication and authorization services
info: Microsoft.EntityFrameworkCore.Database.Command[20101]
      Executed DbCommand (12ms) [Parameters=[], CommandType='Text', CommandTimeout='30']
      SELECT COUNT(*) FROM "sqlite_master" WHERE "type" = 'table' AND "rootpage" IS NOT NULL;
info: Microsoft.EntityFrameworkCore.Database.Command[20101]
      Executed DbCommand (1ms) [Parameters=[], CommandType='Text', CommandTimeout='30']
      CREATE TABLE "Users" (
          "Id" INTEGER NOT NULL CONSTRAINT "PK_Users" PRIMARY KEY AUTOINCREMENT,
          "Username" TEXT NOT NULL,
          "Email" TEXT NOT NULL,
          "PasswordHash" TEXT NOT NULL,
          "PasswordSalt" TEXT NOT NULL,
          "Role" TEXT NOT NULL,
          "IsActive" INTEGER NOT NULL,
          "CreatedAt" TEXT NOT NULL,
          "LastLoginAt" TEXT NULL
      );
info: Microsoft.EntityFrameworkCore.Database.Command[20101]
      Executed DbCommand (0ms) [Parameters=[], CommandType='Text', CommandTimeout='30']
      CREATE TABLE "Servers" (
          "Id" INTEGER NOT NULL CONSTRAINT "PK_Servers" PRIMARY KEY AUTOINCREMENT,
          "Name" TEXT NOT NULL,
          "IpAddress" TEXT NOT NULL,
          "Description" TEXT NULL,
          "Status" INTEGER NOT NULL,
          "OperatingSystem" TEXT NOT NULL,
          "CpuUsage" REAL NOT NULL,
          "MemoryUsage" REAL NOT NULL,
          "DiskUsage" REAL NOT NULL,
          "UserId" INTEGER NOT NULL,
          "CreatedAt" TEXT NOT NULL,
          "LastChecked" TEXT NULL,
          CONSTRAINT "FK_Servers_Users_UserId" FOREIGN KEY ("UserId") REFERENCES "Users" ("Id") ON DELETE RESTRICT
      );
info: Microsoft.EntityFrameworkCore.Database.Command[20101]
      Executed DbCommand (0ms) [Parameters=[], CommandType='Text', CommandTimeout='30']
      CREATE TABLE "AlertRules" (
          "Id" INTEGER NOT NULL CONSTRAINT "PK_AlertRules" PRIMARY KEY AUTOINCREMENT,
          "Name" TEXT NOT NULL,
          "Description" TEXT NULL,
          "Type" INTEGER NOT NULL,
          "UserId" INTEGER NOT NULL,
          "ServerId" INTEGER NULL,
          "MetricName" TEXT NULL,
          "Condition" TEXT NOT NULL,
          "Threshold" REAL NOT NULL,
          "Severity" INTEGER NOT NULL,
          "Enabled" INTEGER NOT NULL,
          "CooldownMinutes" INTEGER NOT NULL,
          "CreatedAt" TEXT NOT NULL,
          "UpdatedAt" TEXT NULL,
          "WebhookUrl" TEXT NULL,
          "EmailRecipients" TEXT NULL,
          "SlackWebhookUrl" TEXT NULL,
          CONSTRAINT "FK_AlertRules_Servers_ServerId" FOREIGN KEY ("ServerId") REFERENCES "Servers" ("Id") ON DELETE SET NULL,
          CONSTRAINT "FK_AlertRules_Users_UserId" FOREIGN KEY ("UserId") REFERENCES "Users" ("Id") ON DELETE RESTRICT
      );
info: Microsoft.EntityFrameworkCore.Database.Command[20101]
      Executed DbCommand (0ms) [Parameters=[], CommandType='Text', CommandTimeout='30']
      CREATE TABLE "Databases" (
          "Id" INTEGER NOT NULL CONSTRAINT "PK_Databases" PRIMARY KEY AUTOINCREMENT,
          "Name" TEXT NOT NULL,
          "Type" TEXT NOT NULL,
          "Username" TEXT NULL,
          "SizeInMB" REAL NOT NULL,
          "UserId" INTEGER NOT NULL,
          "ServerId" INTEGER NOT NULL,
          "Status" INTEGER NOT NULL,
          "CreatedAt" TEXT NOT NULL,
          "BackupDate" TEXT NULL,
          CONSTRAINT "FK_Databases_Servers_ServerId" FOREIGN KEY ("ServerId") REFERENCES "Servers" ("Id") ON DELETE CASCADE,
          CONSTRAINT "FK_Databases_Users_UserId" FOREIGN KEY ("UserId") REFERENCES "Users" ("Id") ON DELETE RESTRICT
      );
info: Microsoft.EntityFrameworkCore.Database.Command[20101]
      Executed DbCommand (0ms) [Parameters=[], CommandType='Text', CommandTimeout='30']
      CREATE TABLE "Domains" (
          "Id" INTEGER NOT NULL CONSTRAINT "PK_Domains" PRIMARY KEY AUTOINCREMENT,
          "Name" TEXT NOT NULL,
          "DocumentRoot" TEXT NULL,
          "Status" INTEGER NOT NULL,
          "SslEnabled" INTEGER NOT NULL,
          "SslExpiry" TEXT NULL,
          "UserId" INTEGER NOT NULL,
          "ServerId" INTEGER NOT NULL,
          "CreatedAt" TEXT NOT NULL,
          "UpdatedAt" TEXT NULL,
          CONSTRAINT "FK_Domains_Servers_ServerId" FOREIGN KEY ("ServerId") REFERENCES "Servers" ("Id") ON DELETE CASCADE,
          CONSTRAINT "FK_Domains_Users_UserId" FOREIGN KEY ("UserId") REFERENCES "Users" ("Id") ON DELETE RESTRICT
      );
info: Microsoft.EntityFrameworkCore.Database.Command[20101]
      Executed DbCommand (0ms) [Parameters=[], CommandType='Text', CommandTimeout='30']
      CREATE TABLE "Alerts" (
          "Id" INTEGER NOT NULL CONSTRAINT "PK_Alerts" PRIMARY KEY AUTOINCREMENT,
          "AlertRuleId" INTEGER NOT NULL,
          "ServerId" INTEGER NOT NULL,
          "Title" TEXT NOT NULL,
          "Message" TEXT NOT NULL,
          "Severity" INTEGER NOT NULL,
          "Status" INTEGER NOT NULL,
          "TriggeredAt" TEXT NOT NULL,
          "ResolvedAt" TEXT NULL,
          "AcknowledgedAt" TEXT NULL,
          "MetricValue" REAL NULL,
          "MetricName" TEXT NOT NULL,
          "NotificationSent" INTEGER NOT NULL,
          "LastNotificationSent" TEXT NULL,
          "ContextData" TEXT NOT NULL,
          CONSTRAINT "FK_Alerts_AlertRules_AlertRuleId" FOREIGN KEY ("AlertRuleId") REFERENCES "AlertRules" ("Id") ON DELETE CASCADE,
          CONSTRAINT "FK_Alerts_Servers_ServerId" FOREIGN KEY ("ServerId") REFERENCES "Servers" ("Id") ON DELETE CASCADE
      );
info: Microsoft.EntityFrameworkCore.Database.Command[20101]
      Executed DbCommand (0ms) [Parameters=[], CommandType='Text', CommandTimeout='30']
      CREATE TABLE "DatabaseUsers" (
          "Id" INTEGER NOT NULL CONSTRAINT "PK_DatabaseUsers" PRIMARY KEY AUTOINCREMENT,
          "Username" TEXT NOT NULL,
          "DatabaseId" INTEGER NOT NULL,
          "Permissions" TEXT NOT NULL,
          "CreatedAt" TEXT NOT NULL,
          CONSTRAINT "FK_DatabaseUsers_Databases_DatabaseId" FOREIGN KEY ("DatabaseId") REFERENCES "Databases" ("Id") ON DELETE CASCADE
      );
info: Microsoft.EntityFrameworkCore.Database.Command[20101]
      Executed DbCommand (0ms) [Parameters=[], CommandType='Text', CommandTimeout='30']
      CREATE TABLE "BackupSchedules" (
          "Id" INTEGER NOT NULL CONSTRAINT "PK_BackupSchedules" PRIMARY KEY AUTOINCREMENT,
          "Name" TEXT NOT NULL,
          "Description" TEXT NOT NULL,
          "Type" INTEGER NOT NULL,
          "ServerId" INTEGER NULL,
          "DatabaseId" INTEGER NULL,
          "DomainId" INTEGER NULL,
          "CronExpression" TEXT NOT NULL,
          "IsEnabled" INTEGER NOT NULL,
          "RetentionDays" INTEGER NOT NULL,
          "IsCompressed" INTEGER NOT NULL,
          "IsEncrypted" INTEGER NOT NULL,
          "CreatedAt" TEXT NOT NULL,
          "LastRunAt" TEXT NULL,
          "NextRunAt" TEXT NULL,
          "CreatedByUserId" INTEGER NOT NULL,
          CONSTRAINT "FK_BackupSchedules_Databases_DatabaseId" FOREIGN KEY ("DatabaseId") REFERENCES "Databases" ("Id"),
          CONSTRAINT "FK_BackupSchedules_Domains_DomainId" FOREIGN KEY ("DomainId") REFERENCES "Domains" ("Id"),
          CONSTRAINT "FK_BackupSchedules_Servers_ServerId" FOREIGN KEY ("ServerId") REFERENCES "Servers" ("Id"),
          CONSTRAINT "FK_BackupSchedules_Users_CreatedByUserId" FOREIGN KEY ("CreatedByUserId") REFERENCES "Users" ("Id") ON DELETE RESTRICT
      );
info: Microsoft.EntityFrameworkCore.Database.Command[20101]
      Executed DbCommand (0ms) [Parameters=[], CommandType='Text', CommandTimeout='30']
      CREATE TABLE "EmailAccounts" (
          "Id" INTEGER NOT NULL CONSTRAINT "PK_EmailAccounts" PRIMARY KEY AUTOINCREMENT,
          "EmailAddress" TEXT NOT NULL,
          "Username" TEXT NOT NULL,
          "PasswordHash" TEXT NOT NULL,
          "UserId" INTEGER NOT NULL,
          "DomainId" INTEGER NOT NULL,
          "QuotaMB" INTEGER NOT NULL,
          "UsedQuotaMB" INTEGER NOT NULL,
          "IsActive" INTEGER NOT NULL,
          "CreatedAt" TEXT NOT NULL,
          "UpdatedAt" TEXT NOT NULL,
          CONSTRAINT "FK_EmailAccounts_Domains_DomainId" FOREIGN KEY ("DomainId") REFERENCES "Domains" ("Id") ON DELETE CASCADE,
          CONSTRAINT "FK_EmailAccounts_Users_UserId" FOREIGN KEY ("UserId") REFERENCES "Users" ("Id") ON DELETE RESTRICT
      );
info: Microsoft.EntityFrameworkCore.Database.Command[20101]
      Executed DbCommand (0ms) [Parameters=[], CommandType='Text', CommandTimeout='30']
      CREATE TABLE "SslCertificates" (
          "Id" INTEGER NOT NULL CONSTRAINT "PK_SslCertificates" PRIMARY KEY AUTOINCREMENT,
          "DomainName" TEXT NOT NULL,
          "CertificatePath" TEXT NOT NULL,
          "PrivateKeyPath" TEXT NOT NULL,
          "ChainPath" TEXT NULL,
          "Status" INTEGER NOT NULL,
          "Type" INTEGER NOT NULL,
          "Issuer" TEXT NULL,
          "IssuedAt" TEXT NOT NULL,
          "ExpiresAt" TEXT NOT NULL,
          "LastRenewedAt" TEXT NULL,
          "AutoRenew" INTEGER NOT NULL,
          "ValidationMethod" TEXT NULL,
          "Notes" TEXT NULL,
          "UserId" INTEGER NOT NULL,
          "DomainId" INTEGER NULL,
          "CreatedAt" TEXT NOT NULL,
          "UpdatedAt" TEXT NULL,
          CONSTRAINT "FK_SslCertificates_Domains_DomainId" FOREIGN KEY ("DomainId") REFERENCES "Domains" ("Id") ON DELETE SET NULL,
          CONSTRAINT "FK_SslCertificates_Users_UserId" FOREIGN KEY ("UserId") REFERENCES "Users" ("Id") ON DELETE RESTRICT
      );
info: Microsoft.EntityFrameworkCore.Database.Command[20101]
      Executed DbCommand (0ms) [Parameters=[], CommandType='Text', CommandTimeout='30']
      CREATE TABLE "Subdomains" (
          "Id" INTEGER NOT NULL CONSTRAINT "PK_Subdomains" PRIMARY KEY AUTOINCREMENT,
          "Name" TEXT NOT NULL,
          "DomainId" INTEGER NOT NULL,
          "DocumentRoot" TEXT NULL,
          "Status" INTEGER NOT NULL,
          "CreatedAt" TEXT NOT NULL,
          CONSTRAINT "FK_Subdomains_Domains_DomainId" FOREIGN KEY ("DomainId") REFERENCES "Domains" ("Id") ON DELETE CASCADE
      );
info: Microsoft.EntityFrameworkCore.Database.Command[20101]
      Executed DbCommand (0ms) [Parameters=[], CommandType='Text', CommandTimeout='30']
      CREATE TABLE "AlertComments" (
          "Id" INTEGER NOT NULL CONSTRAINT "PK_AlertComments" PRIMARY KEY AUTOINCREMENT,
          "AlertId" INTEGER NOT NULL,
          "Comment" TEXT NOT NULL,
          "CreatedAt" TEXT NOT NULL,
          "CreatedBy" TEXT NOT NULL,
          "CommentType" TEXT NOT NULL,
          CONSTRAINT "FK_AlertComments_Alerts_AlertId" FOREIGN KEY ("AlertId") REFERENCES "Alerts" ("Id") ON DELETE CASCADE
      );
info: Microsoft.EntityFrameworkCore.Database.Command[20101]
      Executed DbCommand (0ms) [Parameters=[], CommandType='Text', CommandTimeout='30']
      CREATE TABLE "AlertHistories" (
          "Id" INTEGER NOT NULL CONSTRAINT "PK_AlertHistories" PRIMARY KEY AUTOINCREMENT,
          "AlertId" INTEGER NOT NULL,
          "Action" TEXT NOT NULL,
          "OldStatus" INTEGER NOT NULL,
          "NewStatus" INTEGER NOT NULL,
          "Description" TEXT NOT NULL,
          "Timestamp" TEXT NOT NULL,
          "PerformedBy" TEXT NOT NULL,
          CONSTRAINT "FK_AlertHistories_Alerts_AlertId" FOREIGN KEY ("AlertId") REFERENCES "Alerts" ("Id") ON DELETE CASCADE
      );
info: Microsoft.EntityFrameworkCore.Database.Command[20101]
      Executed DbCommand (0ms) [Parameters=[], CommandType='Text', CommandTimeout='30']
      CREATE TABLE "Backups" (
          "Id" INTEGER NOT NULL CONSTRAINT "PK_Backups" PRIMARY KEY AUTOINCREMENT,
          "Name" TEXT NOT NULL,
          "Description" TEXT NOT NULL,
          "Type" INTEGER NOT NULL,
          "Status" INTEGER NOT NULL,
          "ServerId" INTEGER NULL,
          "DatabaseId" INTEGER NULL,
          "DomainId" INTEGER NULL,
          "BackupPath" TEXT NULL,
          "FilePath" TEXT NOT NULL,
          "FileSizeInBytes" INTEGER NOT NULL,
          "IsCompressed" INTEGER NOT NULL,
          "IsEncrypted" INTEGER NOT NULL,
          "EncryptionKey" TEXT NULL,
          "IsScheduled" INTEGER NOT NULL,
          "ScheduleCron" TEXT NULL,
          "CreatedAt" TEXT NOT NULL,
          "StartedAt" TEXT NULL,
          "CompletedAt" TEXT NULL,
          "RetentionDays" INTEGER NOT NULL,
          "ExpiresAt" TEXT NULL,
[...]
      BackupService created with environment: Testing
info: Microsoft.EntityFrameworkCore.Database.Command[20101]
      Executed DbCommand (0ms) [Parameters=[], CommandType='Text', CommandTimeout='30']
      SELECT COUNT(*)
      FROM "Backups" AS "b"
info: SuperPanel.WebAPI.Services.BackupService[0]
      Created DbContext for GetBackupAsync. Provider: Microsoft.EntityFrameworkCore.Sqlite; ContextHash: 59882914; BackupsCount: 0
info: Microsoft.EntityFrameworkCore.Database.Command[20101]
      Executed DbCommand (0ms) [Parameters=[@__id_0='?' (DbType = Int32)], CommandType='Text', CommandTimeout='30']
      SELECT "b"."Id", "b"."BackupPath", "b"."BackupScheduleId", "b"."CompletedAt", "b"."CreatedAt", "b"."CreatedByUserId", "b"."DatabaseId", "b"."Description", "b"."DomainId", "b"."EncryptionKey", "b"."ErrorMessage", "b"."ExpiresAt", "b"."FilePath", "b"."FileSizeInBytes", "b"."IsCompressed", "b"."IsEncrypted", "b"."IsScheduled", "b"."Name", "b"."RetentionDays", "b"."ScheduleCron", "b"."ServerId", "b"."StartedAt", "b"."Status", "b"."Type", "s"."Id", "s"."CpuUsage", "s"."CreatedAt", "s"."Description", "s"."DiskUsage", "s"."IpAddress", "s"."LastChecked", "s"."MemoryUsage", "s"."Name", "s"."OperatingSystem", "s"."Status", "s"."UserId", "d"."Id", "d"."BackupDate", "d"."CreatedAt", "d"."Name", "d"."ServerId", "d"."SizeInMB", "d"."Status", "d"."Type", "d"."UserId", "d"."Username", "d0"."Id", "d0"."CreatedAt", "d0"."DocumentRoot", "d0"."Name", "d0"."ServerId", "d0"."SslEnabled", "d0"."SslExpiry", "d0"."Status", "d0"."UpdatedAt", "d0"."UserId", "u"."Id", "u"."CreatedAt", "u"."Email", "u"."IsActive", "u"."LastLoginAt", "u"."PasswordHash", "u"."PasswordSalt", "u"."Role", "u"."Username"
      FROM "Backups" AS "b"
      LEFT JOIN "Servers" AS "s" ON "b"."ServerId" = "s"."Id"
      LEFT JOIN "Databases" AS "d" ON "b"."DatabaseId" = "d"."Id"
      LEFT JOIN "Domains" AS "d0" ON "b"."DomainId" = "d0"."Id"
      INNER JOIN "Users" AS "u" ON "b"."CreatedByUserId" = "u"."Id"
      WHERE "b"."Id" = @__id_0
      LIMIT 1
fail: SuperPanel.WebAPI.Controllers.BackupsController[0]
      Error restoring backup 99999
      System.ArgumentException: Backup not found
         at SuperPanel.WebAPI.Services.BackupService.RestoreBackupAsync(Int32 backupId, RestoreRequest request) in /home/james/superpanel/superpanel/src/WebAPI/Services/BackupService.cs:line 129
         at SuperPanel.WebAPI.Controllers.BackupsController.RestoreBackup(Int32 id, RestoreBackupRequest request) in /home/james/superpanel/superpanel/src/WebAPI/Controllers/BackupsController.cs:line 159
[xUnit.net 00:00:04.22]       Expected response.StatusCode to be HttpStatusCode.NotFound {value: 404}, but found HttpStatusCode.InternalServerError {value: 500}.
[xUnit.net 00:00:04.22]       Stack Trace:
[xUnit.net 00:00:04.22]            at FluentAssertions.Execution.XUnit2TestFramework.Throw(String message)
[xUnit.net 00:00:04.22]            at FluentAssertions.Execution.TestFrameworkProvider.Throw(String message)
[xUnit.net 00:00:04.22]            at FluentAssertions.Execution.DefaultAssertionStrategy.HandleFailure(String message)
[xUnit.net 00:00:04.22]            at FluentAssertions.Execution.AssertionScope.FailWith(Func`1 failReasonFunc)
[xUnit.net 00:00:04.22]            at FluentAssertions.Execution.AssertionScope.FailWith(Func`1 failReasonFunc)
[xUnit.net 00:00:04.22]            at FluentAssertions.Execution.AssertionScope.FailWith(String message, Object[] args)
[xUnit.net 00:00:04.22]            at FluentAssertions.Primitives.EnumAssertions`2.Be(TEnum expected, String because, Object[] becauseArgs)
[xUnit.net 00:00:04.22]         /home/james/superpanel/superpanel/src/SuperPanel.WebAPI.Tests/BackupsControllerIntegrationTests.cs(209,0): at SuperPanel.WebAPI.Tests.BackupsControllerIntegrationTests.RestoreBackup_WithInvalidId_ShouldReturnNotFound()
[xUnit.net 00:00:04.22]         --- End of stack trace from previous location ---
fail: Microsoft.EntityFrameworkCore.Database.Command[20102]
      Failed executing DbCommand (0ms) [Parameters=[@p0='?' (DbType = Double), @p1='?' (DbType = DateTime), @p2='?', @p3='?' (DbType = Double), @p4='?' (Size = 13), @p5='?' (DbType = DateTime), @p6='?' (DbType = Double), @p7='?' (Size = 11), @p8='?' (Size = 5), @p9='?' (DbType = Int32), @p10='?' (DbType = Int32)], CommandType='Text', CommandTimeout='30']
      INSERT INTO "Servers" ("CpuUsage", "CreatedAt", "Description", "DiskUsage", "IpAddress", "LastChecked", "MemoryUsage", "Name", "OperatingSystem", "Status", "UserId")
      VALUES (@p0, @p1, @p2, @p3, @p4, @p5, @p6, @p7, @p8, @p9, @p10)
      RETURNING "Id";
fail: Microsoft.EntityFrameworkCore.Update[10000]
      An exception occurred in the database while saving changes for context type 'SuperPanel.WebAPI.Data.ApplicationDbContext'.
      Microsoft.EntityFrameworkCore.DbUpdateException: An error occurred while saving the entity changes. See the inner exception for details.
       ---&gt; Microsoft.Data.Sqlite.SqliteException (0x80004005): SQLite Error 19: 'FOREIGN KEY constraint failed'.
         at Microsoft.Data.Sqlite.SqliteException.ThrowExceptionForRC(Int32 rc, sqlite3 db)
         at Microsoft.Data.Sqlite.SqliteDataReader.NextResult()
         at Microsoft.Data.Sqlite.SqliteCommand.ExecuteReader(CommandBehavior behavior)
         at Microsoft.Data.Sqlite.SqliteCommand.ExecuteReaderAsync(CommandBehavior behavior, CancellationToken cancellationToken)
         at Microsoft.Data.Sqlite.SqliteCommand.ExecuteDbDataReaderAsync(CommandBehavior behavior, CancellationToken cancellationToken)
         at Microsoft.EntityFrameworkCore.Storage.RelationalCommand.ExecuteReaderAsync(RelationalCommandParameterObject parameterObject, CancellationToken cancellationToken)
         at Microsoft.EntityFrameworkCore.Storage.RelationalCommand.ExecuteReaderAsync(RelationalCommandParameterObject parameterObject, CancellationToken cancellationToken)
         at Microsoft.EntityFrameworkCore.Update.ReaderModificationCommandBatch.ExecuteAsync(IRelationalConnection connection, CancellationToken cancellationToken)
         --- End of inner exception stack trace ---
         at Microsoft.EntityFrameworkCore.Update.ReaderModificationCommandBatch.ExecuteAsync(IRelationalConnection connection, CancellationToken cancellationToken)
         at Microsoft.EntityFrameworkCore.Update.Internal.BatchExecutor.ExecuteAsync(IEnumerable`1 commandBatches, IRelationalConnection connection, CancellationToken cancellationToken)
         at Microsoft.EntityFrameworkCore.Update.Internal.BatchExecutor.ExecuteAsync(IEnumerable`1 commandBatches, IRelationalConnection connection, CancellationToken cancellationToken)
         at Microsoft.EntityFrameworkCore.Update.Internal.BatchExecutor.ExecuteAsync(IEnumerable`1 commandBatches, IRelationalConnection connection, CancellationToken cancellationToken)
         at Microsoft.EntityFrameworkCore.ChangeTracking.Internal.StateManager.SaveChangesAsync(IList`1 entriesToSave, CancellationToken cancellationToken)
         at Microsoft.EntityFrameworkCore.ChangeTracking.Internal.StateManager.SaveChangesAsync(StateManager stateManager, Boolean acceptAllChangesOnSuccess, CancellationToken cancellationToken)
         at Microsoft.EntityFrameworkCore.DbContext.SaveChangesAsync(Boolean acceptAllChangesOnSuccess, CancellationToken cancellationToken)
      Microsoft.EntityFrameworkCore.DbUpdateException: An error occurred while saving the entity changes. See the inner exception for details.
       ---&gt; Microsoft.Data.Sqlite.SqliteException (0x80004005): SQLite Error 19: 'FOREIGN KEY constraint failed'.
         at Microsoft.Data.Sqlite.SqliteException.ThrowExceptionForRC(Int32 rc, sqlite3 db)
         at Microsoft.Data.Sqlite.SqliteDataReader.NextResult()
         at Microsoft.Data.Sqlite.SqliteCommand.ExecuteReader(CommandBehavior behavior)
         at Microsoft.Data.Sqlite.SqliteCommand.ExecuteReaderAsync(CommandBehavior behavior, CancellationToken cancellationToken)
         at Microsoft.Data.Sqlite.SqliteCommand.ExecuteDbDataReaderAsync(CommandBehavior behavior, CancellationToken cancellationToken)
         at Microsoft.EntityFrameworkCore.Storage.RelationalCommand.ExecuteReaderAsync(RelationalCommandParameterObject parameterObject, CancellationToken cancellationToken)
         at Microsoft.EntityFrameworkCore.Storage.RelationalCommand.ExecuteReaderAsync(RelationalCommandParameterObject parameterObject, CancellationToken cancellationToken)
         at Microsoft.EntityFrameworkCore.Update.ReaderModificationCommandBatch.ExecuteAsync(IRelationalConnection connection, CancellationToken cancellationToken)
         --- End of inner exception stack trace ---
         at Microsoft.EntityFrameworkCore.Update.ReaderModificationCommandBatch.ExecuteAsync(IRelationalConnection connection, CancellationToken cancellationToken)
         at Microsoft.EntityFrameworkCore.Update.Internal.BatchExecutor.ExecuteAsync(IEnumerable`1 commandBatches, IRelationalConnection connection, CancellationToken cancellationToken)
         at Microsoft.EntityFrameworkCore.Update.Internal.BatchExecutor.ExecuteAsync(IEnumerable`1 commandBatches, IRelationalConnection connection, CancellationToken cancellationToken)
         at Microsoft.EntityFrameworkCore.Update.Internal.BatchExecutor.ExecuteAsync(IEnumerable`1 commandBatches, IRelationalConnection connection, CancellationToken cancellationToken)
         at Microsoft.EntityFrameworkCore.ChangeTracking.Internal.StateManager.SaveChangesAsync(IList`1 entriesToSave, CancellationToken cancellationToken)
         at Microsoft.EntityFrameworkCore.ChangeTracking.Internal.StateManager.SaveChangesAsync(StateManager stateManager, Boolean acceptAllChangesOnSuccess, CancellationToken cancellationToken)
         at Microsoft.EntityFrameworkCore.DbContext.SaveChangesAsync(Boolean acceptAllChangesOnSuccess, CancellationToken cancellationToken)
[xUnit.net 00:00:04.24]       Microsoft.EntityFrameworkCore.DbUpdateException : An error occurred while saving the entity changes. See the inner exception for details.
[xUnit.net 00:00:04.24]       ---- Microsoft.Data.Sqlite.SqliteException : SQLite Error 19: 'FOREIGN KEY constraint failed'.
[xUnit.net 00:00:04.24]       Stack Trace:
[xUnit.net 00:00:04.24]            at Microsoft.EntityFrameworkCore.Update.ReaderModificationCommandBatch.ExecuteAsync(IRelationalConnection connection, CancellationToken cancellationToken)
[xUnit.net 00:00:04.24]            at Microsoft.EntityFrameworkCore.Update.Internal.BatchExecutor.ExecuteAsync(IEnumerable`1 commandBatches, IRelationalConnection connection, CancellationToken cancellationToken)
[xUnit.net 00:00:04.24]            at Microsoft.EntityFrameworkCore.Update.Internal.BatchExecutor.ExecuteAsync(IEnumerable`1 commandBatches, IRelationalConnection connection, CancellationToken cancellationToken)
[xUnit.net 00:00:04.24]            at Microsoft.EntityFrameworkCore.Update.Internal.BatchExecutor.ExecuteAsync(IEnumerable`1 commandBatches, IRelationalConnection connection, CancellationToken cancellationToken)
[xUnit.net 00:00:04.24]            at Microsoft.EntityFrameworkCore.ChangeTracking.Internal.StateManager.SaveChangesAsync(IList`1 entriesToSave, CancellationToken cancellationToken)
[xUnit.net 00:00:04.24]            at Microsoft.EntityFrameworkCore.ChangeTracking.Internal.StateManager.SaveChangesAsync(StateManager stateManager, Boolean acceptAllChangesOnSuccess, CancellationToken cancellationToken)
[xUnit.net 00:00:04.24]            at Microsoft.EntityFrameworkCore.DbContext.SaveChangesAsync(Boolean acceptAllChangesOnSuccess, CancellationToken cancellationToken)
[xUnit.net 00:00:04.24]            at Microsoft.EntityFrameworkCore.DbContext.SaveChangesAsync(Boolean acceptAllChangesOnSuccess, CancellationToken cancellationToken)
[xUnit.net 00:00:04.24]         /home/james/superpanel/superpanel/src/WebAPI/Services/ServerService.cs(48,0): at SuperPanel.WebAPI.Services.ServerService.CreateServerAsync(Server server)
[xUnit.net 00:00:04.24]         /home/james/superpanel/superpanel/src/WebAPI/Controllers/ServersController.cs(86,0): at SuperPanel.WebAPI.Controllers.ServersController.CreateServer(Server server)
[xUnit.net 00:00:04.24]            at lambda_method71(Closure, Object)
[xUnit.net 00:00:04.24]            at Microsoft.AspNetCore.Mvc.Infrastructure.ActionMethodExecutor.AwaitableObjectResultExecutor.Execute(ActionContext actionContext, IActionResultTypeMapper mapper, ObjectMethodExecutor executor, Object controller, Object[] arguments)
[xUnit.net 00:00:04.24]            at Microsoft.AspNetCore.Mvc.Infrastructure.ControllerActionInvoker.&lt;InvokeActionMethodAsync&gt;g__Awaited|12_0(ControllerActionInvoker invoker, ValueTask`1 actionResultValueTask)
[xUnit.net 00:00:04.24]            at Microsoft.AspNetCore.Mvc.Infrastructure.ControllerActionInvoker.&lt;InvokeNextActionFilterAsync&gt;g__Awaited|10_0(ControllerActionInvoker invoker, Task lastTask, State next, Scope scope, Object state, Boolean isCompleted)
[xUnit.net 00:00:04.24]            at Microsoft.AspNetCore.Mvc.Infrastructure.ControllerActionInvoker.Rethrow(ActionExecutedContextSealed context)
[xUnit.net 00:00:04.25]            at Microsoft.AspNetCore.Mvc.Infrastructure.ControllerActionInvoker.Next(State&amp; next, Scope&amp; scope, Object&amp; state, Boolean&amp; isCompleted)
[xUnit.net 00:00:04.25]            at Microsoft.AspNetCore.Mvc.Infrastructure.ControllerActionInvoker.InvokeInnerFilterAsync()
[xUnit.net 00:00:04.25]         --- End of stack trace from previous location ---
[xUnit.net 00:00:04.25]            at Microsoft.AspNetCore.Mvc.Infrastructure.ResourceInvoker.&lt;InvokeFilterPipelineAsync&gt;g__Awaited|20_0(ResourceInvoker invoker, Task lastTask, State next, Scope scope, Object state, Boolean isCompleted)
[xUnit.net 00:00:04.25]            at Microsoft.AspNetCore.Mvc.Infrastructure.ResourceInvoker.&lt;InvokeAsync&gt;g__Awaited|17_0(ResourceInvoker invoker, Task task, IDisposable scope)
[xUnit.net 00:00:04.25]            at Microsoft.AspNetCore.Mvc.Infrastructure.ResourceInvoker.&lt;InvokeAsync&gt;g__Awaited|17_0(ResourceInvoker invoker, Task task, IDisposable scope)
[xUnit.net 00:00:04.25]            at Microsoft.AspNetCore.Authorization.AuthorizationMiddleware.Invoke(HttpContext context)
[xUnit.net 00:00:04.25]            at Microsoft.AspNetCore.Authentication.AuthenticationMiddleware.Invoke(HttpContext context)
[xUnit.net 00:00:04.25]            at Microsoft.AspNetCore.TestHost.HttpContextBuilder.&lt;&gt;c__DisplayClass23_0.&lt;&lt;SendAsync&gt;g__RunRequestAsync|0&gt;d.MoveNext()
[xUnit.net 00:00:04.25]         --- End of stack trace from previous location ---
[xUnit.net 00:00:04.25]            at Microsoft.AspNetCore.TestHost.ClientHandler.SendAsync(HttpRequestMessage request, CancellationToken cancellationToken)
[xUnit.net 00:00:04.25]            at Microsoft.AspNetCore.Mvc.Testing.Handlers.CookieContainerHandler.SendAsync(HttpRequestMessage request, CancellationToken cancellationToken)
[xUnit.net 00:00:04.25]            at Microsoft.AspNetCore.Mvc.Testing.Handlers.RedirectHandler.SendAsync(HttpRequestMessage request, CancellationToken cancellationToken)
[xUnit.net 00:00:04.25]            at System.Net.Http.HttpClient.&lt;SendAsync&gt;g__Core|83_0(HttpRequestMessage request, HttpCompletionOption completionOption, CancellationTokenSource cts, Boolean disposeCts, CancellationTokenSource pendingRequestsCts, CancellationToken originalCancellationToken)
[xUnit.net 00:00:04.25]         /home/james/superpanel/superpanel/src/SuperPanel.WebAPI.Tests/BackupsControllerIntegrationTests.cs(75,0): at SuperPanel.WebAPI.Tests.BackupsControllerIntegrationTests.CreateTestServerAsync()
[xUnit.net 00:00:04.25]         /home/james/superpanel/superpanel/src/SuperPanel.WebAPI.Tests/BackupsControllerIntegrationTests.cs(361,0): at SuperPanel.WebAPI.Tests.BackupsControllerIntegrationTests.DownloadBackup_WithPendingBackup_ShouldReturnBadRequest()
[xUnit.net 00:00:04.25]         --- End of stack trace from previous location ---
[xUnit.net 00:00:04.25]         ----- Inner Stack Trace -----
[xUnit.net 00:00:04.25]            at Microsoft.Data.Sqlite.SqliteException.ThrowExceptionForRC(Int32 rc, sqlite3 db)
[xUnit.net 00:00:04.25]            at Microsoft.Data.Sqlite.SqliteDataReader.NextResult()
[xUnit.net 00:00:04.25]            at Microsoft.Data.Sqlite.SqliteCommand.ExecuteReader(CommandBehavior behavior)
[xUnit.net 00:00:04.25]            at Microsoft.Data.Sqlite.SqliteCommand.ExecuteReaderAsync(CommandBehavior behavior, CancellationToken cancellationToken)
[xUnit.net 00:00:04.25]            at Microsoft.Data.Sqlite.SqliteCommand.ExecuteDbDataReaderAsync(CommandBehavior behavior, CancellationToken cancellationToken)
[xUnit.net 00:00:04.25]            at Microsoft.EntityFrameworkCore.Storage.RelationalCommand.ExecuteReaderAsync(RelationalCommandParameterObject parameterObject, CancellationToken cancellationToken)
[xUnit.net 00:00:04.25]            at Microsoft.EntityFrameworkCore.Storage.RelationalCommand.ExecuteReaderAsync(RelationalCommandParameterObject parameterObject, CancellationToken cancellationToken)
[xUnit.net 00:00:04.25]            at Microsoft.EntityFrameworkCore.Update.ReaderModificationCommandBatch.ExecuteAsync(IRelationalConnection connection, CancellationToken cancellationToken)
[xUnit.net 00:00:04.26]   Finished:    SuperPanel.WebAPI.Tests
</StdOut>
    </Output>
    <RunInfos>
      <RunInfo computerName="super" outcome="Error" timestamp="2025-10-23T04:25:20.6919127-04:00">
        <Text>[xUnit.net 00:00:03.28]     SuperPanel.WebAPI.Tests.BackupsControllerIntegrationTests.DownloadBackup_WithCompletedBackup_ShouldReturnFile [FAIL]</Text>
      </RunInfo>
      <RunInfo computerName="super" outcome="Error" timestamp="2025-10-23T04:25:20.7960438-04:00">
        <Text>[xUnit.net 00:00:03.39]     SuperPanel.WebAPI.Tests.BackupsControllerIntegrationTests.DeleteBackup_WithValidId_ShouldDeleteBackup [FAIL]</Text>
      </RunInfo>
      <RunInfo computerName="super" outcome="Error" timestamp="2025-10-23T04:25:20.8252405-04:00">
        <Text>[xUnit.net 00:00:03.42]     SuperPanel.WebAPI.Tests.BackupsControllerIntegrationTests.RestoreBackup_WithValidData_ShouldRestoreSuccessfully [FAIL]</Text>
      </RunInfo>
      <RunInfo computerName="super" outcome="Error" timestamp="2025-10-23T04:25:20.8462102-04:00">
        <Text>[xUnit.net 00:00:03.44]     SuperPanel.WebAPI.Tests.BackupsControllerIntegrationTests.GetBackup_WithValidId_ShouldReturnBackup [FAIL]</Text>
      </RunInfo>
      <RunInfo computerName="super" outcome="Error" timestamp="2025-10-23T04:25:20.8736555-04:00">
        <Text>[xUnit.net 00:00:03.46]     SuperPanel.WebAPI.Tests.BackupsControllerIntegrationTests.GetBackups_WithoutFilters_ShouldReturnAllBackups [FAIL]</Text>
      </RunInfo>
      <RunInfo computerName="super" outcome="Error" timestamp="2025-10-23T04:25:21.3444808-04:00">
        <Text>[xUnit.net 00:00:03.94]     SuperPanel.WebAPI.Tests.BackupsControllerIntegrationTests.GetBackups_WithServerFilter_ShouldReturnFilteredBackups [FAIL]</Text>
      </RunInfo>
      <RunInfo computerName="super" outcome="Error" timestamp="2025-10-23T04:25:21.3729167-04:00">
        <Text>[xUnit.net 00:00:03.96]     SuperPanel.WebAPI.Tests.BackupsControllerIntegrationTests.CreateBackup_WithValidData_ShouldCreateBackup [FAIL]</Text>
      </RunInfo>
      <RunInfo computerName="super" outcome="Error" timestamp="2025-10-23T04:25:21.6291745-04:00">
        <Text>[xUnit.net 00:00:04.22]     SuperPanel.WebAPI.Tests.BackupsControllerIntegrationTests.RestoreBackup_WithInvalidId_ShouldReturnNotFound [FAIL]</Text>
      </RunInfo>
      <RunInfo computerName="super" outcome="Error" timestamp="2025-10-23T04:25:21.6508435-04:00">
        <Text>[xUnit.net 00:00:04.24]     SuperPanel.WebAPI.Tests.BackupsControllerIntegrationTests.DownloadBackup_WithPendingBackup_ShouldReturnBadRequest [FAIL]</Text>
      </RunInfo>
    </RunInfos>
  </ResultSummary>
</TestRun>