<assemblies timestamp="10/21/2025 19:53:24">
  <assembly name="/home/james/superpanel/superpanel/src/SuperPanel.WebAPI.Tests/bin/Debug/net8.0/SuperPanel.WebAPI.Tests.dll" run-date="2025-10-21" run-time="19:53:24" total="112" passed="79" failed="33" skipped="0" time="10.609" errors="0">
    <errors />
    <collection total="5" passed="5" failed="0" skipped="0" name="Test collection for SuperPanel.WebAPI.Tests.AlertServiceTests" time="1.383">
      <test name="SuperPanel.WebAPI.Tests.AlertServiceTests.CreateAlertRuleAsync_ShouldCreateAndReturnRule" type="SuperPanel.WebAPI.Tests.AlertServiceTests" method="CreateAlertRuleAsync_ShouldCreateAndReturnRule" time="1.2112289" result="Pass">
        <traits />
      </test>
      <test name="SuperPanel.WebAPI.Tests.AlertServiceTests.GetAlertRuleByIdAsync_WithValidId_ShouldReturnRule" type="SuperPanel.WebAPI.Tests.AlertServiceTests" method="GetAlertRuleByIdAsync_WithValidId_ShouldReturnRule" time="0.1033746" result="Pass">
        <traits />
      </test>
      <test name="SuperPanel.WebAPI.Tests.AlertServiceTests.GetAllAlertRulesAsync_ShouldReturnAllRules" type="SuperPanel.WebAPI.Tests.AlertServiceTests" method="GetAllAlertRulesAsync_ShouldReturnAllRules" time="0.0490807" result="Pass">
        <traits />
      </test>
      <test name="SuperPanel.WebAPI.Tests.AlertServiceTests.GetAlertRuleByIdAsync_WithInvalidId_ShouldThrowKeyNotFoundException" type="SuperPanel.WebAPI.Tests.AlertServiceTests" method="GetAlertRuleByIdAsync_WithInvalidId_ShouldThrowKeyNotFoundException" time="0.0065990" result="Pass">
        <traits />
      </test>
      <test name="SuperPanel.WebAPI.Tests.AlertServiceTests.GetAlertStatsAsync_ShouldReturnCorrectStats" type="SuperPanel.WebAPI.Tests.AlertServiceTests" method="GetAlertStatsAsync_ShouldReturnCorrectStats" time="0.0123107" result="Pass">
        <traits />
      </test>
    </collection>
    <collection total="12" passed="10" failed="2" skipped="0" name="Test collection for SuperPanel.WebAPI.Tests.AuthControllerIntegrationTests" time="8.064">
      <test name="SuperPanel.WebAPI.Tests.AuthControllerIntegrationTests.Register_WithDuplicateEmail_ShouldReturnBadRequest" type="SuperPanel.WebAPI.Tests.AuthControllerIntegrationTests" method="Register_WithDuplicateEmail_ShouldReturnBadRequest" time="2.8475999" result="Pass">
        <traits />
      </test>
      <test name="SuperPanel.WebAPI.Tests.AuthControllerIntegrationTests.Register_WithDuplicateUsername_ShouldReturnBadRequest" type="SuperPanel.WebAPI.Tests.AuthControllerIntegrationTests" method="Register_WithDuplicateUsername_ShouldReturnBadRequest" time="0.4777101" result="Pass">
        <traits />
      </test>
      <test name="SuperPanel.WebAPI.Tests.AuthControllerIntegrationTests.GetCurrentUser_WithValidToken_ShouldReturnUserInfo" type="SuperPanel.WebAPI.Tests.AuthControllerIntegrationTests" method="GetCurrentUser_WithValidToken_ShouldReturnUserInfo" time="0.5008146" result="Fail">
        <failure>
          <message>Expected response.StatusCode to be HttpStatusCode.OK {value: 200}, but found HttpStatusCode.Unauthorized {value: 401}.</message>
          <stack-trace>   at FluentAssertions.Execution.XUnit2TestFramework.Throw(String message)
   at FluentAssertions.Execution.TestFrameworkProvider.Throw(String message)
   at FluentAssertions.Execution.DefaultAssertionStrategy.HandleFailure(String message)
   at FluentAssertions.Execution.AssertionScope.FailWith(Func`1 failReasonFunc)
   at FluentAssertions.Execution.AssertionScope.FailWith(Func`1 failReasonFunc)
   at FluentAssertions.Execution.AssertionScope.FailWith(String message, Object[] args)
   at FluentAssertions.Primitives.EnumAssertions`2.Be(TEnum expected, String because, Object[] becauseArgs)
   at SuperPanel.WebAPI.Tests.AuthControllerIntegrationTests.GetCurrentUser_WithValidToken_ShouldReturnUserInfo() in /home/james/superpanel/superpanel/src/SuperPanel.WebAPI.Tests/AuthControllerIntegrationTests.cs:line 308
--- End of stack trace from previous location ---</stack-trace>
        </failure>
        <traits />
      </test>
      <test name="SuperPanel.WebAPI.Tests.AuthControllerIntegrationTests.Login_WithNonExistentUser_ShouldReturnUnauthorized" type="SuperPanel.WebAPI.Tests.AuthControllerIntegrationTests" method="Login_WithNonExistentUser_ShouldReturnUnauthorized" time="0.2880172" result="Pass">
        <traits />
      </test>
      <test name="SuperPanel.WebAPI.Tests.AuthControllerIntegrationTests.Register_WithValidData_ShouldReturnOkWithToken" type="SuperPanel.WebAPI.Tests.AuthControllerIntegrationTests" method="Register_WithValidData_ShouldReturnOkWithToken" time="0.5417604" result="Pass">
        <traits />
      </test>
      <test name="SuperPanel.WebAPI.Tests.AuthControllerIntegrationTests.GetCurrentUser_WithoutToken_ShouldReturnUnauthorized" type="SuperPanel.WebAPI.Tests.AuthControllerIntegrationTests" method="GetCurrentUser_WithoutToken_ShouldReturnUnauthorized" time="0.2910895" result="Pass">
        <traits />
      </test>
      <test name="SuperPanel.WebAPI.Tests.AuthControllerIntegrationTests.GetCurrentUser_WithInvalidToken_ShouldReturnUnauthorized" type="SuperPanel.WebAPI.Tests.AuthControllerIntegrationTests" method="GetCurrentUser_WithInvalidToken_ShouldReturnUnauthorized" time="0.2730770" result="Pass">
        <traits />
      </test>
      <test name="SuperPanel.WebAPI.Tests.AuthControllerIntegrationTests.Login_WithInvalidPassword_ShouldReturnUnauthorized" type="SuperPanel.WebAPI.Tests.AuthControllerIntegrationTests" method="Login_WithInvalidPassword_ShouldReturnUnauthorized" time="0.6298349" result="Pass">
        <traits />
      </test>
      <test name="SuperPanel.WebAPI.Tests.AuthControllerIntegrationTests.Register_WithAdminRole_ShouldCreateAdminUser" type="SuperPanel.WebAPI.Tests.AuthControllerIntegrationTests" method="Register_WithAdminRole_ShouldCreateAdminUser" time="0.4871430" result="Pass">
        <traits />
      </test>
      <test name="SuperPanel.WebAPI.Tests.AuthControllerIntegrationTests.Login_WithValidCredentials_ShouldReturnOkWithToken" type="SuperPanel.WebAPI.Tests.AuthControllerIntegrationTests" method="Login_WithValidCredentials_ShouldReturnOkWithToken" time="0.6267466" result="Pass">
        <traits />
      </test>
      <test name="SuperPanel.WebAPI.Tests.AuthControllerIntegrationTests.Login_WithInactiveUser_ShouldReturnUnauthorized" type="SuperPanel.WebAPI.Tests.AuthControllerIntegrationTests" method="Login_WithInactiveUser_ShouldReturnUnauthorized" time="0.4662612" result="Pass">
        <traits />
      </test>
      <test name="SuperPanel.WebAPI.Tests.AuthControllerIntegrationTests.FullAuthenticationFlow_RegisterLoginAndAccessProtectedEndpoint_ShouldSucceed" type="SuperPanel.WebAPI.Tests.AuthControllerIntegrationTests" method="FullAuthenticationFlow_RegisterLoginAndAccessProtectedEndpoint_ShouldSucceed" time="0.6341546" result="Fail">
        <failure>
          <message>Expected meResponse.StatusCode to be HttpStatusCode.OK {value: 200}, but found HttpStatusCode.Unauthorized {value: 401}.</message>
          <stack-trace>   at FluentAssertions.Execution.XUnit2TestFramework.Throw(String message)
   at FluentAssertions.Execution.TestFrameworkProvider.Throw(String message)
   at FluentAssertions.Execution.DefaultAssertionStrategy.HandleFailure(String message)
   at FluentAssertions.Execution.AssertionScope.FailWith(Func`1 failReasonFunc)
   at FluentAssertions.Execution.AssertionScope.FailWith(Func`1 failReasonFunc)
   at FluentAssertions.Execution.AssertionScope.FailWith(String message, Object[] args)
   at FluentAssertions.Primitives.EnumAssertions`2.Be(TEnum expected, String because, Object[] becauseArgs)
   at SuperPanel.WebAPI.Tests.AuthControllerIntegrationTests.FullAuthenticationFlow_RegisterLoginAndAccessProtectedEndpoint_ShouldSucceed() in /home/james/superpanel/superpanel/src/SuperPanel.WebAPI.Tests/AuthControllerIntegrationTests.cs:line 380
--- End of stack trace from previous location ---</stack-trace>
        </failure>
        <traits />
      </test>
    </collection>
    <collection total="19" passed="17" failed="2" skipped="0" name="Test collection for SuperPanel.WebAPI.Tests.AuthServiceTests" time="6.382">
      <test name="SuperPanel.WebAPI.Tests.AuthServiceTests.RegisterAsync_WithAdminRole_ShouldCreateAdminUser" type="SuperPanel.WebAPI.Tests.AuthServiceTests" method="RegisterAsync_WithAdminRole_ShouldCreateAdminUser" time="1.7100078" result="Pass">
        <traits />
      </test>
      <test name="SuperPanel.WebAPI.Tests.AuthServiceTests.HashPassword_WithSamePassword_ShouldGenerateDifferentHashes" type="SuperPanel.WebAPI.Tests.AuthServiceTests" method="HashPassword_WithSamePassword_ShouldGenerateDifferentHashes" time="1.0611324" result="Pass">
        <traits />
      </test>
      <test name="SuperPanel.WebAPI.Tests.AuthServiceTests.AuthenticateAsync_ShouldUpdateLastLoginTime" type="SuperPanel.WebAPI.Tests.AuthServiceTests" method="AuthenticateAsync_ShouldUpdateLastLoginTime" time="0.3709709" result="Pass">
        <traits />
      </test>
      <test name="SuperPanel.WebAPI.Tests.AuthServiceTests.UserExistsAsync_WithExistingEmail_ShouldReturnTrue" type="SuperPanel.WebAPI.Tests.AuthServiceTests" method="UserExistsAsync_WithExistingEmail_ShouldReturnTrue" time="0.1604183" result="Pass">
        <traits />
      </test>
      <test name="SuperPanel.WebAPI.Tests.AuthServiceTests.VerifyPassword_WithIncorrectPassword_ShouldReturnFalse" type="SuperPanel.WebAPI.Tests.AuthServiceTests" method="VerifyPassword_WithIncorrectPassword_ShouldReturnFalse" time="0.3921694" result="Pass">
        <traits />
      </test>
      <test name="SuperPanel.WebAPI.Tests.AuthServiceTests.AuthenticateAsync_WithNonExistentUser_ShouldReturnNull" type="SuperPanel.WebAPI.Tests.AuthServiceTests" method="AuthenticateAsync_WithNonExistentUser_ShouldReturnNull" time="0.0023867" result="Pass">
        <traits />
      </test>
      <test name="SuperPanel.WebAPI.Tests.AuthServiceTests.RegisterAsync_WithDuplicateUsername_ShouldThrowException" type="SuperPanel.WebAPI.Tests.AuthServiceTests" method="RegisterAsync_WithDuplicateUsername_ShouldThrowException" time="0.1636232" result="Pass">
        <traits />
      </test>
      <test name="SuperPanel.WebAPI.Tests.AuthServiceTests.HashPassword_ShouldGenerateHashAndSalt" type="SuperPanel.WebAPI.Tests.AuthServiceTests" method="HashPassword_ShouldGenerateHashAndSalt" time="0.1774461" result="Pass">
        <traits />
      </test>
      <test name="SuperPanel.WebAPI.Tests.AuthServiceTests.AuthenticateAsync_WithInactiveUser_ShouldReturnNull" type="SuperPanel.WebAPI.Tests.AuthServiceTests" method="AuthenticateAsync_WithInactiveUser_ShouldReturnNull" time="0.1704822" result="Pass">
        <traits />
      </test>
      <test name="SuperPanel.WebAPI.Tests.AuthServiceTests.RegisterAsync_WithDuplicateEmail_ShouldThrowException" type="SuperPanel.WebAPI.Tests.AuthServiceTests" method="RegisterAsync_WithDuplicateEmail_ShouldThrowException" time="0.2276519" result="Pass">
        <traits />
      </test>
      <test name="SuperPanel.WebAPI.Tests.AuthServiceTests.UserExistsAsync_WithExistingUsername_ShouldReturnTrue" type="SuperPanel.WebAPI.Tests.AuthServiceTests" method="UserExistsAsync_WithExistingUsername_ShouldReturnTrue" time="0.1775912" result="Pass">
        <traits />
      </test>
      <test name="SuperPanel.WebAPI.Tests.AuthServiceTests.AuthenticateAsync_WithValidCredentials_ShouldReturnUser" type="SuperPanel.WebAPI.Tests.AuthServiceTests" method="AuthenticateAsync_WithValidCredentials_ShouldReturnUser" time="0.3424009" result="Pass">
        <traits />
      </test>
      <test name="SuperPanel.WebAPI.Tests.AuthServiceTests.AuthenticateAsync_WithInvalidPassword_ShouldReturnNull" type="SuperPanel.WebAPI.Tests.AuthServiceTests" method="AuthenticateAsync_WithInvalidPassword_ShouldReturnNull" time="0.3444339" result="Pass">
        <traits />
      </test>
      <test name="SuperPanel.WebAPI.Tests.AuthServiceTests.GenerateJwtToken_ForAdminUser_ShouldIncludeAdminRole" type="SuperPanel.WebAPI.Tests.AuthServiceTests" method="GenerateJwtToken_ForAdminUser_ShouldIncludeAdminRole" time="0.0181445" result="Fail">
        <failure>
          <message>Expected jwtToken.Claims {http://schemas.xmlsoap.org/ws/2005/05/identity/claims/nameidentifier: 1, http://schemas.xmlsoap.org/ws/2005/05/identity/claims/name: admin, http://schemas.xmlsoap.org/ws/2005/05/identity/claims/emailaddress: admin@example.com, http://schemas.microsoft.com/ws/2008/06/identity/claims/role: Administrator, jti: d4bdc241-736c-4a6b-aabe-90998463ce20, exp: 1761162810, iss: SuperPanel, aud: SuperPanelUsers} to have an item matching ((c.Type == "role") AndAlso (c.Value == "Administrator")).</message>
          <stack-trace>   at FluentAssertions.Execution.XUnit2TestFramework.Throw(String message)
   at FluentAssertions.Execution.TestFrameworkProvider.Throw(String message)
   at FluentAssertions.Execution.DefaultAssertionStrategy.HandleFailure(String message)
   at FluentAssertions.Execution.AssertionScope.FailWith(Func`1 failReasonFunc)
   at FluentAssertions.Execution.AssertionScope.FailWith(Func`1 failReasonFunc)
   at FluentAssertions.Execution.AssertionScope.FailWith(String message, Object[] args)
   at FluentAssertions.Collections.GenericCollectionAssertions`3.Contain(Expression`1 predicate, String because, Object[] becauseArgs)
   at SuperPanel.WebAPI.Tests.AuthServiceTests.GenerateJwtToken_ForAdminUser_ShouldIncludeAdminRole() in /home/james/superpanel/superpanel/src/SuperPanel.WebAPI.Tests/AuthServiceTests.cs:line 285
   at System.RuntimeMethodHandle.InvokeMethod(Object target, Void** arguments, Signature sig, Boolean isConstructor)
   at System.Reflection.MethodBaseInvoker.InvokeWithNoArgs(Object obj, BindingFlags invokeAttr)</stack-trace>
        </failure>
        <traits />
      </test>
      <test name="SuperPanel.WebAPI.Tests.AuthServiceTests.VerifyPassword_WithCorrectPassword_ShouldReturnTrue" type="SuperPanel.WebAPI.Tests.AuthServiceTests" method="VerifyPassword_WithCorrectPassword_ShouldReturnTrue" time="0.3394245" result="Pass">
        <traits />
      </test>
      <test name="SuperPanel.WebAPI.Tests.AuthServiceTests.GenerateJwtToken_ShouldReturnValidToken" type="SuperPanel.WebAPI.Tests.AuthServiceTests" method="GenerateJwtToken_ShouldReturnValidToken" time="0.0057295" result="Fail">
        <failure>
          <message>Expected jwtToken.Claims {http://schemas.xmlsoap.org/ws/2005/05/identity/claims/nameidentifier: 1, http://schemas.xmlsoap.org/ws/2005/05/identity/claims/name: testuser, http://schemas.xmlsoap.org/ws/2005/05/identity/claims/emailaddress: test@example.com, http://schemas.microsoft.com/ws/2008/06/identity/claims/role: User, jti: e2fb4362-7111-4e1d-b309-6dcc2f663cec, exp: 1761162810, iss: SuperPanel, aud: SuperPanelUsers} to have an item matching ((c.Type == "nameid") AndAlso (c.Value == "1")).</message>
          <stack-trace>   at FluentAssertions.Execution.XUnit2TestFramework.Throw(String message)
   at FluentAssertions.Execution.TestFrameworkProvider.Throw(String message)
   at FluentAssertions.Execution.DefaultAssertionStrategy.HandleFailure(String message)
   at FluentAssertions.Execution.AssertionScope.FailWith(Func`1 failReasonFunc)
   at FluentAssertions.Execution.AssertionScope.FailWith(Func`1 failReasonFunc)
   at FluentAssertions.Execution.AssertionScope.FailWith(String message, Object[] args)
   at FluentAssertions.Collections.GenericCollectionAssertions`3.Contain(Expression`1 predicate, String because, Object[] becauseArgs)
   at SuperPanel.WebAPI.Tests.AuthServiceTests.GenerateJwtToken_ShouldReturnValidToken() in /home/james/superpanel/superpanel/src/SuperPanel.WebAPI.Tests/AuthServiceTests.cs:line 255
   at System.RuntimeMethodHandle.InvokeMethod(Object target, Void** arguments, Signature sig, Boolean isConstructor)
   at System.Reflection.MethodBaseInvoker.InvokeWithNoArgs(Object obj, BindingFlags invokeAttr)</stack-trace>
        </failure>
        <traits />
      </test>
      <test name="SuperPanel.WebAPI.Tests.AuthServiceTests.RegisterAsync_MultipleUsers_ShouldAssignUniqueIds" type="SuperPanel.WebAPI.Tests.AuthServiceTests" method="RegisterAsync_MultipleUsers_ShouldAssignUniqueIds" time="0.4970007" result="Pass">
        <traits />
      </test>
      <test name="SuperPanel.WebAPI.Tests.AuthServiceTests.RegisterAsync_WithValidData_ShouldCreateUser" type="SuperPanel.WebAPI.Tests.AuthServiceTests" method="RegisterAsync_WithValidData_ShouldCreateUser" time="0.2195077" result="Pass">
        <traits />
      </test>
      <test name="SuperPanel.WebAPI.Tests.AuthServiceTests.UserExistsAsync_WithNonExistentUser_ShouldReturnFalse" type="SuperPanel.WebAPI.Tests.AuthServiceTests" method="UserExistsAsync_WithNonExistentUser_ShouldReturnFalse" time="0.0018870" result="Pass">
        <traits />
      </test>
    </collection>
    <collection total="8" passed="7" failed="1" skipped="0" name="Test collection for SuperPanel.WebAPI.Tests.BackupServiceTests" time="2.149">
      <test name="SuperPanel.WebAPI.Tests.BackupServiceTests.CreateBackupAsync_ShouldCreateAndReturnBackup" type="SuperPanel.WebAPI.Tests.BackupServiceTests" method="CreateBackupAsync_ShouldCreateAndReturnBackup" time="1.3363564" result="Pass">
        <traits />
      </test>
      <test name="SuperPanel.WebAPI.Tests.BackupServiceTests.GetBackupAsync_WithInvalidId_ShouldReturnNull" type="SuperPanel.WebAPI.Tests.BackupServiceTests" method="GetBackupAsync_WithInvalidId_ShouldReturnNull" time="0.1159733" result="Pass">
        <traits />
      </test>
      <test name="SuperPanel.WebAPI.Tests.BackupServiceTests.DeleteBackupAsync_WithInvalidId_ShouldReturnFalse" type="SuperPanel.WebAPI.Tests.BackupServiceTests" method="DeleteBackupAsync_WithInvalidId_ShouldReturnFalse" time="0.0130599" result="Pass">
        <traits />
      </test>
      <test name="SuperPanel.WebAPI.Tests.BackupServiceTests.DeleteBackupAsync_WithValidId_ShouldReturnTrue" type="SuperPanel.WebAPI.Tests.BackupServiceTests" method="DeleteBackupAsync_WithValidId_ShouldReturnTrue" time="0.1173126" result="Pass">
        <traits />
      </test>
      <test name="SuperPanel.WebAPI.Tests.BackupServiceTests.GetBackupsAsync_ShouldReturnAllBackups" type="SuperPanel.WebAPI.Tests.BackupServiceTests" method="GetBackupsAsync_ShouldReturnAllBackups" time="0.0729812" result="Pass">
        <traits />
      </test>
      <test name="SuperPanel.WebAPI.Tests.BackupServiceTests.GetBackupsAsync_WithDatabaseId_ShouldFilterByDatabase" type="SuperPanel.WebAPI.Tests.BackupServiceTests" method="GetBackupsAsync_WithDatabaseId_ShouldFilterByDatabase" time="0.3802304" result="Pass">
        <traits />
      </test>
      <test name="SuperPanel.WebAPI.Tests.BackupServiceTests.GetBackupsAsync_WithServerId_ShouldFilterByServer" type="SuperPanel.WebAPI.Tests.BackupServiceTests" method="GetBackupsAsync_WithServerId_ShouldFilterByServer" time="0.0056031" result="Fail">
        <failure>
          <message>System.InvalidOperationException : A second operation was started on this context instance before a previous operation completed. This is usually caused by different threads concurrently using the same instance of DbContext. For more information on how to avoid threading issues with DbContext, see https://go.microsoft.com/fwlink/?linkid=2097913.</message>
          <stack-trace>   at Microsoft.EntityFrameworkCore.Infrastructure.Internal.ConcurrencyDetector.EnterCriticalSection()
   at Microsoft.EntityFrameworkCore.ChangeTracking.Internal.StateManager.SaveChangesAsync(IList`1 entriesToSave, CancellationToken cancellationToken)
   at Microsoft.EntityFrameworkCore.ChangeTracking.Internal.StateManager.SaveChangesAsync(StateManager stateManager, Boolean acceptAllChangesOnSuccess, CancellationToken cancellationToken)
   at Microsoft.EntityFrameworkCore.DbContext.SaveChangesAsync(Boolean acceptAllChangesOnSuccess, CancellationToken cancellationToken)
   at Microsoft.EntityFrameworkCore.DbContext.SaveChangesAsync(Boolean acceptAllChangesOnSuccess, CancellationToken cancellationToken)
   at SuperPanel.WebAPI.Services.BackupService.CreateBackupAsync(BackupRequest request, Int32 userId) in /home/james/superpanel/superpanel/src/WebAPI/Services/BackupService.cs:line 46
   at SuperPanel.WebAPI.Tests.BackupServiceTests.GetBackupsAsync_WithServerId_ShouldFilterByServer() in /home/james/superpanel/superpanel/src/SuperPanel.WebAPI.Tests/BackupServiceTests.cs:line 187
--- End of stack trace from previous location ---</stack-trace>
        </failure>
        <traits />
      </test>
      <test name="SuperPanel.WebAPI.Tests.BackupServiceTests.GetBackupAsync_WithValidId_ShouldReturnBackup" type="SuperPanel.WebAPI.Tests.BackupServiceTests" method="GetBackupAsync_WithValidId_ShouldReturnBackup" time="0.1076797" result="Pass">
        <traits />
      </test>
    </collection>
    <collection total="16" passed="2" failed="14" skipped="0" name="Test collection for SuperPanel.WebAPI.Tests.DatabasesControllerIntegrationTests" time="9.455">
      <test name="SuperPanel.WebAPI.Tests.DatabasesControllerIntegrationTests.CreateDatabase_WithoutAuthentication_ShouldReturnUnauthorized" type="SuperPanel.WebAPI.Tests.DatabasesControllerIntegrationTests" method="CreateDatabase_WithoutAuthentication_ShouldReturnUnauthorized" time="2.4022907" result="Pass">
        <traits />
      </test>
      <test name="SuperPanel.WebAPI.Tests.DatabasesControllerIntegrationTests.GetDatabaseById_WithNonExistentId_ShouldReturnNotFound" type="SuperPanel.WebAPI.Tests.DatabasesControllerIntegrationTests" method="GetDatabaseById_WithNonExistentId_ShouldReturnNotFound" time="0.7665237" result="Fail">
        <failure>
          <message>Expected response.StatusCode to be HttpStatusCode.NotFound {value: 404}, but found HttpStatusCode.Unauthorized {value: 401}.</message>
          <stack-trace>   at FluentAssertions.Execution.XUnit2TestFramework.Throw(String message)
   at FluentAssertions.Execution.TestFrameworkProvider.Throw(String message)
   at FluentAssertions.Execution.DefaultAssertionStrategy.HandleFailure(String message)
   at FluentAssertions.Execution.AssertionScope.FailWith(Func`1 failReasonFunc)
   at FluentAssertions.Execution.AssertionScope.FailWith(Func`1 failReasonFunc)
   at FluentAssertions.Execution.AssertionScope.FailWith(String message, Object[] args)
   at FluentAssertions.Primitives.EnumAssertions`2.Be(TEnum expected, String because, Object[] becauseArgs)
   at SuperPanel.WebAPI.Tests.DatabasesControllerIntegrationTests.GetDatabaseById_WithNonExistentId_ShouldReturnNotFound() in /home/james/superpanel/superpanel/src/SuperPanel.WebAPI.Tests/DatabasesControllerIntegrationTests.cs:line 551
--- End of stack trace from previous location ---</stack-trace>
        </failure>
        <traits />
      </test>
      <test name="SuperPanel.WebAPI.Tests.DatabasesControllerIntegrationTests.DeleteDatabase_WithoutOwnership_ShouldReturnForbidden" type="SuperPanel.WebAPI.Tests.DatabasesControllerIntegrationTests" method="DeleteDatabase_WithoutOwnership_ShouldReturnForbidden" time="0.4898415" result="Fail">
        <failure>
          <message>System.Text.Json.JsonException : The input does not contain any JSON tokens. Expected the input to start with a valid JSON token, when isFinalBlock is true. Path: $ | LineNumber: 0 | BytePositionInLine: 0.
---- System.Text.Json.JsonReaderException : The input does not contain any JSON tokens. Expected the input to start with a valid JSON token, when isFinalBlock is true. LineNumber: 0 | BytePositionInLine: 0.</message>
          <stack-trace>   at System.Text.Json.ThrowHelper.ReThrowWithPath(ReadStack&amp; state, JsonReaderException ex)
   at System.Text.Json.Serialization.JsonConverter`1.ReadCore(Utf8JsonReader&amp; reader, JsonSerializerOptions options, ReadStack&amp; state)
   at System.Text.Json.Serialization.Metadata.JsonTypeInfo`1.ContinueDeserialize(ReadBufferState&amp; bufferState, JsonReaderState&amp; jsonReaderState, ReadStack&amp; readStack)
   at System.Text.Json.Serialization.Metadata.JsonTypeInfo`1.DeserializeAsync(Stream utf8Json, CancellationToken cancellationToken)
   at System.Net.Http.Json.HttpContentJsonExtensions.ReadFromJsonAsyncCore[T](HttpContent content, JsonSerializerOptions options, CancellationToken cancellationToken)
   at SuperPanel.WebAPI.Tests.DatabasesControllerIntegrationTests.CreateServerAsync(Int32 userId) in /home/james/superpanel/superpanel/src/SuperPanel.WebAPI.Tests/DatabasesControllerIntegrationTests.cs:line 97
   at SuperPanel.WebAPI.Tests.DatabasesControllerIntegrationTests.DeleteDatabase_WithoutOwnership_ShouldReturnForbidden() in /home/james/superpanel/superpanel/src/SuperPanel.WebAPI.Tests/DatabasesControllerIntegrationTests.cs:line 425
--- End of stack trace from previous location ---
----- Inner Stack Trace -----
   at System.Text.Json.ThrowHelper.ThrowJsonReaderException(Utf8JsonReader&amp; json, ExceptionResource resource, Byte nextByte, ReadOnlySpan`1 bytes)
   at System.Text.Json.Utf8JsonReader.Read()
   at System.Text.Json.Serialization.JsonConverter`1.ReadCore(Utf8JsonReader&amp; reader, JsonSerializerOptions options, ReadStack&amp; state)</stack-trace>
        </failure>
        <traits />
      </test>
      <test name="SuperPanel.WebAPI.Tests.DatabasesControllerIntegrationTests.GetDatabaseById_WithOwnership_ShouldReturnDatabase" type="SuperPanel.WebAPI.Tests.DatabasesControllerIntegrationTests" method="GetDatabaseById_WithOwnership_ShouldReturnDatabase" time="0.4743653" result="Fail">
        <failure>
          <message>System.Text.Json.JsonException : The input does not contain any JSON tokens. Expected the input to start with a valid JSON token, when isFinalBlock is true. Path: $ | LineNumber: 0 | BytePositionInLine: 0.
---- System.Text.Json.JsonReaderException : The input does not contain any JSON tokens. Expected the input to start with a valid JSON token, when isFinalBlock is true. LineNumber: 0 | BytePositionInLine: 0.</message>
          <stack-trace>   at System.Text.Json.ThrowHelper.ReThrowWithPath(ReadStack&amp; state, JsonReaderException ex)
   at System.Text.Json.Serialization.JsonConverter`1.ReadCore(Utf8JsonReader&amp; reader, JsonSerializerOptions options, ReadStack&amp; state)
   at System.Text.Json.Serialization.Metadata.JsonTypeInfo`1.ContinueDeserialize(ReadBufferState&amp; bufferState, JsonReaderState&amp; jsonReaderState, ReadStack&amp; readStack)
   at System.Text.Json.Serialization.Metadata.JsonTypeInfo`1.DeserializeAsync(Stream utf8Json, CancellationToken cancellationToken)
   at System.Net.Http.Json.HttpContentJsonExtensions.ReadFromJsonAsyncCore[T](HttpContent content, JsonSerializerOptions options, CancellationToken cancellationToken)
   at SuperPanel.WebAPI.Tests.DatabasesControllerIntegrationTests.CreateServerAsync(Int32 userId) in /home/james/superpanel/superpanel/src/SuperPanel.WebAPI.Tests/DatabasesControllerIntegrationTests.cs:line 97
   at SuperPanel.WebAPI.Tests.DatabasesControllerIntegrationTests.GetDatabaseById_WithOwnership_ShouldReturnDatabase() in /home/james/superpanel/superpanel/src/SuperPanel.WebAPI.Tests/DatabasesControllerIntegrationTests.cs:line 207
--- End of stack trace from previous location ---
----- Inner Stack Trace -----
   at System.Text.Json.ThrowHelper.ThrowJsonReaderException(Utf8JsonReader&amp; json, ExceptionResource resource, Byte nextByte, ReadOnlySpan`1 bytes)
   at System.Text.Json.Utf8JsonReader.Read()
   at System.Text.Json.Serialization.JsonConverter`1.ReadCore(Utf8JsonReader&amp; reader, JsonSerializerOptions options, ReadStack&amp; state)</stack-trace>
        </failure>
        <traits />
      </test>
      <test name="SuperPanel.WebAPI.Tests.DatabasesControllerIntegrationTests.GetDatabases_WithAuthentication_ShouldReturnUserDatabases" type="SuperPanel.WebAPI.Tests.DatabasesControllerIntegrationTests" method="GetDatabases_WithAuthentication_ShouldReturnUserDatabases" time="0.5279803" result="Fail">
        <failure>
          <message>System.Text.Json.JsonException : The input does not contain any JSON tokens. Expected the input to start with a valid JSON token, when isFinalBlock is true. Path: $ | LineNumber: 0 | BytePositionInLine: 0.
---- System.Text.Json.JsonReaderException : The input does not contain any JSON tokens. Expected the input to start with a valid JSON token, when isFinalBlock is true. LineNumber: 0 | BytePositionInLine: 0.</message>
          <stack-trace>   at System.Text.Json.ThrowHelper.ReThrowWithPath(ReadStack&amp; state, JsonReaderException ex)
   at System.Text.Json.Serialization.JsonConverter`1.ReadCore(Utf8JsonReader&amp; reader, JsonSerializerOptions options, ReadStack&amp; state)
   at System.Text.Json.Serialization.Metadata.JsonTypeInfo`1.ContinueDeserialize(ReadBufferState&amp; bufferState, JsonReaderState&amp; jsonReaderState, ReadStack&amp; readStack)
   at System.Text.Json.Serialization.Metadata.JsonTypeInfo`1.DeserializeAsync(Stream utf8Json, CancellationToken cancellationToken)
   at System.Net.Http.Json.HttpContentJsonExtensions.ReadFromJsonAsyncCore[T](HttpContent content, JsonSerializerOptions options, CancellationToken cancellationToken)
   at SuperPanel.WebAPI.Tests.DatabasesControllerIntegrationTests.CreateServerAsync(Int32 userId) in /home/james/superpanel/superpanel/src/SuperPanel.WebAPI.Tests/DatabasesControllerIntegrationTests.cs:line 97
   at SuperPanel.WebAPI.Tests.DatabasesControllerIntegrationTests.GetDatabases_WithAuthentication_ShouldReturnUserDatabases() in /home/james/superpanel/superpanel/src/SuperPanel.WebAPI.Tests/DatabasesControllerIntegrationTests.cs:line 143
--- End of stack trace from previous location ---
----- Inner Stack Trace -----
   at System.Text.Json.ThrowHelper.ThrowJsonReaderException(Utf8JsonReader&amp; json, ExceptionResource resource, Byte nextByte, ReadOnlySpan`1 bytes)
   at System.Text.Json.Utf8JsonReader.Read()
   at System.Text.Json.Serialization.JsonConverter`1.ReadCore(Utf8JsonReader&amp; reader, JsonSerializerOptions options, ReadStack&amp; state)</stack-trace>
        </failure>
        <traits />
      </test>
      <test name="SuperPanel.WebAPI.Tests.DatabasesControllerIntegrationTests.GetDatabasesByServer_ShouldReturnDatabasesForServer" type="SuperPanel.WebAPI.Tests.DatabasesControllerIntegrationTests" method="GetDatabasesByServer_ShouldReturnDatabasesForServer" time="0.4450428" result="Fail">
        <failure>
          <message>System.Text.Json.JsonException : The input does not contain any JSON tokens. Expected the input to start with a valid JSON token, when isFinalBlock is true. Path: $ | LineNumber: 0 | BytePositionInLine: 0.
---- System.Text.Json.JsonReaderException : The input does not contain any JSON tokens. Expected the input to start with a valid JSON token, when isFinalBlock is true. LineNumber: 0 | BytePositionInLine: 0.</message>
          <stack-trace>   at System.Text.Json.ThrowHelper.ReThrowWithPath(ReadStack&amp; state, JsonReaderException ex)
   at System.Text.Json.Serialization.JsonConverter`1.ReadCore(Utf8JsonReader&amp; reader, JsonSerializerOptions options, ReadStack&amp; state)
   at System.Text.Json.Serialization.Metadata.JsonTypeInfo`1.ContinueDeserialize(ReadBufferState&amp; bufferState, JsonReaderState&amp; jsonReaderState, ReadStack&amp; readStack)
   at System.Text.Json.Serialization.Metadata.JsonTypeInfo`1.DeserializeAsync(Stream utf8Json, CancellationToken cancellationToken)
   at System.Net.Http.Json.HttpContentJsonExtensions.ReadFromJsonAsyncCore[T](HttpContent content, JsonSerializerOptions options, CancellationToken cancellationToken)
   at SuperPanel.WebAPI.Tests.DatabasesControllerIntegrationTests.CreateServerAsync(Int32 userId) in /home/james/superpanel/superpanel/src/SuperPanel.WebAPI.Tests/DatabasesControllerIntegrationTests.cs:line 97
   at SuperPanel.WebAPI.Tests.DatabasesControllerIntegrationTests.GetDatabasesByServer_ShouldReturnDatabasesForServer() in /home/james/superpanel/superpanel/src/SuperPanel.WebAPI.Tests/DatabasesControllerIntegrationTests.cs:line 317
--- End of stack trace from previous location ---
----- Inner Stack Trace -----
   at System.Text.Json.ThrowHelper.ThrowJsonReaderException(Utf8JsonReader&amp; json, ExceptionResource resource, Byte nextByte, ReadOnlySpan`1 bytes)
   at System.Text.Json.Utf8JsonReader.Read()
   at System.Text.Json.Serialization.JsonConverter`1.ReadCore(Utf8JsonReader&amp; reader, JsonSerializerOptions options, ReadStack&amp; state)</stack-trace>
        </failure>
        <traits />
      </test>
      <test name="SuperPanel.WebAPI.Tests.DatabasesControllerIntegrationTests.UpdateDatabase_WithoutOwnership_ShouldReturnForbidden" type="SuperPanel.WebAPI.Tests.DatabasesControllerIntegrationTests" method="UpdateDatabase_WithoutOwnership_ShouldReturnForbidden" time="0.4991841" result="Fail">
        <failure>
          <message>System.Text.Json.JsonException : The input does not contain any JSON tokens. Expected the input to start with a valid JSON token, when isFinalBlock is true. Path: $ | LineNumber: 0 | BytePositionInLine: 0.
---- System.Text.Json.JsonReaderException : The input does not contain any JSON tokens. Expected the input to start with a valid JSON token, when isFinalBlock is true. LineNumber: 0 | BytePositionInLine: 0.</message>
          <stack-trace>   at System.Text.Json.ThrowHelper.ReThrowWithPath(ReadStack&amp; state, JsonReaderException ex)
   at System.Text.Json.Serialization.JsonConverter`1.ReadCore(Utf8JsonReader&amp; reader, JsonSerializerOptions options, ReadStack&amp; state)
   at System.Text.Json.Serialization.Metadata.JsonTypeInfo`1.ContinueDeserialize(ReadBufferState&amp; bufferState, JsonReaderState&amp; jsonReaderState, ReadStack&amp; readStack)
   at System.Text.Json.Serialization.Metadata.JsonTypeInfo`1.DeserializeAsync(Stream utf8Json, CancellationToken cancellationToken)
   at System.Net.Http.Json.HttpContentJsonExtensions.ReadFromJsonAsyncCore[T](HttpContent content, JsonSerializerOptions options, CancellationToken cancellationToken)
   at SuperPanel.WebAPI.Tests.DatabasesControllerIntegrationTests.CreateServerAsync(Int32 userId) in /home/james/superpanel/superpanel/src/SuperPanel.WebAPI.Tests/DatabasesControllerIntegrationTests.cs:line 97
   at SuperPanel.WebAPI.Tests.DatabasesControllerIntegrationTests.UpdateDatabase_WithoutOwnership_ShouldReturnForbidden() in /home/james/superpanel/superpanel/src/SuperPanel.WebAPI.Tests/DatabasesControllerIntegrationTests.cs:line 387
--- End of stack trace from previous location ---
----- Inner Stack Trace -----
   at System.Text.Json.ThrowHelper.ThrowJsonReaderException(Utf8JsonReader&amp; json, ExceptionResource resource, Byte nextByte, ReadOnlySpan`1 bytes)
   at System.Text.Json.Utf8JsonReader.Read()
   at System.Text.Json.Serialization.JsonConverter`1.ReadCore(Utf8JsonReader&amp; reader, JsonSerializerOptions options, ReadStack&amp; state)</stack-trace>
        </failure>
        <traits />
      </test>
      <test name="SuperPanel.WebAPI.Tests.DatabasesControllerIntegrationTests.GetDatabases_AsAdministrator_ShouldReturnAllDatabases" type="SuperPanel.WebAPI.Tests.DatabasesControllerIntegrationTests" method="GetDatabases_AsAdministrator_ShouldReturnAllDatabases" time="0.4831785" result="Fail">
        <failure>
          <message>System.Text.Json.JsonException : The input does not contain any JSON tokens. Expected the input to start with a valid JSON token, when isFinalBlock is true. Path: $ | LineNumber: 0 | BytePositionInLine: 0.
---- System.Text.Json.JsonReaderException : The input does not contain any JSON tokens. Expected the input to start with a valid JSON token, when isFinalBlock is true. LineNumber: 0 | BytePositionInLine: 0.</message>
          <stack-trace>   at System.Text.Json.ThrowHelper.ReThrowWithPath(ReadStack&amp; state, JsonReaderException ex)
   at System.Text.Json.Serialization.JsonConverter`1.ReadCore(Utf8JsonReader&amp; reader, JsonSerializerOptions options, ReadStack&amp; state)
   at System.Text.Json.Serialization.Metadata.JsonTypeInfo`1.ContinueDeserialize(ReadBufferState&amp; bufferState, JsonReaderState&amp; jsonReaderState, ReadStack&amp; readStack)
   at System.Text.Json.Serialization.Metadata.JsonTypeInfo`1.DeserializeAsync(Stream utf8Json, CancellationToken cancellationToken)
   at System.Net.Http.Json.HttpContentJsonExtensions.ReadFromJsonAsyncCore[T](HttpContent content, JsonSerializerOptions options, CancellationToken cancellationToken)
   at SuperPanel.WebAPI.Tests.DatabasesControllerIntegrationTests.CreateServerAsync(Int32 userId) in /home/james/superpanel/superpanel/src/SuperPanel.WebAPI.Tests/DatabasesControllerIntegrationTests.cs:line 97
   at SuperPanel.WebAPI.Tests.DatabasesControllerIntegrationTests.GetDatabases_AsAdministrator_ShouldReturnAllDatabases() in /home/james/superpanel/superpanel/src/SuperPanel.WebAPI.Tests/DatabasesControllerIntegrationTests.cs:line 457
--- End of stack trace from previous location ---
----- Inner Stack Trace -----
   at System.Text.Json.ThrowHelper.ThrowJsonReaderException(Utf8JsonReader&amp; json, ExceptionResource resource, Byte nextByte, ReadOnlySpan`1 bytes)
   at System.Text.Json.Utf8JsonReader.Read()
   at System.Text.Json.Serialization.JsonConverter`1.ReadCore(Utf8JsonReader&amp; reader, JsonSerializerOptions options, ReadStack&amp; state)</stack-trace>
        </failure>
        <traits />
      </test>
      <test name="SuperPanel.WebAPI.Tests.DatabasesControllerIntegrationTests.GetDatabaseById_WithoutOwnership_ShouldReturnForbidden" type="SuperPanel.WebAPI.Tests.DatabasesControllerIntegrationTests" method="GetDatabaseById_WithoutOwnership_ShouldReturnForbidden" time="0.5077024" result="Fail">
        <failure>
          <message>System.Text.Json.JsonException : The input does not contain any JSON tokens. Expected the input to start with a valid JSON token, when isFinalBlock is true. Path: $ | LineNumber: 0 | BytePositionInLine: 0.
---- System.Text.Json.JsonReaderException : The input does not contain any JSON tokens. Expected the input to start with a valid JSON token, when isFinalBlock is true. LineNumber: 0 | BytePositionInLine: 0.</message>
          <stack-trace>   at System.Text.Json.ThrowHelper.ReThrowWithPath(ReadStack&amp; state, JsonReaderException ex)
   at System.Text.Json.Serialization.JsonConverter`1.ReadCore(Utf8JsonReader&amp; reader, JsonSerializerOptions options, ReadStack&amp; state)
   at System.Text.Json.Serialization.Metadata.JsonTypeInfo`1.ContinueDeserialize(ReadBufferState&amp; bufferState, JsonReaderState&amp; jsonReaderState, ReadStack&amp; readStack)
   at System.Text.Json.Serialization.Metadata.JsonTypeInfo`1.DeserializeAsync(Stream utf8Json, CancellationToken cancellationToken)
   at System.Net.Http.Json.HttpContentJsonExtensions.ReadFromJsonAsyncCore[T](HttpContent content, JsonSerializerOptions options, CancellationToken cancellationToken)
   at SuperPanel.WebAPI.Tests.DatabasesControllerIntegrationTests.CreateServerAsync(Int32 userId) in /home/james/superpanel/superpanel/src/SuperPanel.WebAPI.Tests/DatabasesControllerIntegrationTests.cs:line 97
   at SuperPanel.WebAPI.Tests.DatabasesControllerIntegrationTests.GetDatabaseById_WithoutOwnership_ShouldReturnForbidden() in /home/james/superpanel/superpanel/src/SuperPanel.WebAPI.Tests/DatabasesControllerIntegrationTests.cs:line 358
--- End of stack trace from previous location ---
----- Inner Stack Trace -----
   at System.Text.Json.ThrowHelper.ThrowJsonReaderException(Utf8JsonReader&amp; json, ExceptionResource resource, Byte nextByte, ReadOnlySpan`1 bytes)
   at System.Text.Json.Utf8JsonReader.Read()
   at System.Text.Json.Serialization.JsonConverter`1.ReadCore(Utf8JsonReader&amp; reader, JsonSerializerOptions options, ReadStack&amp; state)</stack-trace>
        </failure>
        <traits />
      </test>
      <test name="SuperPanel.WebAPI.Tests.DatabasesControllerIntegrationTests.DeleteDatabase_WithNonExistentId_ShouldReturnNotFound" type="SuperPanel.WebAPI.Tests.DatabasesControllerIntegrationTests" method="DeleteDatabase_WithNonExistentId_ShouldReturnNotFound" time="0.4414615" result="Fail">
        <failure>
          <message>Expected response.StatusCode to be HttpStatusCode.NotFound {value: 404}, but found HttpStatusCode.Unauthorized {value: 401}.</message>
          <stack-trace>   at FluentAssertions.Execution.XUnit2TestFramework.Throw(String message)
   at FluentAssertions.Execution.TestFrameworkProvider.Throw(String message)
   at FluentAssertions.Execution.DefaultAssertionStrategy.HandleFailure(String message)
   at FluentAssertions.Execution.AssertionScope.FailWith(Func`1 failReasonFunc)
   at FluentAssertions.Execution.AssertionScope.FailWith(Func`1 failReasonFunc)
   at FluentAssertions.Execution.AssertionScope.FailWith(String message, Object[] args)
   at FluentAssertions.Primitives.EnumAssertions`2.Be(TEnum expected, String because, Object[] becauseArgs)
   at SuperPanel.WebAPI.Tests.DatabasesControllerIntegrationTests.DeleteDatabase_WithNonExistentId_ShouldReturnNotFound() in /home/james/superpanel/superpanel/src/SuperPanel.WebAPI.Tests/DatabasesControllerIntegrationTests.cs:line 588
--- End of stack trace from previous location ---</stack-trace>
        </failure>
        <traits />
      </test>
      <test name="SuperPanel.WebAPI.Tests.DatabasesControllerIntegrationTests.UpdateDatabase_WithNonExistentId_ShouldReturnNotFound" type="SuperPanel.WebAPI.Tests.DatabasesControllerIntegrationTests" method="UpdateDatabase_WithNonExistentId_ShouldReturnNotFound" time="0.4292507" result="Fail">
        <failure>
          <message>Expected response.StatusCode to be HttpStatusCode.NotFound {value: 404}, but found HttpStatusCode.Unauthorized {value: 401}.</message>
          <stack-trace>   at FluentAssertions.Execution.XUnit2TestFramework.Throw(String message)
   at FluentAssertions.Execution.TestFrameworkProvider.Throw(String message)
   at FluentAssertions.Execution.DefaultAssertionStrategy.HandleFailure(String message)
   at FluentAssertions.Execution.AssertionScope.FailWith(Func`1 failReasonFunc)
   at FluentAssertions.Execution.AssertionScope.FailWith(Func`1 failReasonFunc)
   at FluentAssertions.Execution.AssertionScope.FailWith(String message, Object[] args)
   at FluentAssertions.Primitives.EnumAssertions`2.Be(TEnum expected, String because, Object[] becauseArgs)
   at SuperPanel.WebAPI.Tests.DatabasesControllerIntegrationTests.UpdateDatabase_WithNonExistentId_ShouldReturnNotFound() in /home/james/superpanel/superpanel/src/SuperPanel.WebAPI.Tests/DatabasesControllerIntegrationTests.cs:line 574
--- End of stack trace from previous location ---</stack-trace>
        </failure>
        <traits />
      </test>
      <test name="SuperPanel.WebAPI.Tests.DatabasesControllerIntegrationTests.UpdateDatabase_WithOwnership_ShouldReturnUpdatedDatabase" type="SuperPanel.WebAPI.Tests.DatabasesControllerIntegrationTests" method="UpdateDatabase_WithOwnership_ShouldReturnUpdatedDatabase" time="0.4454396" result="Fail">
        <failure>
          <message>System.Text.Json.JsonException : The input does not contain any JSON tokens. Expected the input to start with a valid JSON token, when isFinalBlock is true. Path: $ | LineNumber: 0 | BytePositionInLine: 0.
---- System.Text.Json.JsonReaderException : The input does not contain any JSON tokens. Expected the input to start with a valid JSON token, when isFinalBlock is true. LineNumber: 0 | BytePositionInLine: 0.</message>
          <stack-trace>   at System.Text.Json.ThrowHelper.ReThrowWithPath(ReadStack&amp; state, JsonReaderException ex)
   at System.Text.Json.Serialization.JsonConverter`1.ReadCore(Utf8JsonReader&amp; reader, JsonSerializerOptions options, ReadStack&amp; state)
   at System.Text.Json.Serialization.Metadata.JsonTypeInfo`1.ContinueDeserialize(ReadBufferState&amp; bufferState, JsonReaderState&amp; jsonReaderState, ReadStack&amp; readStack)
   at System.Text.Json.Serialization.Metadata.JsonTypeInfo`1.DeserializeAsync(Stream utf8Json, CancellationToken cancellationToken)
   at System.Net.Http.Json.HttpContentJsonExtensions.ReadFromJsonAsyncCore[T](HttpContent content, JsonSerializerOptions options, CancellationToken cancellationToken)
   at SuperPanel.WebAPI.Tests.DatabasesControllerIntegrationTests.CreateServerAsync(Int32 userId) in /home/james/superpanel/superpanel/src/SuperPanel.WebAPI.Tests/DatabasesControllerIntegrationTests.cs:line 97
   at SuperPanel.WebAPI.Tests.DatabasesControllerIntegrationTests.UpdateDatabase_WithOwnership_ShouldReturnUpdatedDatabase() in /home/james/superpanel/superpanel/src/SuperPanel.WebAPI.Tests/DatabasesControllerIntegrationTests.cs:line 238
--- End of stack trace from previous location ---
----- Inner Stack Trace -----
   at System.Text.Json.ThrowHelper.ThrowJsonReaderException(Utf8JsonReader&amp; json, ExceptionResource resource, Byte nextByte, ReadOnlySpan`1 bytes)
   at System.Text.Json.Utf8JsonReader.Read()
   at System.Text.Json.Serialization.JsonConverter`1.ReadCore(Utf8JsonReader&amp; reader, JsonSerializerOptions options, ReadStack&amp; state)</stack-trace>
        </failure>
        <traits />
      </test>
      <test name="SuperPanel.WebAPI.Tests.DatabasesControllerIntegrationTests.DeleteDatabase_WithOwnership_ShouldReturnNoContent" type="SuperPanel.WebAPI.Tests.DatabasesControllerIntegrationTests" method="DeleteDatabase_WithOwnership_ShouldReturnNoContent" time="0.4259250" result="Fail">
        <failure>
          <message>System.Text.Json.JsonException : The input does not contain any JSON tokens. Expected the input to start with a valid JSON token, when isFinalBlock is true. Path: $ | LineNumber: 0 | BytePositionInLine: 0.
---- System.Text.Json.JsonReaderException : The input does not contain any JSON tokens. Expected the input to start with a valid JSON token, when isFinalBlock is true. LineNumber: 0 | BytePositionInLine: 0.</message>
          <stack-trace>   at System.Text.Json.ThrowHelper.ReThrowWithPath(ReadStack&amp; state, JsonReaderException ex)
   at System.Text.Json.Serialization.JsonConverter`1.ReadCore(Utf8JsonReader&amp; reader, JsonSerializerOptions options, ReadStack&amp; state)
   at System.Text.Json.Serialization.Metadata.JsonTypeInfo`1.ContinueDeserialize(ReadBufferState&amp; bufferState, JsonReaderState&amp; jsonReaderState, ReadStack&amp; readStack)
   at System.Text.Json.Serialization.Metadata.JsonTypeInfo`1.DeserializeAsync(Stream utf8Json, CancellationToken cancellationToken)
   at System.Net.Http.Json.HttpContentJsonExtensions.ReadFromJsonAsyncCore[T](HttpContent content, JsonSerializerOptions options, CancellationToken cancellationToken)
   at SuperPanel.WebAPI.Tests.DatabasesControllerIntegrationTests.CreateServerAsync(Int32 userId) in /home/james/superpanel/superpanel/src/SuperPanel.WebAPI.Tests/DatabasesControllerIntegrationTests.cs:line 97
   at SuperPanel.WebAPI.Tests.DatabasesControllerIntegrationTests.DeleteDatabase_WithOwnership_ShouldReturnNoContent() in /home/james/superpanel/superpanel/src/SuperPanel.WebAPI.Tests/DatabasesControllerIntegrationTests.cs:line 283
--- End of stack trace from previous location ---
----- Inner Stack Trace -----
   at System.Text.Json.ThrowHelper.ThrowJsonReaderException(Utf8JsonReader&amp; json, ExceptionResource resource, Byte nextByte, ReadOnlySpan`1 bytes)
   at System.Text.Json.Utf8JsonReader.Read()
   at System.Text.Json.Serialization.JsonConverter`1.ReadCore(Utf8JsonReader&amp; reader, JsonSerializerOptions options, ReadStack&amp; state)</stack-trace>
        </failure>
        <traits />
      </test>
      <test name="SuperPanel.WebAPI.Tests.DatabasesControllerIntegrationTests.GetDatabases_WithoutAuthentication_ShouldReturnUnauthorized" type="SuperPanel.WebAPI.Tests.DatabasesControllerIntegrationTests" method="GetDatabases_WithoutAuthentication_ShouldReturnUnauthorized" time="0.2783175" result="Pass">
        <traits />
      </test>
      <test name="SuperPanel.WebAPI.Tests.DatabasesControllerIntegrationTests.CreateDatabase_WithValidData_ShouldReturnCreatedDatabase" type="SuperPanel.WebAPI.Tests.DatabasesControllerIntegrationTests" method="CreateDatabase_WithValidData_ShouldReturnCreatedDatabase" time="0.4113922" result="Fail">
        <failure>
          <message>System.Text.Json.JsonException : The input does not contain any JSON tokens. Expected the input to start with a valid JSON token, when isFinalBlock is true. Path: $ | LineNumber: 0 | BytePositionInLine: 0.
---- System.Text.Json.JsonReaderException : The input does not contain any JSON tokens. Expected the input to start with a valid JSON token, when isFinalBlock is true. LineNumber: 0 | BytePositionInLine: 0.</message>
          <stack-trace>   at System.Text.Json.ThrowHelper.ReThrowWithPath(ReadStack&amp; state, JsonReaderException ex)
   at System.Text.Json.Serialization.JsonConverter`1.ReadCore(Utf8JsonReader&amp; reader, JsonSerializerOptions options, ReadStack&amp; state)
   at System.Text.Json.Serialization.Metadata.JsonTypeInfo`1.ContinueDeserialize(ReadBufferState&amp; bufferState, JsonReaderState&amp; jsonReaderState, ReadStack&amp; readStack)
   at System.Text.Json.Serialization.Metadata.JsonTypeInfo`1.DeserializeAsync(Stream utf8Json, CancellationToken cancellationToken)
   at System.Net.Http.Json.HttpContentJsonExtensions.ReadFromJsonAsyncCore[T](HttpContent content, JsonSerializerOptions options, CancellationToken cancellationToken)
   at SuperPanel.WebAPI.Tests.DatabasesControllerIntegrationTests.CreateServerAsync(Int32 userId) in /home/james/superpanel/superpanel/src/SuperPanel.WebAPI.Tests/DatabasesControllerIntegrationTests.cs:line 97
   at SuperPanel.WebAPI.Tests.DatabasesControllerIntegrationTests.CreateDatabase_WithValidData_ShouldReturnCreatedDatabase() in /home/james/superpanel/superpanel/src/SuperPanel.WebAPI.Tests/DatabasesControllerIntegrationTests.cs:line 175
--- End of stack trace from previous location ---
----- Inner Stack Trace -----
   at System.Text.Json.ThrowHelper.ThrowJsonReaderException(Utf8JsonReader&amp; json, ExceptionResource resource, Byte nextByte, ReadOnlySpan`1 bytes)
   at System.Text.Json.Utf8JsonReader.Read()
   at System.Text.Json.Serialization.JsonConverter`1.ReadCore(Utf8JsonReader&amp; reader, JsonSerializerOptions options, ReadStack&amp; state)</stack-trace>
        </failure>
        <traits />
      </test>
      <test name="SuperPanel.WebAPI.Tests.DatabasesControllerIntegrationTests.UpdateDatabase_AsAdministrator_ShouldSucceedForAnyDatabase" type="SuperPanel.WebAPI.Tests.DatabasesControllerIntegrationTests" method="UpdateDatabase_AsAdministrator_ShouldSucceedForAnyDatabase" time="0.4275612" result="Fail">
        <failure>
          <message>System.Text.Json.JsonException : The input does not contain any JSON tokens. Expected the input to start with a valid JSON token, when isFinalBlock is true. Path: $ | LineNumber: 0 | BytePositionInLine: 0.
---- System.Text.Json.JsonReaderException : The input does not contain any JSON tokens. Expected the input to start with a valid JSON token, when isFinalBlock is true. LineNumber: 0 | BytePositionInLine: 0.</message>
          <stack-trace>   at System.Text.Json.ThrowHelper.ReThrowWithPath(ReadStack&amp; state, JsonReaderException ex)
   at System.Text.Json.Serialization.JsonConverter`1.ReadCore(Utf8JsonReader&amp; reader, JsonSerializerOptions options, ReadStack&amp; state)
   at System.Text.Json.Serialization.Metadata.JsonTypeInfo`1.ContinueDeserialize(ReadBufferState&amp; bufferState, JsonReaderState&amp; jsonReaderState, ReadStack&amp; readStack)
   at System.Text.Json.Serialization.Metadata.JsonTypeInfo`1.DeserializeAsync(Stream utf8Json, CancellationToken cancellationToken)
   at System.Net.Http.Json.HttpContentJsonExtensions.ReadFromJsonAsyncCore[T](HttpContent content, JsonSerializerOptions options, CancellationToken cancellationToken)
   at SuperPanel.WebAPI.Tests.DatabasesControllerIntegrationTests.CreateServerAsync(Int32 userId) in /home/james/superpanel/superpanel/src/SuperPanel.WebAPI.Tests/DatabasesControllerIntegrationTests.cs:line 97
   at SuperPanel.WebAPI.Tests.DatabasesControllerIntegrationTests.UpdateDatabase_AsAdministrator_ShouldSucceedForAnyDatabase() in /home/james/superpanel/superpanel/src/SuperPanel.WebAPI.Tests/DatabasesControllerIntegrationTests.cs:line 501
--- End of stack trace from previous location ---
----- Inner Stack Trace -----
   at System.Text.Json.ThrowHelper.ThrowJsonReaderException(Utf8JsonReader&amp; json, ExceptionResource resource, Byte nextByte, ReadOnlySpan`1 bytes)
   at System.Text.Json.Utf8JsonReader.Read()
   at System.Text.Json.Serialization.JsonConverter`1.ReadCore(Utf8JsonReader&amp; reader, JsonSerializerOptions options, ReadStack&amp; state)</stack-trace>
        </failure>
        <traits />
      </test>
    </collection>
    <collection total="20" passed="20" failed="0" skipped="0" name="Test collection for SuperPanel.WebAPI.Tests.DatabaseServiceTests" time="1.453">
      <test name="SuperPanel.WebAPI.Tests.DatabaseServiceTests.CreateDatabaseAsync_WithDifferentStatuses_ShouldPreserveStatus(status: Suspended)" type="SuperPanel.WebAPI.Tests.DatabaseServiceTests" method="CreateDatabaseAsync_WithDifferentStatuses_ShouldPreserveStatus(status: Suspended)" time="1.2017184" result="Pass">
        <traits />
      </test>
      <test name="SuperPanel.WebAPI.Tests.DatabaseServiceTests.CreateDatabaseAsync_WithDifferentStatuses_ShouldPreserveStatus(status: Inactive)" type="SuperPanel.WebAPI.Tests.DatabaseServiceTests" method="CreateDatabaseAsync_WithDifferentStatuses_ShouldPreserveStatus(status: Inactive)" time="0.0017389" result="Pass">
        <traits />
      </test>
      <test name="SuperPanel.WebAPI.Tests.DatabaseServiceTests.CreateDatabaseAsync_WithDifferentStatuses_ShouldPreserveStatus(status: Active)" type="SuperPanel.WebAPI.Tests.DatabaseServiceTests" method="CreateDatabaseAsync_WithDifferentStatuses_ShouldPreserveStatus(status: Active)" time="0.0011614" result="Pass">
        <traits />
      </test>
      <test name="SuperPanel.WebAPI.Tests.DatabaseServiceTests.GetDatabasesByServerIdAsync_ShouldReturnServerDatabases" type="SuperPanel.WebAPI.Tests.DatabaseServiceTests" method="GetDatabasesByServerIdAsync_ShouldReturnServerDatabases" time="0.0919250" result="Pass">
        <traits />
      </test>
      <test name="SuperPanel.WebAPI.Tests.DatabaseServiceTests.DeleteDatabaseAsync_WithValidId_ShouldReturnTrue" type="SuperPanel.WebAPI.Tests.DatabaseServiceTests" method="DeleteDatabaseAsync_WithValidId_ShouldReturnTrue" time="0.0207986" result="Pass">
        <traits />
      </test>
      <test name="SuperPanel.WebAPI.Tests.DatabaseServiceTests.UpdateDatabaseAsync_ShouldUpdateBackupDate" type="SuperPanel.WebAPI.Tests.DatabaseServiceTests" method="UpdateDatabaseAsync_ShouldUpdateBackupDate" time="0.0054339" result="Pass">
        <traits />
      </test>
      <test name="SuperPanel.WebAPI.Tests.DatabaseServiceTests.GetDatabaseByIdAsync_WithValidId_ShouldReturnDatabase" type="SuperPanel.WebAPI.Tests.DatabaseServiceTests" method="GetDatabaseByIdAsync_WithValidId_ShouldReturnDatabase" time="0.0503582" result="Pass">
        <traits />
      </test>
      <test name="SuperPanel.WebAPI.Tests.DatabaseServiceTests.CreateDatabaseAsync_MultipleDatabases_ShouldAssignUniqueIds" type="SuperPanel.WebAPI.Tests.DatabaseServiceTests" method="CreateDatabaseAsync_MultipleDatabases_ShouldAssignUniqueIds" time="0.0041469" result="Pass">
        <traits />
      </test>
      <test name="SuperPanel.WebAPI.Tests.DatabaseServiceTests.DeleteDatabaseAsync_WithInvalidId_ShouldReturnFalse" type="SuperPanel.WebAPI.Tests.DatabaseServiceTests" method="DeleteDatabaseAsync_WithInvalidId_ShouldReturnFalse" time="0.0024620" result="Pass">
        <traits />
      </test>
      <test name="SuperPanel.WebAPI.Tests.DatabaseServiceTests.UpdateDatabaseAsync_ShouldNotChangeCreatedAt" type="SuperPanel.WebAPI.Tests.DatabaseServiceTests" method="UpdateDatabaseAsync_ShouldNotChangeCreatedAt" time="0.0024887" result="Pass">
        <traits />
      </test>
      <test name="SuperPanel.WebAPI.Tests.DatabaseServiceTests.GetAllDatabasesAsync_ShouldReturnAllDatabases" type="SuperPanel.WebAPI.Tests.DatabaseServiceTests" method="GetAllDatabasesAsync_ShouldReturnAllDatabases" time="0.0305768" result="Pass">
        <traits />
      </test>
      <test name="SuperPanel.WebAPI.Tests.DatabaseServiceTests.UpdateDatabaseAsync_WithInvalidId_ShouldReturnNull" type="SuperPanel.WebAPI.Tests.DatabaseServiceTests" method="UpdateDatabaseAsync_WithInvalidId_ShouldReturnNull" time="0.0043545" result="Pass">
        <traits />
      </test>
      <test name="SuperPanel.WebAPI.Tests.DatabaseServiceTests.CreateDatabaseAsync_ShouldSetCreatedAtToUtcNow" type="SuperPanel.WebAPI.Tests.DatabaseServiceTests" method="CreateDatabaseAsync_ShouldSetCreatedAtToUtcNow" time="0.0026932" result="Pass">
        <traits />
      </test>
      <test name="SuperPanel.WebAPI.Tests.DatabaseServiceTests.GetDatabaseByIdAsync_WithInvalidId_ShouldReturnNull" type="SuperPanel.WebAPI.Tests.DatabaseServiceTests" method="GetDatabaseByIdAsync_WithInvalidId_ShouldReturnNull" time="0.0020140" result="Pass">
        <traits />
      </test>
      <test name="SuperPanel.WebAPI.Tests.DatabaseServiceTests.UpdateDatabaseAsync_WithValidId_ShouldUpdateAndReturnDatabase" type="SuperPanel.WebAPI.Tests.DatabaseServiceTests" method="UpdateDatabaseAsync_WithValidId_ShouldUpdateAndReturnDatabase" time="0.0020345" result="Pass">
        <traits />
      </test>
      <test name="SuperPanel.WebAPI.Tests.DatabaseServiceTests.GetDatabaseByIdAsync_ShouldIncludeServerRelation" type="SuperPanel.WebAPI.Tests.DatabaseServiceTests" method="GetDatabaseByIdAsync_ShouldIncludeServerRelation" time="0.0017359" result="Pass">
        <traits />
      </test>
      <test name="SuperPanel.WebAPI.Tests.DatabaseServiceTests.CreateDatabaseAsync_ShouldCreateAndReturnDatabase" type="SuperPanel.WebAPI.Tests.DatabaseServiceTests" method="CreateDatabaseAsync_ShouldCreateAndReturnDatabase" time="0.0022167" result="Pass">
        <traits />
      </test>
      <test name="SuperPanel.WebAPI.Tests.DatabaseServiceTests.GetDatabasesByServerIdAsync_WithNoMatches_ShouldReturnEmptyList" type="SuperPanel.WebAPI.Tests.DatabaseServiceTests" method="GetDatabasesByServerIdAsync_WithNoMatches_ShouldReturnEmptyList" time="0.0067568" result="Pass">
        <traits />
      </test>
      <test name="SuperPanel.WebAPI.Tests.DatabaseServiceTests.GetDatabasesByServerIdAsync_ShouldIncludeUsersRelation" type="SuperPanel.WebAPI.Tests.DatabaseServiceTests" method="GetDatabasesByServerIdAsync_ShouldIncludeUsersRelation" time="0.0162553" result="Pass">
        <traits />
      </test>
      <test name="SuperPanel.WebAPI.Tests.DatabaseServiceTests.GetAllDatabasesAsync_ShouldIncludeServerRelation" type="SuperPanel.WebAPI.Tests.DatabaseServiceTests" method="GetAllDatabasesAsync_ShouldIncludeServerRelation" time="0.0021496" result="Pass">
        <traits />
      </test>
    </collection>
    <collection total="16" passed="2" failed="14" skipped="0" name="Test collection for SuperPanel.WebAPI.Tests.ServersControllerIntegrationTests" time="9.635">
      <test name="SuperPanel.WebAPI.Tests.ServersControllerIntegrationTests.UpdateServerStatus_WithValidStatus_ShouldSucceed" type="SuperPanel.WebAPI.Tests.ServersControllerIntegrationTests" method="UpdateServerStatus_WithValidStatus_ShouldSucceed" time="2.8571956" result="Fail">
        <failure>
          <message>System.Text.Json.JsonException : The input does not contain any JSON tokens. Expected the input to start with a valid JSON token, when isFinalBlock is true. Path: $ | LineNumber: 0 | BytePositionInLine: 0.
---- System.Text.Json.JsonReaderException : The input does not contain any JSON tokens. Expected the input to start with a valid JSON token, when isFinalBlock is true. LineNumber: 0 | BytePositionInLine: 0.</message>
          <stack-trace>   at System.Text.Json.ThrowHelper.ReThrowWithPath(ReadStack&amp; state, JsonReaderException ex)
   at System.Text.Json.Serialization.JsonConverter`1.ReadCore(Utf8JsonReader&amp; reader, JsonSerializerOptions options, ReadStack&amp; state)
   at System.Text.Json.Serialization.Metadata.JsonTypeInfo`1.ContinueDeserialize(ReadBufferState&amp; bufferState, JsonReaderState&amp; jsonReaderState, ReadStack&amp; readStack)
   at System.Text.Json.Serialization.Metadata.JsonTypeInfo`1.DeserializeAsync(Stream utf8Json, CancellationToken cancellationToken)
   at System.Net.Http.Json.HttpContentJsonExtensions.ReadFromJsonAsyncCore[T](HttpContent content, JsonSerializerOptions options, CancellationToken cancellationToken)
   at SuperPanel.WebAPI.Tests.ServersControllerIntegrationTests.UpdateServerStatus_WithValidStatus_ShouldSucceed() in /home/james/superpanel/superpanel/src/SuperPanel.WebAPI.Tests/ServersControllerIntegrationTests.cs:line 519
--- End of stack trace from previous location ---
----- Inner Stack Trace -----
   at System.Text.Json.ThrowHelper.ThrowJsonReaderException(Utf8JsonReader&amp; json, ExceptionResource resource, Byte nextByte, ReadOnlySpan`1 bytes)
   at System.Text.Json.Utf8JsonReader.Read()
   at System.Text.Json.Serialization.JsonConverter`1.ReadCore(Utf8JsonReader&amp; reader, JsonSerializerOptions options, ReadStack&amp; state)</stack-trace>
        </failure>
        <traits />
      </test>
      <test name="SuperPanel.WebAPI.Tests.ServersControllerIntegrationTests.UpdateServer_WithoutOwnership_ShouldReturnForbidden" type="SuperPanel.WebAPI.Tests.ServersControllerIntegrationTests" method="UpdateServer_WithoutOwnership_ShouldReturnForbidden" time="0.4944047" result="Fail">
        <failure>
          <message>System.Text.Json.JsonException : The input does not contain any JSON tokens. Expected the input to start with a valid JSON token, when isFinalBlock is true. Path: $ | LineNumber: 0 | BytePositionInLine: 0.
---- System.Text.Json.JsonReaderException : The input does not contain any JSON tokens. Expected the input to start with a valid JSON token, when isFinalBlock is true. LineNumber: 0 | BytePositionInLine: 0.</message>
          <stack-trace>   at System.Text.Json.ThrowHelper.ReThrowWithPath(ReadStack&amp; state, JsonReaderException ex)
   at System.Text.Json.Serialization.JsonConverter`1.ReadCore(Utf8JsonReader&amp; reader, JsonSerializerOptions options, ReadStack&amp; state)
   at System.Text.Json.Serialization.Metadata.JsonTypeInfo`1.ContinueDeserialize(ReadBufferState&amp; bufferState, JsonReaderState&amp; jsonReaderState, ReadStack&amp; readStack)
   at System.Text.Json.Serialization.Metadata.JsonTypeInfo`1.DeserializeAsync(Stream utf8Json, CancellationToken cancellationToken)
   at System.Net.Http.Json.HttpContentJsonExtensions.ReadFromJsonAsyncCore[T](HttpContent content, JsonSerializerOptions options, CancellationToken cancellationToken)
   at SuperPanel.WebAPI.Tests.ServersControllerIntegrationTests.UpdateServer_WithoutOwnership_ShouldReturnForbidden() in /home/james/superpanel/superpanel/src/SuperPanel.WebAPI.Tests/ServersControllerIntegrationTests.cs:line 319
--- End of stack trace from previous location ---
----- Inner Stack Trace -----
   at System.Text.Json.ThrowHelper.ThrowJsonReaderException(Utf8JsonReader&amp; json, ExceptionResource resource, Byte nextByte, ReadOnlySpan`1 bytes)
   at System.Text.Json.Utf8JsonReader.Read()
   at System.Text.Json.Serialization.JsonConverter`1.ReadCore(Utf8JsonReader&amp; reader, JsonSerializerOptions options, ReadStack&amp; state)</stack-trace>
        </failure>
        <traits />
      </test>
      <test name="SuperPanel.WebAPI.Tests.ServersControllerIntegrationTests.GetServerById_WithOwnership_ShouldReturnServer" type="SuperPanel.WebAPI.Tests.ServersControllerIntegrationTests" method="GetServerById_WithOwnership_ShouldReturnServer" time="0.4931994" result="Fail">
        <failure>
          <message>System.Text.Json.JsonException : The input does not contain any JSON tokens. Expected the input to start with a valid JSON token, when isFinalBlock is true. Path: $ | LineNumber: 0 | BytePositionInLine: 0.
---- System.Text.Json.JsonReaderException : The input does not contain any JSON tokens. Expected the input to start with a valid JSON token, when isFinalBlock is true. LineNumber: 0 | BytePositionInLine: 0.</message>
          <stack-trace>   at System.Text.Json.ThrowHelper.ReThrowWithPath(ReadStack&amp; state, JsonReaderException ex)
   at System.Text.Json.Serialization.JsonConverter`1.ReadCore(Utf8JsonReader&amp; reader, JsonSerializerOptions options, ReadStack&amp; state)
   at System.Text.Json.Serialization.Metadata.JsonTypeInfo`1.ContinueDeserialize(ReadBufferState&amp; bufferState, JsonReaderState&amp; jsonReaderState, ReadStack&amp; readStack)
   at System.Text.Json.Serialization.Metadata.JsonTypeInfo`1.DeserializeAsync(Stream utf8Json, CancellationToken cancellationToken)
   at System.Net.Http.Json.HttpContentJsonExtensions.ReadFromJsonAsyncCore[T](HttpContent content, JsonSerializerOptions options, CancellationToken cancellationToken)
   at SuperPanel.WebAPI.Tests.ServersControllerIntegrationTests.GetServerById_WithOwnership_ShouldReturnServer() in /home/james/superpanel/superpanel/src/SuperPanel.WebAPI.Tests/ServersControllerIntegrationTests.cs:line 194
--- End of stack trace from previous location ---
----- Inner Stack Trace -----
   at System.Text.Json.ThrowHelper.ThrowJsonReaderException(Utf8JsonReader&amp; json, ExceptionResource resource, Byte nextByte, ReadOnlySpan`1 bytes)
   at System.Text.Json.Utf8JsonReader.Read()
   at System.Text.Json.Serialization.JsonConverter`1.ReadCore(Utf8JsonReader&amp; reader, JsonSerializerOptions options, ReadStack&amp; state)</stack-trace>
        </failure>
        <traits />
      </test>
      <test name="SuperPanel.WebAPI.Tests.ServersControllerIntegrationTests.DeleteServer_WithNonExistentId_ShouldReturnNotFound" type="SuperPanel.WebAPI.Tests.ServersControllerIntegrationTests" method="DeleteServer_WithNonExistentId_ShouldReturnNotFound" time="0.4917846" result="Fail">
        <failure>
          <message>Expected response.StatusCode to be HttpStatusCode.NotFound {value: 404}, but found HttpStatusCode.Unauthorized {value: 401}.</message>
          <stack-trace>   at FluentAssertions.Execution.XUnit2TestFramework.Throw(String message)
   at FluentAssertions.Execution.TestFrameworkProvider.Throw(String message)
   at FluentAssertions.Execution.DefaultAssertionStrategy.HandleFailure(String message)
   at FluentAssertions.Execution.AssertionScope.FailWith(Func`1 failReasonFunc)
   at FluentAssertions.Execution.AssertionScope.FailWith(Func`1 failReasonFunc)
   at FluentAssertions.Execution.AssertionScope.FailWith(String message, Object[] args)
   at FluentAssertions.Primitives.EnumAssertions`2.Be(TEnum expected, String because, Object[] becauseArgs)
   at SuperPanel.WebAPI.Tests.ServersControllerIntegrationTests.DeleteServer_WithNonExistentId_ShouldReturnNotFound() in /home/james/superpanel/superpanel/src/SuperPanel.WebAPI.Tests/ServersControllerIntegrationTests.cs:line 499
--- End of stack trace from previous location ---</stack-trace>
        </failure>
        <traits />
      </test>
      <test name="SuperPanel.WebAPI.Tests.ServersControllerIntegrationTests.GetServers_WithoutAuthentication_ShouldReturnUnauthorized" type="SuperPanel.WebAPI.Tests.ServersControllerIntegrationTests" method="GetServers_WithoutAuthentication_ShouldReturnUnauthorized" time="0.3164781" result="Pass">
        <traits />
      </test>
      <test name="SuperPanel.WebAPI.Tests.ServersControllerIntegrationTests.UpdateServer_WithOwnership_ShouldReturnUpdatedServer" type="SuperPanel.WebAPI.Tests.ServersControllerIntegrationTests" method="UpdateServer_WithOwnership_ShouldReturnUpdatedServer" time="0.4494010" result="Fail">
        <failure>
          <message>System.Text.Json.JsonException : The input does not contain any JSON tokens. Expected the input to start with a valid JSON token, when isFinalBlock is true. Path: $ | LineNumber: 0 | BytePositionInLine: 0.
---- System.Text.Json.JsonReaderException : The input does not contain any JSON tokens. Expected the input to start with a valid JSON token, when isFinalBlock is true. LineNumber: 0 | BytePositionInLine: 0.</message>
          <stack-trace>   at System.Text.Json.ThrowHelper.ReThrowWithPath(ReadStack&amp; state, JsonReaderException ex)
   at System.Text.Json.Serialization.JsonConverter`1.ReadCore(Utf8JsonReader&amp; reader, JsonSerializerOptions options, ReadStack&amp; state)
   at System.Text.Json.Serialization.Metadata.JsonTypeInfo`1.ContinueDeserialize(ReadBufferState&amp; bufferState, JsonReaderState&amp; jsonReaderState, ReadStack&amp; readStack)
   at System.Text.Json.Serialization.Metadata.JsonTypeInfo`1.DeserializeAsync(Stream utf8Json, CancellationToken cancellationToken)
   at System.Net.Http.Json.HttpContentJsonExtensions.ReadFromJsonAsyncCore[T](HttpContent content, JsonSerializerOptions options, CancellationToken cancellationToken)
   at SuperPanel.WebAPI.Tests.ServersControllerIntegrationTests.UpdateServer_WithOwnership_ShouldReturnUpdatedServer() in /home/james/superpanel/superpanel/src/SuperPanel.WebAPI.Tests/ServersControllerIntegrationTests.cs:line 222
--- End of stack trace from previous location ---
----- Inner Stack Trace -----
   at System.Text.Json.ThrowHelper.ThrowJsonReaderException(Utf8JsonReader&amp; json, ExceptionResource resource, Byte nextByte, ReadOnlySpan`1 bytes)
   at System.Text.Json.Utf8JsonReader.Read()
   at System.Text.Json.Serialization.JsonConverter`1.ReadCore(Utf8JsonReader&amp; reader, JsonSerializerOptions options, ReadStack&amp; state)</stack-trace>
        </failure>
        <traits />
      </test>
      <test name="SuperPanel.WebAPI.Tests.ServersControllerIntegrationTests.GetServers_AsAdministrator_ShouldReturnAllServers" type="SuperPanel.WebAPI.Tests.ServersControllerIntegrationTests" method="GetServers_AsAdministrator_ShouldReturnAllServers" time="0.6903437" result="Fail">
        <failure>
          <message>Expected response.StatusCode to be HttpStatusCode.OK {value: 200}, but found HttpStatusCode.Unauthorized {value: 401}.</message>
          <stack-trace>   at FluentAssertions.Execution.XUnit2TestFramework.Throw(String message)
   at FluentAssertions.Execution.TestFrameworkProvider.Throw(String message)
   at FluentAssertions.Execution.DefaultAssertionStrategy.HandleFailure(String message)
   at FluentAssertions.Execution.AssertionScope.FailWith(Func`1 failReasonFunc)
   at FluentAssertions.Execution.AssertionScope.FailWith(Func`1 failReasonFunc)
   at FluentAssertions.Execution.AssertionScope.FailWith(String message, Object[] args)
   at FluentAssertions.Primitives.EnumAssertions`2.Be(TEnum expected, String because, Object[] becauseArgs)
   at SuperPanel.WebAPI.Tests.ServersControllerIntegrationTests.GetServers_AsAdministrator_ShouldReturnAllServers() in /home/james/superpanel/superpanel/src/SuperPanel.WebAPI.Tests/ServersControllerIntegrationTests.cs:line 400
--- End of stack trace from previous location ---</stack-trace>
        </failure>
        <traits />
      </test>
      <test name="SuperPanel.WebAPI.Tests.ServersControllerIntegrationTests.DeleteServer_WithOwnership_ShouldReturnNoContent" type="SuperPanel.WebAPI.Tests.ServersControllerIntegrationTests" method="DeleteServer_WithOwnership_ShouldReturnNoContent" time="0.4484577" result="Fail">
        <failure>
          <message>System.Text.Json.JsonException : The input does not contain any JSON tokens. Expected the input to start with a valid JSON token, when isFinalBlock is true. Path: $ | LineNumber: 0 | BytePositionInLine: 0.
---- System.Text.Json.JsonReaderException : The input does not contain any JSON tokens. Expected the input to start with a valid JSON token, when isFinalBlock is true. LineNumber: 0 | BytePositionInLine: 0.</message>
          <stack-trace>   at System.Text.Json.ThrowHelper.ReThrowWithPath(ReadStack&amp; state, JsonReaderException ex)
   at System.Text.Json.Serialization.JsonConverter`1.ReadCore(Utf8JsonReader&amp; reader, JsonSerializerOptions options, ReadStack&amp; state)
   at System.Text.Json.Serialization.Metadata.JsonTypeInfo`1.ContinueDeserialize(ReadBufferState&amp; bufferState, JsonReaderState&amp; jsonReaderState, ReadStack&amp; readStack)
   at System.Text.Json.Serialization.Metadata.JsonTypeInfo`1.DeserializeAsync(Stream utf8Json, CancellationToken cancellationToken)
   at System.Net.Http.Json.HttpContentJsonExtensions.ReadFromJsonAsyncCore[T](HttpContent content, JsonSerializerOptions options, CancellationToken cancellationToken)
   at SuperPanel.WebAPI.Tests.ServersControllerIntegrationTests.DeleteServer_WithOwnership_ShouldReturnNoContent() in /home/james/superpanel/superpanel/src/SuperPanel.WebAPI.Tests/ServersControllerIntegrationTests.cs:line 263
--- End of stack trace from previous location ---
----- Inner Stack Trace -----
   at System.Text.Json.ThrowHelper.ThrowJsonReaderException(Utf8JsonReader&amp; json, ExceptionResource resource, Byte nextByte, ReadOnlySpan`1 bytes)
   at System.Text.Json.Utf8JsonReader.Read()
   at System.Text.Json.Serialization.JsonConverter`1.ReadCore(Utf8JsonReader&amp; reader, JsonSerializerOptions options, ReadStack&amp; state)</stack-trace>
        </failure>
        <traits />
      </test>
      <test name="SuperPanel.WebAPI.Tests.ServersControllerIntegrationTests.UpdateServer_AsAdministrator_ShouldSucceedForAnyServer" type="SuperPanel.WebAPI.Tests.ServersControllerIntegrationTests" method="UpdateServer_AsAdministrator_ShouldSucceedForAnyServer" time="0.5010307" result="Fail">
        <failure>
          <message>System.Text.Json.JsonException : The input does not contain any JSON tokens. Expected the input to start with a valid JSON token, when isFinalBlock is true. Path: $ | LineNumber: 0 | BytePositionInLine: 0.
---- System.Text.Json.JsonReaderException : The input does not contain any JSON tokens. Expected the input to start with a valid JSON token, when isFinalBlock is true. LineNumber: 0 | BytePositionInLine: 0.</message>
          <stack-trace>   at System.Text.Json.ThrowHelper.ReThrowWithPath(ReadStack&amp; state, JsonReaderException ex)
   at System.Text.Json.Serialization.JsonConverter`1.ReadCore(Utf8JsonReader&amp; reader, JsonSerializerOptions options, ReadStack&amp; state)
   at System.Text.Json.Serialization.Metadata.JsonTypeInfo`1.ContinueDeserialize(ReadBufferState&amp; bufferState, JsonReaderState&amp; jsonReaderState, ReadStack&amp; readStack)
   at System.Text.Json.Serialization.Metadata.JsonTypeInfo`1.DeserializeAsync(Stream utf8Json, CancellationToken cancellationToken)
   at System.Net.Http.Json.HttpContentJsonExtensions.ReadFromJsonAsyncCore[T](HttpContent content, JsonSerializerOptions options, CancellationToken cancellationToken)
   at SuperPanel.WebAPI.Tests.ServersControllerIntegrationTests.UpdateServer_AsAdministrator_ShouldSucceedForAnyServer() in /home/james/superpanel/superpanel/src/SuperPanel.WebAPI.Tests/ServersControllerIntegrationTests.cs:line 422
--- End of stack trace from previous location ---
----- Inner Stack Trace -----
   at System.Text.Json.ThrowHelper.ThrowJsonReaderException(Utf8JsonReader&amp; json, ExceptionResource resource, Byte nextByte, ReadOnlySpan`1 bytes)
   at System.Text.Json.Utf8JsonReader.Read()
   at System.Text.Json.Serialization.JsonConverter`1.ReadCore(Utf8JsonReader&amp; reader, JsonSerializerOptions options, ReadStack&amp; state)</stack-trace>
        </failure>
        <traits />
      </test>
      <test name="SuperPanel.WebAPI.Tests.ServersControllerIntegrationTests.CreateServer_WithValidData_ShouldReturnCreatedServer" type="SuperPanel.WebAPI.Tests.ServersControllerIntegrationTests" method="CreateServer_WithValidData_ShouldReturnCreatedServer" time="0.4269831" result="Fail">
        <failure>
          <message>Expected response.StatusCode to be HttpStatusCode.Created {value: 201}, but found HttpStatusCode.Unauthorized {value: 401}.</message>
          <stack-trace>   at FluentAssertions.Execution.XUnit2TestFramework.Throw(String message)
   at FluentAssertions.Execution.TestFrameworkProvider.Throw(String message)
   at FluentAssertions.Execution.DefaultAssertionStrategy.HandleFailure(String message)
   at FluentAssertions.Execution.AssertionScope.FailWith(Func`1 failReasonFunc)
   at FluentAssertions.Execution.AssertionScope.FailWith(Func`1 failReasonFunc)
   at FluentAssertions.Execution.AssertionScope.FailWith(String message, Object[] args)
   at FluentAssertions.Primitives.EnumAssertions`2.Be(TEnum expected, String because, Object[] becauseArgs)
   at SuperPanel.WebAPI.Tests.ServersControllerIntegrationTests.CreateServer_WithValidData_ShouldReturnCreatedServer() in /home/james/superpanel/superpanel/src/SuperPanel.WebAPI.Tests/ServersControllerIntegrationTests.cs:line 170
--- End of stack trace from previous location ---</stack-trace>
        </failure>
        <traits />
      </test>
      <test name="SuperPanel.WebAPI.Tests.ServersControllerIntegrationTests.CreateServer_WithoutAuthentication_ShouldReturnUnauthorized" type="SuperPanel.WebAPI.Tests.ServersControllerIntegrationTests" method="CreateServer_WithoutAuthentication_ShouldReturnUnauthorized" time="0.2700419" result="Pass">
        <traits />
      </test>
      <test name="SuperPanel.WebAPI.Tests.ServersControllerIntegrationTests.GetServerById_WithoutOwnership_ShouldReturnForbidden" type="SuperPanel.WebAPI.Tests.ServersControllerIntegrationTests" method="GetServerById_WithoutOwnership_ShouldReturnForbidden" time="0.4522282" result="Fail">
        <failure>
          <message>System.Text.Json.JsonException : The input does not contain any JSON tokens. Expected the input to start with a valid JSON token, when isFinalBlock is true. Path: $ | LineNumber: 0 | BytePositionInLine: 0.
---- System.Text.Json.JsonReaderException : The input does not contain any JSON tokens. Expected the input to start with a valid JSON token, when isFinalBlock is true. LineNumber: 0 | BytePositionInLine: 0.</message>
          <stack-trace>   at System.Text.Json.ThrowHelper.ReThrowWithPath(ReadStack&amp; state, JsonReaderException ex)
   at System.Text.Json.Serialization.JsonConverter`1.ReadCore(Utf8JsonReader&amp; reader, JsonSerializerOptions options, ReadStack&amp; state)
   at System.Text.Json.Serialization.Metadata.JsonTypeInfo`1.ContinueDeserialize(ReadBufferState&amp; bufferState, JsonReaderState&amp; jsonReaderState, ReadStack&amp; readStack)
   at System.Text.Json.Serialization.Metadata.JsonTypeInfo`1.DeserializeAsync(Stream utf8Json, CancellationToken cancellationToken)
   at System.Net.Http.Json.HttpContentJsonExtensions.ReadFromJsonAsyncCore[T](HttpContent content, JsonSerializerOptions options, CancellationToken cancellationToken)
   at SuperPanel.WebAPI.Tests.ServersControllerIntegrationTests.GetServerById_WithoutOwnership_ShouldReturnForbidden() in /home/james/superpanel/superpanel/src/SuperPanel.WebAPI.Tests/ServersControllerIntegrationTests.cs:line 293
--- End of stack trace from previous location ---
----- Inner Stack Trace -----
   at System.Text.Json.ThrowHelper.ThrowJsonReaderException(Utf8JsonReader&amp; json, ExceptionResource resource, Byte nextByte, ReadOnlySpan`1 bytes)
   at System.Text.Json.Utf8JsonReader.Read()
   at System.Text.Json.Serialization.JsonConverter`1.ReadCore(Utf8JsonReader&amp; reader, JsonSerializerOptions options, ReadStack&amp; state)</stack-trace>
        </failure>
        <traits />
      </test>
      <test name="SuperPanel.WebAPI.Tests.ServersControllerIntegrationTests.DeleteServer_WithoutOwnership_ShouldReturnForbidden" type="SuperPanel.WebAPI.Tests.ServersControllerIntegrationTests" method="DeleteServer_WithoutOwnership_ShouldReturnForbidden" time="0.4283037" result="Fail">
        <failure>
          <message>System.Text.Json.JsonException : The input does not contain any JSON tokens. Expected the input to start with a valid JSON token, when isFinalBlock is true. Path: $ | LineNumber: 0 | BytePositionInLine: 0.
---- System.Text.Json.JsonReaderException : The input does not contain any JSON tokens. Expected the input to start with a valid JSON token, when isFinalBlock is true. LineNumber: 0 | BytePositionInLine: 0.</message>
          <stack-trace>   at System.Text.Json.ThrowHelper.ReThrowWithPath(ReadStack&amp; state, JsonReaderException ex)
   at System.Text.Json.Serialization.JsonConverter`1.ReadCore(Utf8JsonReader&amp; reader, JsonSerializerOptions options, ReadStack&amp; state)
   at System.Text.Json.Serialization.Metadata.JsonTypeInfo`1.ContinueDeserialize(ReadBufferState&amp; bufferState, JsonReaderState&amp; jsonReaderState, ReadStack&amp; readStack)
   at System.Text.Json.Serialization.Metadata.JsonTypeInfo`1.DeserializeAsync(Stream utf8Json, CancellationToken cancellationToken)
   at System.Net.Http.Json.HttpContentJsonExtensions.ReadFromJsonAsyncCore[T](HttpContent content, JsonSerializerOptions options, CancellationToken cancellationToken)
   at SuperPanel.WebAPI.Tests.ServersControllerIntegrationTests.DeleteServer_WithoutOwnership_ShouldReturnForbidden() in /home/james/superpanel/superpanel/src/SuperPanel.WebAPI.Tests/ServersControllerIntegrationTests.cs:line 353
--- End of stack trace from previous location ---
----- Inner Stack Trace -----
   at System.Text.Json.ThrowHelper.ThrowJsonReaderException(Utf8JsonReader&amp; json, ExceptionResource resource, Byte nextByte, ReadOnlySpan`1 bytes)
   at System.Text.Json.Utf8JsonReader.Read()
   at System.Text.Json.Serialization.JsonConverter`1.ReadCore(Utf8JsonReader&amp; reader, JsonSerializerOptions options, ReadStack&amp; state)</stack-trace>
        </failure>
        <traits />
      </test>
      <test name="SuperPanel.WebAPI.Tests.ServersControllerIntegrationTests.GetServerById_WithNonExistentId_ShouldReturnNotFound" type="SuperPanel.WebAPI.Tests.ServersControllerIntegrationTests" method="GetServerById_WithNonExistentId_ShouldReturnNotFound" time="0.4481797" result="Fail">
        <failure>
          <message>Expected response.StatusCode to be HttpStatusCode.NotFound {value: 404}, but found HttpStatusCode.Unauthorized {value: 401}.</message>
          <stack-trace>   at FluentAssertions.Execution.XUnit2TestFramework.Throw(String message)
   at FluentAssertions.Execution.TestFrameworkProvider.Throw(String message)
   at FluentAssertions.Execution.DefaultAssertionStrategy.HandleFailure(String message)
   at FluentAssertions.Execution.AssertionScope.FailWith(Func`1 failReasonFunc)
   at FluentAssertions.Execution.AssertionScope.FailWith(Func`1 failReasonFunc)
   at FluentAssertions.Execution.AssertionScope.FailWith(String message, Object[] args)
   at FluentAssertions.Primitives.EnumAssertions`2.Be(TEnum expected, String because, Object[] becauseArgs)
   at SuperPanel.WebAPI.Tests.ServersControllerIntegrationTests.GetServerById_WithNonExistentId_ShouldReturnNotFound() in /home/james/superpanel/superpanel/src/SuperPanel.WebAPI.Tests/ServersControllerIntegrationTests.cs:line 462
--- End of stack trace from previous location ---</stack-trace>
        </failure>
        <traits />
      </test>
      <test name="SuperPanel.WebAPI.Tests.ServersControllerIntegrationTests.GetServers_WithAuthentication_ShouldReturnUserServers" type="SuperPanel.WebAPI.Tests.ServersControllerIntegrationTests" method="GetServers_WithAuthentication_ShouldReturnUserServers" time="0.4273549" result="Fail">
        <failure>
          <message>Expected response.StatusCode to be HttpStatusCode.OK {value: 200}, but found HttpStatusCode.Unauthorized {value: 401}.</message>
          <stack-trace>   at FluentAssertions.Execution.XUnit2TestFramework.Throw(String message)
   at FluentAssertions.Execution.TestFrameworkProvider.Throw(String message)
   at FluentAssertions.Execution.DefaultAssertionStrategy.HandleFailure(String message)
   at FluentAssertions.Execution.AssertionScope.FailWith(Func`1 failReasonFunc)
   at FluentAssertions.Execution.AssertionScope.FailWith(Func`1 failReasonFunc)
   at FluentAssertions.Execution.AssertionScope.FailWith(String message, Object[] args)
   at FluentAssertions.Primitives.EnumAssertions`2.Be(TEnum expected, String because, Object[] becauseArgs)
   at SuperPanel.WebAPI.Tests.ServersControllerIntegrationTests.GetServers_WithAuthentication_ShouldReturnUserServers() in /home/james/superpanel/superpanel/src/SuperPanel.WebAPI.Tests/ServersControllerIntegrationTests.cs:line 143
--- End of stack trace from previous location ---</stack-trace>
        </failure>
        <traits />
      </test>
      <test name="SuperPanel.WebAPI.Tests.ServersControllerIntegrationTests.UpdateServer_WithNonExistentId_ShouldReturnNotFound" type="SuperPanel.WebAPI.Tests.ServersControllerIntegrationTests" method="UpdateServer_WithNonExistentId_ShouldReturnNotFound" time="0.4400102" result="Fail">
        <failure>
          <message>Expected response.StatusCode to be HttpStatusCode.NotFound {value: 404}, but found HttpStatusCode.Unauthorized {value: 401}.</message>
          <stack-trace>   at FluentAssertions.Execution.XUnit2TestFramework.Throw(String message)
   at FluentAssertions.Execution.TestFrameworkProvider.Throw(String message)
   at FluentAssertions.Execution.DefaultAssertionStrategy.HandleFailure(String message)
   at FluentAssertions.Execution.AssertionScope.FailWith(Func`1 failReasonFunc)
   at FluentAssertions.Execution.AssertionScope.FailWith(Func`1 failReasonFunc)
   at FluentAssertions.Execution.AssertionScope.FailWith(String message, Object[] args)
   at FluentAssertions.Primitives.EnumAssertions`2.Be(TEnum expected, String because, Object[] becauseArgs)
   at SuperPanel.WebAPI.Tests.ServersControllerIntegrationTests.UpdateServer_WithNonExistentId_ShouldReturnNotFound() in /home/james/superpanel/superpanel/src/SuperPanel.WebAPI.Tests/ServersControllerIntegrationTests.cs:line 485
--- End of stack trace from previous location ---</stack-trace>
        </failure>
        <traits />
      </test>
    </collection>
    <collection total="16" passed="16" failed="0" skipped="0" name="Test collection for SuperPanel.WebAPI.Tests.ServerServiceTests" time="1.498">
      <test name="SuperPanel.WebAPI.Tests.ServerServiceTests.UpdateServerAsync_ShouldNotChangeCreatedAt" type="SuperPanel.WebAPI.Tests.ServerServiceTests" method="UpdateServerAsync_ShouldNotChangeCreatedAt" time="1.2012643" result="Pass">
        <traits />
      </test>
      <test name="SuperPanel.WebAPI.Tests.ServerServiceTests.UpdateServerStatusAsync_WithInvalidId_ShouldReturnFalse" type="SuperPanel.WebAPI.Tests.ServerServiceTests" method="UpdateServerStatusAsync_WithInvalidId_ShouldReturnFalse" time="0.0840645" result="Pass">
        <traits />
      </test>
      <test name="SuperPanel.WebAPI.Tests.ServerServiceTests.DeleteServerAsync_WithValidId_ShouldReturnTrue" type="SuperPanel.WebAPI.Tests.ServerServiceTests" method="DeleteServerAsync_WithValidId_ShouldReturnTrue" time="0.0213864" result="Pass">
        <traits />
      </test>
      <test name="SuperPanel.WebAPI.Tests.ServerServiceTests.GetServerByIdAsync_WithValidId_ShouldReturnServer" type="SuperPanel.WebAPI.Tests.ServerServiceTests" method="GetServerByIdAsync_WithValidId_ShouldReturnServer" time="0.0512152" result="Pass">
        <traits />
      </test>
      <test name="SuperPanel.WebAPI.Tests.ServerServiceTests.UpdateServerStatusAsync_ToOnline_ShouldUpdateSystemMetrics" type="SuperPanel.WebAPI.Tests.ServerServiceTests" method="UpdateServerStatusAsync_ToOnline_ShouldUpdateSystemMetrics" time="0.0309356" result="Pass">
        <traits />
      </test>
      <test name="SuperPanel.WebAPI.Tests.ServerServiceTests.GetAllServersAsync_ShouldReturnAllServers" type="SuperPanel.WebAPI.Tests.ServerServiceTests" method="GetAllServersAsync_ShouldReturnAllServers" time="0.0293539" result="Pass">
        <traits />
      </test>
      <test name="SuperPanel.WebAPI.Tests.ServerServiceTests.UpdateServerAsync_WithInvalidId_ShouldReturnNull" type="SuperPanel.WebAPI.Tests.ServerServiceTests" method="UpdateServerAsync_WithInvalidId_ShouldReturnNull" time="0.0018103" result="Pass">
        <traits />
      </test>
      <test name="SuperPanel.WebAPI.Tests.ServerServiceTests.UpdateServerStatusAsync_WithValidId_ShouldUpdateStatus" type="SuperPanel.WebAPI.Tests.ServerServiceTests" method="UpdateServerStatusAsync_WithValidId_ShouldUpdateStatus" time="0.0026836" result="Pass">
        <traits />
      </test>
      <test name="SuperPanel.WebAPI.Tests.ServerServiceTests.UpdateServerStatusAsync_ToOffline_ShouldNotUpdateMetrics" type="SuperPanel.WebAPI.Tests.ServerServiceTests" method="UpdateServerStatusAsync_ToOffline_ShouldNotUpdateMetrics" time="0.0023624" result="Pass">
        <traits />
      </test>
      <test name="SuperPanel.WebAPI.Tests.ServerServiceTests.CreateServerAsync_ShouldSetCreatedAtToUtcNow" type="SuperPanel.WebAPI.Tests.ServerServiceTests" method="CreateServerAsync_ShouldSetCreatedAtToUtcNow" time="0.0030474" result="Pass">
        <traits />
      </test>
      <test name="SuperPanel.WebAPI.Tests.ServerServiceTests.DeleteServerAsync_WithInvalidId_ShouldReturnFalse" type="SuperPanel.WebAPI.Tests.ServerServiceTests" method="DeleteServerAsync_WithInvalidId_ShouldReturnFalse" time="0.0021192" result="Pass">
        <traits />
      </test>
      <test name="SuperPanel.WebAPI.Tests.ServerServiceTests.UpdateServerAsync_WithValidId_ShouldUpdateAndReturnServer" type="SuperPanel.WebAPI.Tests.ServerServiceTests" method="UpdateServerAsync_WithValidId_ShouldUpdateAndReturnServer" time="0.0036140" result="Pass">
        <traits />
      </test>
      <test name="SuperPanel.WebAPI.Tests.ServerServiceTests.UpdateServerStatusAsync_WhenMonitoringFails_ShouldStillUpdateStatus" type="SuperPanel.WebAPI.Tests.ServerServiceTests" method="UpdateServerStatusAsync_WhenMonitoringFails_ShouldStillUpdateStatus" time="0.0035499" result="Pass">
        <traits />
      </test>
      <test name="SuperPanel.WebAPI.Tests.ServerServiceTests.CreateServerAsync_ShouldCreateAndReturnServer" type="SuperPanel.WebAPI.Tests.ServerServiceTests" method="CreateServerAsync_ShouldCreateAndReturnServer" time="0.0030896" result="Pass">
        <traits />
      </test>
      <test name="SuperPanel.WebAPI.Tests.ServerServiceTests.GetAllServersAsync_ShouldIncludeRelatedEntities" type="SuperPanel.WebAPI.Tests.ServerServiceTests" method="GetAllServersAsync_ShouldIncludeRelatedEntities" time="0.0549995" result="Pass">
        <traits />
      </test>
      <test name="SuperPanel.WebAPI.Tests.ServerServiceTests.GetServerByIdAsync_WithInvalidId_ShouldReturnNull" type="SuperPanel.WebAPI.Tests.ServerServiceTests" method="GetServerByIdAsync_WithInvalidId_ShouldReturnNull" time="0.0020915" result="Pass">
        <traits />
      </test>
    </collection>
  </assembly>
</assemblies>